#
# There is insufficient memory for the Java Runtime Environment to continue.
# Native memory allocation (malloc) failed to allocate 1881456 bytes for Chunk::new
# Possible reasons:
#   The system is out of physical RAM or swap space
#   The process is running with CompressedOops enabled, and the Java Heap may be blocking the growth of the native heap
# Possible solutions:
#   Reduce memory load on the system
#   Increase physical memory or swap space
#   Check if swap backing store is full
#   Decrease Java heap size (-Xmx/-Xms)
#   Decrease number of Java threads
#   Decrease Java thread stack sizes (-Xss)
#   Set larger code cache with -XX:ReservedCodeCacheSize=
#   JVM is running with Unscaled Compressed Oops mode in which the Java heap is
#     placed in the first 4GB address space. The Java Heap base address is the
#     maximum limit for the native heap growth. Please use -XX:HeapBaseMinAddress
#     to set the Java Heap base and to place the Java Heap above 4GB virtual address.
# This output file may be truncated or incomplete.
#
#  Out of Memory Error (./src/hotspot/share/memory/arena.cpp:197), pid=8644, tid=5724
#
# JRE version: OpenJDK Runtime Environment (11.0.12+7) (build 11.0.12+7-b1504.28-7817840)
# Java VM: OpenJDK 64-Bit Server VM (11.0.12+7-b1504.28-7817840, mixed mode, tiered, compressed oops, g1 gc, windows-amd64)
# No core dump will be written. Minidumps are not enabled by default on client versions of Windows
#

---------------  S U M M A R Y ------------

Command Line: --add-opens=java.base/java.util=ALL-UNNAMED --add-opens=java.base/java.lang=ALL-UNNAMED --add-opens=java.base/java.lang.invoke=ALL-UNNAMED --add-opens=java.base/java.util=ALL-UNNAMED --add-opens=java.prefs/java.util.prefs=ALL-UNNAMED --add-opens=java.prefs/java.util.prefs=ALL-UNNAMED --add-opens=java.base/java.nio.charset=ALL-UNNAMED --add-opens=java.base/java.net=ALL-UNNAMED --add-opens=java.base/java.util.concurrent.atomic=ALL-UNNAMED -Xmx2048m -Dfile.encoding=UTF-8 -Duser.country=IN -Duser.language=en -Duser.variant org.gradle.launcher.daemon.bootstrap.GradleDaemon 7.3.3

Host: Intel(R) Core(TM) i5-8300H CPU @ 2.30GHz, 8 cores, 7G,  Windows 10 , 64 bit Build 22621 (10.0.22621.598)
Time: Sun Oct  2 19:48:55 2022 India Standard Time elapsed time: 7.212938 seconds (0d 0h 0m 7s)

---------------  T H R E A D  ---------------

Current thread (0x000001256ca41800):  JavaThread "C2 CompilerThread2" daemon [_thread_in_native, id=5724, stack(0x0000000626200000,0x0000000626300000)]


Current CompileTask:
C2:   7213 7495       4       org.gradle.internal.instantiation.generator.AbstractClassGenerator::inspectType (560 bytes)

Stack: [0x0000000626200000,0x0000000626300000]
Native frames: (J=compiled Java code, j=interpreted, Vv=VM code, C=native code)
V  [jvm.dll+0x5fbcea]
V  [jvm.dll+0x731905]
V  [jvm.dll+0x732f1d]
V  [jvm.dll+0x7335d3]
V  [jvm.dll+0x247bf8]
V  [jvm.dll+0xc018c]
V  [jvm.dll+0xc06cc]
V  [jvm.dll+0x35b31d]
V  [jvm.dll+0x19d0bc]
V  [jvm.dll+0x20070e]
V  [jvm.dll+0x1ff794]
V  [jvm.dll+0x18868c]
V  [jvm.dll+0x20e0d7]
V  [jvm.dll+0x20c901]
V  [jvm.dll+0x6f9b7f]
V  [jvm.dll+0x6f26a5]
V  [jvm.dll+0x5fabf6]
C  [ucrtbase.dll+0x29363]
C  [KERNEL32.DLL+0x1244d]
C  [ntdll.dll+0x5df78]


---------------  P R O C E S S  ---------------

Threads class SMR info:
_java_thread_list=0x0000012572d03840, length=133, elements={
0x000001254ef78000, 0x000001256941f800, 0x0000012569429000, 0x000001256943c800,
0x000001256943d800, 0x0000012569441000, 0x0000012569444000, 0x0000012569446000,
0x0000012569d99000, 0x0000012569ef4800, 0x000001256c135000, 0x000001256a164800,
0x000001256c66a000, 0x000001256aed8800, 0x000001256be62800, 0x000001256d3a4800,
0x000001256be5f800, 0x000001256c666800, 0x000001256ae23800, 0x000001256bc94800,
0x000001256b8f1000, 0x000001256b8ed000, 0x000001256b8ec000, 0x000001256b8eb800,
0x000001256b8ee000, 0x000001256ca41800, 0x000001256b8ee800, 0x000001256b8ef800,
0x000001256b8f0000, 0x000001256b8f2000, 0x000001256db7e000, 0x000001256db7e800,
0x000001256db81000, 0x000001256db7b800, 0x000001256db82000, 0x000001256db7d000,
0x000001256db7c000, 0x000001256db84800, 0x000001256db82800, 0x000001256db86000,
0x000001256db89000, 0x000001256db87000, 0x000001256db83800, 0x000001256db85000,
0x000001256db88800, 0x000001256db8a000, 0x000001256db87800, 0x000001256ede1800,
0x000001256ede5800, 0x000001256ede6800, 0x000001256ede7000, 0x000001256ede4800,
0x000001256ede8000, 0x000001256ede4000, 0x000001256ede2000, 0x000001256ede8800,
0x000001256ede3000, 0x000001256edef800, 0x000001256ede9800, 0x000001256edeb000,
0x000001256edee800, 0x000001256edea800, 0x000001256eded800, 0x000001256edf0000,
0x000001256edec000, 0x000001256eded000, 0x000001256f673000, 0x000001256f674000,
0x000001256f674800, 0x000001256f675800, 0x000001256f676000, 0x000001256f677000,
0x000001256f671800, 0x000001256f678000, 0x000001256f672000, 0x000001256f67b000,
0x000001256f678800, 0x000001256f67c800, 0x000001256f67c000, 0x000001256f67e800,
0x000001256f67f000, 0x000001256f67a800, 0x000001256f67d800, 0x000001256f679800,
0x000001256f680000, 0x000001256f6a2000, 0x000001256f6a4800, 0x000001256f6a0800,
0x000001256f6a3800, 0x000001256f69f000, 0x000001256f6a3000, 0x000001256f6a1800,
0x000001256f6a5800, 0x000001256f69f800, 0x000001256f6a6000, 0x000001256f6a7000,
0x000001256f6ad800, 0x000001256f6ac800, 0x000001256f6ac000, 0x000001256f6a8000,
0x000001256f6a8800, 0x000001256f6ab000, 0x000001256f6aa000, 0x000001256f6a9800,
0x000001256f9e5000, 0x000001256f9e2800, 0x000001256f9e6000, 0x000001256f9e3800,
0x000001256f9e1000, 0x000001256f9e0000, 0x000001256f9e4800, 0x000001256f9e7000,
0x000001256f9e7800, 0x000001256f9e2000, 0x000001256f9eb800, 0x000001256f9e9000,
0x000001256f9eb000, 0x000001256f9ec800, 0x000001256f9ea000, 0x000001256f9ed800,
0x000001256f9e8800, 0x000001256f9ee000, 0x000001256f9ef000, 0x000001256c5bb800,
0x000001256c5b9000, 0x000001256c5bc800, 0x000001256c5ba000, 0x000001256c5ba800,
0x000001256c5b7800, 0x000001256c5bd000, 0x000001256c5c1000, 0x000001256c5c0800,
0x000001256c5c2000
}

Java Threads: ( => current thread )
  0x000001254ef78000 JavaThread "main" [_thread_blocked, id=9600, stack(0x0000000623a00000,0x0000000623b00000)]
  0x000001256941f800 JavaThread "Reference Handler" daemon [_thread_blocked, id=8712, stack(0x0000000624100000,0x0000000624200000)]
  0x0000012569429000 JavaThread "Finalizer" daemon [_thread_blocked, id=1192, stack(0x0000000624200000,0x0000000624300000)]
  0x000001256943c800 JavaThread "Signal Dispatcher" daemon [_thread_blocked, id=12032, stack(0x0000000624300000,0x0000000624400000)]
  0x000001256943d800 JavaThread "Attach Listener" daemon [_thread_blocked, id=12168, stack(0x0000000624400000,0x0000000624500000)]
  0x0000012569441000 JavaThread "Service Thread" daemon [_thread_blocked, id=4956, stack(0x0000000624500000,0x0000000624600000)]
  0x0000012569444000 JavaThread "C2 CompilerThread0" daemon [_thread_in_native, id=14004, stack(0x0000000624600000,0x0000000624700000)]
  0x0000012569446000 JavaThread "C1 CompilerThread0" daemon [_thread_blocked, id=8716, stack(0x0000000624700000,0x0000000624800000)]
  0x0000012569d99000 JavaThread "Sweeper thread" daemon [_thread_blocked, id=14144, stack(0x0000000624800000,0x0000000624900000)]
  0x0000012569ef4800 JavaThread "Common-Cleaner" daemon [_thread_blocked, id=10068, stack(0x0000000624900000,0x0000000624a00000)]
  0x000001256c135000 JavaThread "Daemon health stats" [_thread_blocked, id=2948, stack(0x0000000624f00000,0x0000000625000000)]
  0x000001256a164800 JavaThread "Incoming local TCP Connector on port 50520" [_thread_in_native, id=4132, stack(0x0000000624b00000,0x0000000624c00000)]
  0x000001256c66a000 JavaThread "Daemon periodic checks" [_thread_blocked, id=7216, stack(0x0000000624e00000,0x0000000624f00000)]
  0x000001256aed8800 JavaThread "Daemon" [_thread_blocked, id=13572, stack(0x0000000625000000,0x0000000625100000)]
  0x000001256be62800 JavaThread "Handler for socket connection from /127.0.0.1:50520 to /127.0.0.1:50521" [_thread_in_native, id=11104, stack(0x0000000625100000,0x0000000625200000)]
  0x000001256d3a4800 JavaThread "Cancel handler" [_thread_blocked, id=11512, stack(0x0000000625200000,0x0000000625300000)]
  0x000001256be5f800 JavaThread "Daemon worker" [_thread_blocked, id=4424, stack(0x0000000625300000,0x0000000625400000)]
  0x000001256c666800 JavaThread "C2 CompilerThread1" daemon [_thread_in_native, id=10976, stack(0x0000000625400000,0x0000000625500000)]
  0x000001256ae23800 JavaThread "Asynchronous log dispatcher for DefaultDaemonConnection: socket connection from /127.0.0.1:50520 to /127.0.0.1:50521" [_thread_blocked, id=4624, stack(0x0000000625500000,0x0000000625600000)]
  0x000001256bc94800 JavaThread "Stdin handler" [_thread_blocked, id=6944, stack(0x0000000625600000,0x0000000625700000)]
  0x000001256b8f1000 JavaThread "Daemon client event forwarder" [_thread_blocked, id=6576, stack(0x0000000625700000,0x0000000625800000)]
  0x000001256b8ed000 JavaThread "Cache worker for journal cache (C:\Users\lenovo\.gradle\caches\journal-1)" [_thread_blocked, id=14140, stack(0x0000000625d00000,0x0000000625e00000)]
  0x000001256b8ec000 JavaThread "File lock request listener" [_thread_in_native, id=14252, stack(0x0000000625e00000,0x0000000625f00000)]
  0x000001256b8eb800 JavaThread "Cache worker for file hash cache (C:\Users\lenovo\.gradle\caches\7.3.3\fileHashes)" [_thread_blocked, id=10800, stack(0x0000000625f00000,0x0000000626000000)]
  0x000001256b8ee000 JavaThread "Cache worker for file hash cache (C:\Users\lenovo\AndroidStudioProjects\tictato\.gradle\7.3.3\fileHashes)" [_thread_blocked, id=9648, stack(0x0000000626100000,0x0000000626200000)]
=>0x000001256ca41800 JavaThread "C2 CompilerThread2" daemon [_thread_in_native, id=5724, stack(0x0000000626200000,0x0000000626300000)]
  0x000001256b8ee800 JavaThread "File watcher server" daemon [_thread_in_native, id=3320, stack(0x0000000626300000,0x0000000626400000)]
  0x000001256b8ef800 JavaThread "File watcher consumer" daemon [_thread_blocked, id=5612, stack(0x0000000626400000,0x0000000626500000)]
  0x000001256b8f0000 JavaThread "Cache worker for checksums cache (C:\Users\lenovo\AndroidStudioProjects\tictato\.gradle\7.3.3\checksums)" [_thread_blocked, id=8756, stack(0x0000000626500000,0x0000000626600000)]
  0x000001256b8f2000 JavaThread "Cache worker for cache directory md-supplier (C:\Users\lenovo\.gradle\caches\7.3.3\md-supplier)" [_thread_blocked, id=1944, stack(0x0000000626600000,0x0000000626700000)]
  0x000001256db7e000 JavaThread "Cache worker for cache directory md-rule (C:\Users\lenovo\.gradle\caches\7.3.3\md-rule)" [_thread_blocked, id=5812, stack(0x0000000626700000,0x0000000626800000)]
  0x000001256db7e800 JavaThread "Cache worker for execution history cache (C:\Users\lenovo\.gradle\caches\7.3.3\executionHistory)" [_thread_blocked, id=14304, stack(0x0000000626800000,0x0000000626900000)]
  0x000001256db81000 JavaThread "jar transforms" [_thread_blocked, id=6840, stack(0x0000000626900000,0x0000000626a00000)]
  0x000001256db7b800 JavaThread "Cache worker for file content cache (C:\Users\lenovo\.gradle\caches\7.3.3\fileContent)" [_thread_blocked, id=13604, stack(0x0000000626a00000,0x0000000626b00000)]
  0x000001256db82000 JavaThread "jar transforms Thread 2" [_thread_blocked, id=4928, stack(0x0000000626b00000,0x0000000626c00000)]
  0x000001256db7d000 JavaThread "Cache worker for dependencies-accessors (C:\Users\lenovo\AndroidStudioProjects\tictato\.gradle\7.3.3\dependencies-accessors)" [_thread_blocked, id=6712, stack(0x0000000626c00000,0x0000000626d00000)]
  0x000001256db7c000 JavaThread "jar transforms Thread 3" [_thread_blocked, id=7272, stack(0x0000000626d00000,0x0000000626e00000)]
  0x000001256db84800 JavaThread "Cache worker for Build Output Cleanup Cache (C:\Users\lenovo\AndroidStudioProjects\tictato\.gradle\buildOutputCleanup)" [_thread_blocked, id=6784, stack(0x0000000626e00000,0x0000000626f00000)]
  0x000001256db82800 JavaThread "Unconstrained build operations" [_thread_blocked, id=13216, stack(0x0000000626f00000,0x0000000627000000)]
  0x000001256db86000 JavaThread "Unconstrained build operations Thread 2" [_thread_blocked, id=6900, stack(0x0000000627000000,0x0000000627100000)]
  0x000001256db89000 JavaThread "Unconstrained build operations Thread 3" [_thread_in_vm, id=9556, stack(0x0000000627100000,0x0000000627200000)]
  0x000001256db87000 JavaThread "Unconstrained build operations Thread 4" [_thread_blocked, id=6500, stack(0x0000000627200000,0x0000000627300000)]
  0x000001256db83800 JavaThread "Unconstrained build operations Thread 5" [_thread_blocked, id=7288, stack(0x0000000627300000,0x0000000627400000)]
  0x000001256db85000 JavaThread "Unconstrained build operations Thread 6" [_thread_blocked, id=11548, stack(0x0000000627400000,0x0000000627500000)]
  0x000001256db88800 JavaThread "Unconstrained build operations Thread 7" [_thread_blocked, id=7100, stack(0x0000000627500000,0x0000000627600000)]
  0x000001256db8a000 JavaThread "Unconstrained build operations Thread 8" [_thread_blocked, id=7880, stack(0x0000000627600000,0x0000000627700000)]
  0x000001256db87800 JavaThread "Unconstrained build operations Thread 9" [_thread_blocked, id=10904, stack(0x0000000627700000,0x0000000627800000)]
  0x000001256ede1800 JavaThread "Unconstrained build operations Thread 10" [_thread_blocked, id=10996, stack(0x0000000627800000,0x0000000627900000)]
  0x000001256ede5800 JavaThread "Unconstrained build operations Thread 11" [_thread_blocked, id=7056, stack(0x0000000627900000,0x0000000627a00000)]
  0x000001256ede6800 JavaThread "Unconstrained build operations Thread 12" [_thread_blocked, id=10092, stack(0x0000000627a00000,0x0000000627b00000)]
  0x000001256ede7000 JavaThread "Unconstrained build operations Thread 13" [_thread_blocked, id=5508, stack(0x0000000627b00000,0x0000000627c00000)]
  0x000001256ede4800 JavaThread "Unconstrained build operations Thread 14" [_thread_blocked, id=9420, stack(0x0000000627c00000,0x0000000627d00000)]
  0x000001256ede8000 JavaThread "Unconstrained build operations Thread 15" [_thread_blocked, id=8336, stack(0x0000000627d00000,0x0000000627e00000)]
  0x000001256ede4000 JavaThread "Unconstrained build operations Thread 16" [_thread_blocked, id=6544, stack(0x0000000627e00000,0x0000000627f00000)]
  0x000001256ede2000 JavaThread "Unconstrained build operations Thread 17" [_thread_blocked, id=14220, stack(0x0000000627f00000,0x0000000628000000)]
  0x000001256ede8800 JavaThread "Unconstrained build operations Thread 18" [_thread_blocked, id=7440, stack(0x0000000628000000,0x0000000628100000)]
  0x000001256ede3000 JavaThread "Unconstrained build operations Thread 19" [_thread_blocked, id=6124, stack(0x0000000628100000,0x0000000628200000)]
  0x000001256edef800 JavaThread "Unconstrained build operations Thread 20" [_thread_blocked, id=13328, stack(0x0000000628200000,0x0000000628300000)]
  0x000001256ede9800 JavaThread "Unconstrained build operations Thread 21" [_thread_blocked, id=8560, stack(0x0000000628300000,0x0000000628400000)]
  0x000001256edeb000 JavaThread "Unconstrained build operations Thread 22" [_thread_blocked, id=6856, stack(0x0000000628400000,0x0000000628500000)]
  0x000001256edee800 JavaThread "Unconstrained build operations Thread 23" [_thread_blocked, id=2036, stack(0x0000000628500000,0x0000000628600000)]
  0x000001256edea800 JavaThread "Unconstrained build operations Thread 24" [_thread_blocked, id=12952, stack(0x0000000628600000,0x0000000628700000)]
  0x000001256eded800 JavaThread "Unconstrained build operations Thread 25" [_thread_blocked, id=2120, stack(0x0000000628700000,0x0000000628800000)]
  0x000001256edf0000 JavaThread "Unconstrained build operations Thread 26" [_thread_blocked, id=13324, stack(0x0000000628800000,0x0000000628900000)]
  0x000001256edec000 JavaThread "Unconstrained build operations Thread 27" [_thread_blocked, id=12700, stack(0x0000000628900000,0x0000000628a00000)]
  0x000001256eded000 JavaThread "Unconstrained build operations Thread 28" [_thread_blocked, id=12240, stack(0x0000000628a00000,0x0000000628b00000)]
  0x000001256f673000 JavaThread "Unconstrained build operations Thread 29" [_thread_blocked, id=6676, stack(0x0000000628b00000,0x0000000628c00000)]
  0x000001256f674000 JavaThread "Unconstrained build operations Thread 30" [_thread_blocked, id=4832, stack(0x0000000628c00000,0x0000000628d00000)]
  0x000001256f674800 JavaThread "Unconstrained build operations Thread 31" [_thread_blocked, id=13912, stack(0x0000000628d00000,0x0000000628e00000)]
  0x000001256f675800 JavaThread "Unconstrained build operations Thread 32" [_thread_blocked, id=6552, stack(0x0000000628e00000,0x0000000628f00000)]
  0x000001256f676000 JavaThread "Unconstrained build operations Thread 33" [_thread_blocked, id=12164, stack(0x0000000628f00000,0x0000000629000000)]
  0x000001256f677000 JavaThread "Unconstrained build operations Thread 34" [_thread_blocked, id=588, stack(0x0000000629000000,0x0000000629100000)]
  0x000001256f671800 JavaThread "Unconstrained build operations Thread 35" [_thread_blocked, id=12620, stack(0x0000000629100000,0x0000000629200000)]
  0x000001256f678000 JavaThread "Unconstrained build operations Thread 36" [_thread_blocked, id=5720, stack(0x0000000629200000,0x0000000629300000)]
  0x000001256f672000 JavaThread "Unconstrained build operations Thread 37" [_thread_blocked, id=6176, stack(0x0000000629300000,0x0000000629400000)]
  0x000001256f67b000 JavaThread "Unconstrained build operations Thread 38" [_thread_blocked, id=8532, stack(0x0000000629400000,0x0000000629500000)]
  0x000001256f678800 JavaThread "Unconstrained build operations Thread 39" [_thread_blocked, id=1888, stack(0x0000000629500000,0x0000000629600000)]
  0x000001256f67c800 JavaThread "Unconstrained build operations Thread 40" [_thread_in_native, id=7972, stack(0x0000000629600000,0x0000000629700000)]
  0x000001256f67c000 JavaThread "Unconstrained build operations Thread 41" [_thread_blocked, id=11332, stack(0x0000000629700000,0x0000000629800000)]
  0x000001256f67e800 JavaThread "Unconstrained build operations Thread 42" [_thread_blocked, id=4904, stack(0x0000000629800000,0x0000000629900000)]
  0x000001256f67f000 JavaThread "Unconstrained build operations Thread 43" [_thread_blocked, id=9572, stack(0x0000000629900000,0x0000000629a00000)]
  0x000001256f67a800 JavaThread "Unconstrained build operations Thread 44" [_thread_blocked, id=3452, stack(0x0000000629a00000,0x0000000629b00000)]
  0x000001256f67d800 JavaThread "Unconstrained build operations Thread 45" [_thread_blocked, id=12568, stack(0x0000000629b00000,0x0000000629c00000)]
  0x000001256f679800 JavaThread "Unconstrained build operations Thread 46" [_thread_blocked, id=9512, stack(0x0000000629c00000,0x0000000629d00000)]
  0x000001256f680000 JavaThread "Unconstrained build operations Thread 47" [_thread_blocked, id=7152, stack(0x0000000629d00000,0x0000000629e00000)]
  0x000001256f6a2000 JavaThread "Unconstrained build operations Thread 48" [_thread_blocked, id=7012, stack(0x0000000629e00000,0x0000000629f00000)]
  0x000001256f6a4800 JavaThread "Unconstrained build operations Thread 49" [_thread_blocked, id=13168, stack(0x0000000629f00000,0x000000062a000000)]
  0x000001256f6a0800 JavaThread "Unconstrained build operations Thread 50" [_thread_blocked, id=1820, stack(0x000000062a000000,0x000000062a100000)]
  0x000001256f6a3800 JavaThread "Unconstrained build operations Thread 51" [_thread_blocked, id=10736, stack(0x000000062a100000,0x000000062a200000)]
  0x000001256f69f000 JavaThread "Unconstrained build operations Thread 52" [_thread_blocked, id=5860, stack(0x000000062a200000,0x000000062a300000)]
  0x000001256f6a3000 JavaThread "Unconstrained build operations Thread 53" [_thread_blocked, id=13468, stack(0x000000062a300000,0x000000062a400000)]
  0x000001256f6a1800 JavaThread "Unconstrained build operations Thread 54" [_thread_blocked, id=12600, stack(0x000000062a400000,0x000000062a500000)]
  0x000001256f6a5800 JavaThread "Unconstrained build operations Thread 55" [_thread_blocked, id=12988, stack(0x000000062a500000,0x000000062a600000)]
  0x000001256f69f800 JavaThread "Unconstrained build operations Thread 56" [_thread_blocked, id=13820, stack(0x000000062a600000,0x000000062a700000)]
  0x000001256f6a6000 JavaThread "Unconstrained build operations Thread 57" [_thread_blocked, id=3796, stack(0x000000062a700000,0x000000062a800000)]
  0x000001256f6a7000 JavaThread "Unconstrained build operations Thread 58" [_thread_blocked, id=9292, stack(0x000000062a800000,0x000000062a900000)]
  0x000001256f6ad800 JavaThread "Unconstrained build operations Thread 59" [_thread_blocked, id=14124, stack(0x000000062a900000,0x000000062aa00000)]
  0x000001256f6ac800 JavaThread "Unconstrained build operations Thread 60" [_thread_blocked, id=7744, stack(0x000000062aa00000,0x000000062ab00000)]
  0x000001256f6ac000 JavaThread "Unconstrained build operations Thread 61" [_thread_blocked, id=9808, stack(0x000000062ab00000,0x000000062ac00000)]
  0x000001256f6a8000 JavaThread "Unconstrained build operations Thread 62" [_thread_blocked, id=7336, stack(0x000000062ac00000,0x000000062ad00000)]
  0x000001256f6a8800 JavaThread "Unconstrained build operations Thread 63" [_thread_blocked, id=3488, stack(0x000000062ad00000,0x000000062ae00000)]
  0x000001256f6ab000 JavaThread "Unconstrained build operations Thread 64" [_thread_blocked, id=13872, stack(0x000000062ae00000,0x000000062af00000)]
  0x000001256f6aa000 JavaThread "Unconstrained build operations Thread 65" [_thread_blocked, id=9840, stack(0x000000062af00000,0x000000062b000000)]
  0x000001256f6a9800 JavaThread "Unconstrained build operations Thread 66" [_thread_blocked, id=7328, stack(0x000000062b000000,0x000000062b100000)]
  0x000001256f9e5000 JavaThread "Unconstrained build operations Thread 67" [_thread_blocked, id=10220, stack(0x000000062b100000,0x000000062b200000)]
  0x000001256f9e2800 JavaThread "Unconstrained build operations Thread 68" [_thread_blocked, id=3408, stack(0x000000062b200000,0x000000062b300000)]
  0x000001256f9e6000 JavaThread "Unconstrained build operations Thread 69" [_thread_blocked, id=13320, stack(0x000000062b300000,0x000000062b400000)]
  0x000001256f9e3800 JavaThread "Unconstrained build operations Thread 70" [_thread_blocked, id=9016, stack(0x000000062b400000,0x000000062b500000)]
  0x000001256f9e1000 JavaThread "Unconstrained build operations Thread 71" [_thread_blocked, id=9180, stack(0x000000062b500000,0x000000062b600000)]
  0x000001256f9e0000 JavaThread "Unconstrained build operations Thread 72" [_thread_blocked, id=12576, stack(0x000000062b600000,0x000000062b700000)]
  0x000001256f9e4800 JavaThread "Unconstrained build operations Thread 73" [_thread_blocked, id=9856, stack(0x000000062b700000,0x000000062b800000)]
  0x000001256f9e7000 JavaThread "Unconstrained build operations Thread 74" [_thread_blocked, id=7320, stack(0x000000062b800000,0x000000062b900000)]
  0x000001256f9e7800 JavaThread "Unconstrained build operations Thread 75" [_thread_blocked, id=13280, stack(0x000000062b900000,0x000000062ba00000)]
  0x000001256f9e2000 JavaThread "Unconstrained build operations Thread 76" [_thread_blocked, id=7764, stack(0x000000062ba00000,0x000000062bb00000)]
  0x000001256f9eb800 JavaThread "Unconstrained build operations Thread 77" [_thread_blocked, id=4804, stack(0x000000062bb00000,0x000000062bc00000)]
  0x000001256f9e9000 JavaThread "Unconstrained build operations Thread 78" [_thread_blocked, id=9644, stack(0x000000062bc00000,0x000000062bd00000)]
  0x000001256f9eb000 JavaThread "Unconstrained build operations Thread 79" [_thread_blocked, id=12004, stack(0x000000062bd00000,0x000000062be00000)]
  0x000001256f9ec800 JavaThread "Unconstrained build operations Thread 80" [_thread_blocked, id=11780, stack(0x000000062be00000,0x000000062bf00000)]
  0x000001256f9ea000 JavaThread "jar transforms Thread 4" [_thread_blocked, id=9968, stack(0x000000062bf00000,0x000000062c000000)]
  0x000001256f9ed800 JavaThread "jar transforms Thread 5" [_thread_blocked, id=11728, stack(0x000000062c000000,0x000000062c100000)]
  0x000001256f9e8800 JavaThread "jar transforms Thread 6" [_thread_blocked, id=7892, stack(0x000000062c100000,0x000000062c200000)]
  0x000001256f9ee000 JavaThread "jar transforms Thread 7" [_thread_blocked, id=6116, stack(0x000000062c200000,0x000000062c300000)]
  0x000001256f9ef000 JavaThread "jar transforms Thread 8" [_thread_blocked, id=12912, stack(0x000000062c300000,0x000000062c400000)]
  0x000001256c5bb800 JavaThread "Memory manager" [_thread_blocked, id=11584, stack(0x000000062c400000,0x000000062c500000)]
  0x000001256c5b9000 JavaThread "build event listener" [_thread_blocked, id=12964, stack(0x000000062c500000,0x000000062c600000)]
  0x000001256c5bc800 JavaThread "Execution worker for ':'" [_thread_blocked, id=7572, stack(0x000000062c600000,0x000000062c700000)]
  0x000001256c5ba000 JavaThread "Execution worker for ':' Thread 2" [_thread_blocked, id=4912, stack(0x000000062c700000,0x000000062c800000)]
  0x000001256c5ba800 JavaThread "Execution worker for ':' Thread 3" [_thread_blocked, id=8988, stack(0x000000062c800000,0x000000062c900000)]
  0x000001256c5b7800 JavaThread "Execution worker for ':' Thread 4" [_thread_blocked, id=1744, stack(0x000000062c900000,0x000000062ca00000)]
  0x000001256c5bd000 JavaThread "Execution worker for ':' Thread 5" [_thread_blocked, id=5836, stack(0x000000062ca00000,0x000000062cb00000)]
  0x000001256c5c1000 JavaThread "Execution worker for ':' Thread 6" [_thread_blocked, id=8216, stack(0x000000062cb00000,0x000000062cc00000)]
  0x000001256c5c0800 JavaThread "Execution worker for ':' Thread 7" [_thread_blocked, id=13896, stack(0x000000062cc00000,0x000000062cd00000)]
  0x000001256c5c2000 JavaThread "Cache worker for execution history cache (C:\Users\lenovo\AndroidStudioProjects\tictato\.gradle\7.3.3\executionHistory)" [_thread_blocked, id=2372, stack(0x000000062cd00000,0x000000062ce00000)]

Other Threads:
  0x000001256941c000 VMThread "VM Thread" [stack: 0x0000000624000000,0x0000000624100000] [id=10588]
  0x0000012569f1f000 WatcherThread [stack: 0x0000000624a00000,0x0000000624b00000] [id=6484]
  0x000001254ef91800 GCTaskThread "GC Thread#0" [stack: 0x0000000623b00000,0x0000000623c00000] [id=6424]
  0x000001256ab14800 GCTaskThread "GC Thread#1" [stack: 0x0000000624c00000,0x0000000624d00000] [id=13828]
  0x000001256a4d5800 GCTaskThread "GC Thread#2" [stack: 0x0000000624d00000,0x0000000624e00000] [id=7096]
  0x000001256c667000 GCTaskThread "GC Thread#3" [stack: 0x0000000625800000,0x0000000625900000] [id=14116]
  0x000001256bc95000 GCTaskThread "GC Thread#4" [stack: 0x0000000625900000,0x0000000625a00000] [id=12696]
  0x000001256b538000 GCTaskThread "GC Thread#5" [stack: 0x0000000625a00000,0x0000000625b00000] [id=11604]
  0x000001256d6df000 GCTaskThread "GC Thread#6" [stack: 0x0000000625b00000,0x0000000625c00000] [id=10216]
  0x000001256ca2a000 GCTaskThread "GC Thread#7" [stack: 0x0000000625c00000,0x0000000625d00000] [id=2432]
  0x000001254efc2800 ConcurrentGCThread "G1 Main Marker" [stack: 0x0000000623c00000,0x0000000623d00000] [id=2172]
  0x000001254efc4800 ConcurrentGCThread "G1 Conc#0" [stack: 0x0000000623d00000,0x0000000623e00000] [id=9620]
  0x000001256ca00000 ConcurrentGCThread "G1 Conc#1" [stack: 0x0000000626000000,0x0000000626100000] [id=13396]
  0x0000012569268800 ConcurrentGCThread "G1 Refine#0" [stack: 0x0000000623e00000,0x0000000623f00000] [id=1212]
  0x000001256926c800 ConcurrentGCThread "G1 Young RemSet Sampling" [stack: 0x0000000623f00000,0x0000000624000000] [id=9768]

Threads with active compile tasks:
C2 CompilerThread0   7240 8216       4       sun.security.provider.DigestBase::engineUpdate (189 bytes)
C2 CompilerThread1   7240 8065       4       java.io.WinNTFileSystem::normalize (143 bytes)
C2 CompilerThread2   7240 7495       4       org.gradle.internal.instantiation.generator.AbstractClassGenerator::inspectType (560 bytes)

VM state:not at safepoint (normal execution)

VM Mutex/Monitor currently owned by a thread: None

Heap address: 0x0000000080000000, size: 2048 MB, Compressed Oops mode: 32-bit
Narrow klass base: 0x0000000000000000, Narrow klass shift: 3
Compressed class space size: 1073741824 Address: 0x0000000100000000

Heap:
 garbage-first heap   total 227328K, used 74468K [0x0000000080000000, 0x0000000100000000)
  region size 1024K, 18 young (18432K), 11 survivors (11264K)
 Metaspace       used 80909K, capacity 83059K, committed 83276K, reserved 1120256K
  class space    used 10725K, capacity 11536K, committed 11648K, reserved 1048576K
Heap Regions: E=young(eden), S=young(survivor), O=old, HS=humongous(starts), HC=humongous(continues), CS=collection set, F=free, A=archive, TAMS=top-at-mark-start (previous, next)
|   0|0x0000000080000000, 0x0000000080100000, 0x0000000080100000|100%| O|  |TAMS 0x0000000080100000, 0x0000000080100000| Untracked 
|   1|0x0000000080100000, 0x0000000080200000, 0x0000000080200000|100%| O|  |TAMS 0x0000000080200000, 0x0000000080200000| Untracked 
|   2|0x0000000080200000, 0x0000000080300000, 0x0000000080300000|100%| O|  |TAMS 0x0000000080300000, 0x0000000080300000| Untracked 
|   3|0x0000000080300000, 0x0000000080400000, 0x0000000080400000|100%|HS|  |TAMS 0x0000000080400000, 0x0000000080400000| Complete 
|   4|0x0000000080400000, 0x0000000080500000, 0x0000000080500000|100%|HC|  |TAMS 0x0000000080500000, 0x0000000080500000| Complete 
|   5|0x0000000080500000, 0x0000000080600000, 0x0000000080600000|100%|HC|  |TAMS 0x0000000080600000, 0x0000000080600000| Complete 
|   6|0x0000000080600000, 0x0000000080700000, 0x0000000080700000|100%| O|  |TAMS 0x0000000080700000, 0x0000000080700000| Untracked 
|   7|0x0000000080700000, 0x0000000080800000, 0x0000000080800000|100%| O|  |TAMS 0x0000000080800000, 0x0000000080800000| Untracked 
|   8|0x0000000080800000, 0x0000000080900000, 0x0000000080900000|100%| O|  |TAMS 0x0000000080900000, 0x0000000080900000| Untracked 
|   9|0x0000000080900000, 0x0000000080a00000, 0x0000000080a00000|100%| O|  |TAMS 0x0000000080a00000, 0x0000000080a00000| Untracked 
|  10|0x0000000080a00000, 0x0000000080b00000, 0x0000000080b00000|100%| O|  |TAMS 0x0000000080b00000, 0x0000000080b00000| Untracked 
|  11|0x0000000080b00000, 0x0000000080c00000, 0x0000000080c00000|100%| O|  |TAMS 0x0000000080c00000, 0x0000000080c00000| Untracked 
|  12|0x0000000080c00000, 0x0000000080d00000, 0x0000000080d00000|100%| O|  |TAMS 0x0000000080d00000, 0x0000000080d00000| Untracked 
|  13|0x0000000080d00000, 0x0000000080e00000, 0x0000000080e00000|100%| O|  |TAMS 0x0000000080e00000, 0x0000000080e00000| Untracked 
|  14|0x0000000080e00000, 0x0000000080f00000, 0x0000000080f00000|100%| O|  |TAMS 0x0000000080f00000, 0x0000000080f00000| Untracked 
|  15|0x0000000080f00000, 0x0000000081000000, 0x0000000081000000|100%| O|  |TAMS 0x0000000081000000, 0x0000000081000000| Untracked 
|  16|0x0000000081000000, 0x0000000081100000, 0x0000000081100000|100%| O|  |TAMS 0x0000000081100000, 0x0000000081100000| Untracked 
|  17|0x0000000081100000, 0x0000000081200000, 0x0000000081200000|100%| O|  |TAMS 0x0000000081200000, 0x0000000081200000| Untracked 
|  18|0x0000000081200000, 0x0000000081300000, 0x0000000081300000|100%| O|  |TAMS 0x0000000081300000, 0x0000000081300000| Untracked 
|  19|0x0000000081300000, 0x0000000081400000, 0x0000000081400000|100%| O|  |TAMS 0x0000000081400000, 0x0000000081400000| Untracked 
|  20|0x0000000081400000, 0x0000000081500000, 0x0000000081500000|100%| O|  |TAMS 0x0000000081500000, 0x0000000081500000| Untracked 
|  21|0x0000000081500000, 0x0000000081600000, 0x0000000081600000|100%| O|  |TAMS 0x0000000081600000, 0x0000000081600000| Untracked 
|  22|0x0000000081600000, 0x0000000081700000, 0x0000000081700000|100%| O|  |TAMS 0x0000000081700000, 0x0000000081700000| Untracked 
|  23|0x0000000081700000, 0x0000000081800000, 0x0000000081800000|100%| O|  |TAMS 0x0000000081800000, 0x0000000081800000| Untracked 
|  24|0x0000000081800000, 0x0000000081900000, 0x0000000081900000|100%| O|  |TAMS 0x0000000081900000, 0x0000000081900000| Untracked 
|  25|0x0000000081900000, 0x0000000081a00000, 0x0000000081a00000|100%| O|  |TAMS 0x0000000081a00000, 0x0000000081a00000| Untracked 
|  26|0x0000000081a00000, 0x0000000081b00000, 0x0000000081b00000|100%| O|  |TAMS 0x0000000081b00000, 0x0000000081b00000| Untracked 
|  27|0x0000000081b00000, 0x0000000081c00000, 0x0000000081c00000|100%|HS|  |TAMS 0x0000000081c00000, 0x0000000081c00000| Complete 
|  28|0x0000000081c00000, 0x0000000081d00000, 0x0000000081d00000|100%|HS|  |TAMS 0x0000000081d00000, 0x0000000081d00000| Complete 
|  29|0x0000000081d00000, 0x0000000081e00000, 0x0000000081e00000|100%|HS|  |TAMS 0x0000000081e00000, 0x0000000081e00000| Complete 
|  30|0x0000000081e00000, 0x0000000081f00000, 0x0000000081f00000|100%|HC|  |TAMS 0x0000000081f00000, 0x0000000081f00000| Complete 
|  31|0x0000000081f00000, 0x0000000082000000, 0x0000000082000000|100%| O|  |TAMS 0x0000000082000000, 0x0000000082000000| Untracked 
|  32|0x0000000082000000, 0x0000000082100000, 0x0000000082100000|100%| O|  |TAMS 0x0000000082100000, 0x0000000082100000| Untracked 
|  33|0x0000000082100000, 0x0000000082200000, 0x0000000082200000|100%| O|  |TAMS 0x0000000082200000, 0x0000000082200000| Untracked 
|  34|0x0000000082200000, 0x0000000082300000, 0x0000000082300000|100%| O|  |TAMS 0x0000000082300000, 0x0000000082300000| Untracked 
|  35|0x0000000082300000, 0x0000000082400000, 0x0000000082400000|100%| O|  |TAMS 0x0000000082400000, 0x0000000082400000| Untracked 
|  36|0x0000000082400000, 0x0000000082500000, 0x0000000082500000|100%| O|  |TAMS 0x0000000082500000, 0x0000000082500000| Untracked 
|  37|0x0000000082500000, 0x0000000082600000, 0x0000000082600000|100%| O|  |TAMS 0x0000000082600000, 0x0000000082600000| Untracked 
|  38|0x0000000082600000, 0x0000000082700000, 0x0000000082700000|100%| O|  |TAMS 0x0000000082700000, 0x0000000082700000| Untracked 
|  39|0x0000000082700000, 0x0000000082800000, 0x0000000082800000|100%| O|  |TAMS 0x0000000082800000, 0x0000000082800000| Untracked 
|  40|0x0000000082800000, 0x0000000082900000, 0x0000000082900000|100%| O|  |TAMS 0x0000000082900000, 0x0000000082900000| Untracked 
|  41|0x0000000082900000, 0x0000000082a00000, 0x0000000082a00000|100%| O|  |TAMS 0x0000000082a00000, 0x0000000082a00000| Untracked 
|  42|0x0000000082a00000, 0x0000000082b00000, 0x0000000082b00000|100%| O|  |TAMS 0x0000000082b00000, 0x0000000082b00000| Untracked 
|  43|0x0000000082b00000, 0x0000000082c00000, 0x0000000082c00000|100%| O|  |TAMS 0x0000000082c00000, 0x0000000082c00000| Untracked 
|  44|0x0000000082c00000, 0x0000000082d00000, 0x0000000082d00000|100%| O|  |TAMS 0x0000000082d00000, 0x0000000082d00000| Untracked 
|  45|0x0000000082d00000, 0x0000000082e00000, 0x0000000082e00000|100%| O|  |TAMS 0x0000000082e00000, 0x0000000082e00000| Untracked 
|  46|0x0000000082e00000, 0x0000000082f00000, 0x0000000082f00000|100%| O|  |TAMS 0x0000000082f00000, 0x0000000082f00000| Untracked 
|  47|0x0000000082f00000, 0x0000000083000000, 0x0000000083000000|100%| O|  |TAMS 0x0000000083000000, 0x0000000083000000| Untracked 
|  48|0x0000000083000000, 0x0000000083100000, 0x0000000083100000|100%| O|  |TAMS 0x0000000083100000, 0x0000000083100000| Untracked 
|  49|0x0000000083100000, 0x0000000083200000, 0x0000000083200000|100%| O|  |TAMS 0x0000000083200000, 0x0000000083200000| Untracked 
|  50|0x0000000083200000, 0x0000000083300000, 0x0000000083300000|100%| O|  |TAMS 0x0000000083300000, 0x0000000083300000| Untracked 
|  51|0x0000000083300000, 0x0000000083400000, 0x0000000083400000|100%| O|  |TAMS 0x0000000083309400, 0x0000000083400000| Untracked 
|  52|0x0000000083400000, 0x0000000083500000, 0x0000000083500000|100%| O|  |TAMS 0x0000000083400000, 0x0000000083500000| Untracked 
|  53|0x0000000083500000, 0x0000000083600000, 0x0000000083600000|100%| O|  |TAMS 0x0000000083500000, 0x0000000083600000| Untracked 
|  54|0x0000000083600000, 0x0000000083700000, 0x0000000083700000|100%| O|  |TAMS 0x0000000083600000, 0x0000000083700000| Untracked 
|  55|0x0000000083700000, 0x0000000083800000, 0x0000000083800000|100%| O|  |TAMS 0x0000000083700000, 0x0000000083800000| Untracked 
|  56|0x0000000083800000, 0x000000008387ea00, 0x0000000083900000| 49%| O|  |TAMS 0x0000000083800000, 0x000000008387ea00| Untracked 
|  57|0x0000000083900000, 0x0000000083900000, 0x0000000083a00000|  0%| F|  |TAMS 0x0000000083900000, 0x0000000083900000| Untracked 
|  58|0x0000000083a00000, 0x0000000083a00000, 0x0000000083b00000|  0%| F|  |TAMS 0x0000000083a00000, 0x0000000083a00000| Untracked 
|  59|0x0000000083b00000, 0x0000000083b00000, 0x0000000083c00000|  0%| F|  |TAMS 0x0000000083b00000, 0x0000000083b00000| Untracked 
|  60|0x0000000083c00000, 0x0000000083c00000, 0x0000000083d00000|  0%| F|  |TAMS 0x0000000083c00000, 0x0000000083c00000| Untracked 
|  61|0x0000000083d00000, 0x0000000083d00000, 0x0000000083e00000|  0%| F|  |TAMS 0x0000000083d00000, 0x0000000083d00000| Untracked 
|  62|0x0000000083e00000, 0x0000000083e00000, 0x0000000083f00000|  0%| F|  |TAMS 0x0000000083e00000, 0x0000000083e00000| Untracked 
|  63|0x0000000083f00000, 0x0000000083f00000, 0x0000000084000000|  0%| F|  |TAMS 0x0000000083f00000, 0x0000000083f00000| Untracked 
|  64|0x0000000084000000, 0x0000000084000000, 0x0000000084100000|  0%| F|  |TAMS 0x0000000084000000, 0x0000000084000000| Untracked 
|  65|0x0000000084100000, 0x0000000084100000, 0x0000000084200000|  0%| F|  |TAMS 0x0000000084100000, 0x0000000084100000| Untracked 
|  66|0x0000000084200000, 0x0000000084200000, 0x0000000084300000|  0%| F|  |TAMS 0x0000000084200000, 0x0000000084200000| Untracked 
|  67|0x0000000084300000, 0x0000000084300000, 0x0000000084400000|  0%| F|  |TAMS 0x0000000084300000, 0x0000000084300000| Untracked 
|  68|0x0000000084400000, 0x0000000084400000, 0x0000000084500000|  0%| F|  |TAMS 0x0000000084400000, 0x0000000084400000| Untracked 
|  69|0x0000000084500000, 0x0000000084500000, 0x0000000084600000|  0%| F|  |TAMS 0x0000000084500000, 0x0000000084500000| Untracked 
|  70|0x0000000084600000, 0x0000000084600000, 0x0000000084700000|  0%| F|  |TAMS 0x0000000084600000, 0x0000000084600000| Untracked 
|  71|0x0000000084700000, 0x0000000084700000, 0x0000000084800000|  0%| F|  |TAMS 0x0000000084700000, 0x0000000084700000| Untracked 
|  72|0x0000000084800000, 0x0000000084800000, 0x0000000084900000|  0%| F|  |TAMS 0x0000000084800000, 0x0000000084800000| Untracked 
|  73|0x0000000084900000, 0x0000000084900000, 0x0000000084a00000|  0%| F|  |TAMS 0x0000000084900000, 0x0000000084900000| Untracked 
|  74|0x0000000084a00000, 0x0000000084a00000, 0x0000000084b00000|  0%| F|  |TAMS 0x0000000084a00000, 0x0000000084a00000| Untracked 
|  75|0x0000000084b00000, 0x0000000084b00000, 0x0000000084c00000|  0%| F|  |TAMS 0x0000000084b00000, 0x0000000084b00000| Untracked 
|  76|0x0000000084c00000, 0x0000000084c00000, 0x0000000084d00000|  0%| F|  |TAMS 0x0000000084c00000, 0x0000000084c00000| Untracked 
|  77|0x0000000084d00000, 0x0000000084d00000, 0x0000000084e00000|  0%| F|  |TAMS 0x0000000084d00000, 0x0000000084d00000| Untracked 
|  78|0x0000000084e00000, 0x0000000084e00000, 0x0000000084f00000|  0%| F|  |TAMS 0x0000000084e00000, 0x0000000084e00000| Untracked 
|  79|0x0000000084f00000, 0x0000000084f00000, 0x0000000085000000|  0%| F|  |TAMS 0x0000000084f00000, 0x0000000084f00000| Untracked 
|  80|0x0000000085000000, 0x0000000085000000, 0x0000000085100000|  0%| F|  |TAMS 0x0000000085000000, 0x0000000085000000| Untracked 
|  81|0x0000000085100000, 0x0000000085100000, 0x0000000085200000|  0%| F|  |TAMS 0x0000000085100000, 0x0000000085100000| Untracked 
|  82|0x0000000085200000, 0x0000000085200000, 0x0000000085300000|  0%| F|  |TAMS 0x0000000085200000, 0x0000000085200000| Untracked 
|  83|0x0000000085300000, 0x0000000085300000, 0x0000000085400000|  0%| F|  |TAMS 0x0000000085300000, 0x0000000085300000| Untracked 
|  84|0x0000000085400000, 0x0000000085400000, 0x0000000085500000|  0%| F|  |TAMS 0x0000000085400000, 0x0000000085400000| Untracked 
|  85|0x0000000085500000, 0x0000000085500000, 0x0000000085600000|  0%| F|  |TAMS 0x0000000085500000, 0x0000000085500000| Untracked 
|  86|0x0000000085600000, 0x0000000085600000, 0x0000000085700000|  0%| F|  |TAMS 0x0000000085600000, 0x0000000085600000| Untracked 
|  87|0x0000000085700000, 0x0000000085700000, 0x0000000085800000|  0%| F|  |TAMS 0x0000000085700000, 0x0000000085700000| Untracked 
|  88|0x0000000085800000, 0x000000008583a7b8, 0x0000000085900000| 22%| S|CS|TAMS 0x0000000085800000, 0x0000000085800000| Complete 
|  89|0x0000000085900000, 0x0000000085a00000, 0x0000000085a00000|100%| S|CS|TAMS 0x0000000085900000, 0x0000000085900000| Complete 
|  90|0x0000000085a00000, 0x0000000085b00000, 0x0000000085b00000|100%| S|CS|TAMS 0x0000000085a00000, 0x0000000085a00000| Complete 
|  91|0x0000000085b00000, 0x0000000085c00000, 0x0000000085c00000|100%| S|CS|TAMS 0x0000000085b00000, 0x0000000085b00000| Complete 
|  92|0x0000000085c00000, 0x0000000085d00000, 0x0000000085d00000|100%| S|CS|TAMS 0x0000000085c00000, 0x0000000085c00000| Complete 
|  93|0x0000000085d00000, 0x0000000085e00000, 0x0000000085e00000|100%| S|CS|TAMS 0x0000000085d00000, 0x0000000085d00000| Complete 
|  94|0x0000000085e00000, 0x0000000085f00000, 0x0000000085f00000|100%| S|CS|TAMS 0x0000000085e00000, 0x0000000085e00000| Complete 
|  95|0x0000000085f00000, 0x0000000086000000, 0x0000000086000000|100%| S|CS|TAMS 0x0000000085f00000, 0x0000000085f00000| Complete 
|  96|0x0000000086000000, 0x0000000086100000, 0x0000000086100000|100%| S|CS|TAMS 0x0000000086000000, 0x0000000086000000| Complete 
|  97|0x0000000086100000, 0x0000000086200000, 0x0000000086200000|100%| S|CS|TAMS 0x0000000086100000, 0x0000000086100000| Complete 
|  98|0x0000000086200000, 0x0000000086300000, 0x0000000086300000|100%| S|CS|TAMS 0x0000000086200000, 0x0000000086200000| Complete 
|  99|0x0000000086300000, 0x0000000086300000, 0x0000000086400000|  0%| F|  |TAMS 0x0000000086300000, 0x0000000086300000| Untracked 
| 100|0x0000000086400000, 0x0000000086400000, 0x0000000086500000|  0%| F|  |TAMS 0x0000000086400000, 0x0000000086400000| Untracked 
| 101|0x0000000086500000, 0x0000000086500000, 0x0000000086600000|  0%| F|  |TAMS 0x0000000086500000, 0x0000000086500000| Untracked 
| 102|0x0000000086600000, 0x0000000086600000, 0x0000000086700000|  0%| F|  |TAMS 0x0000000086600000, 0x0000000086600000| Untracked 
| 103|0x0000000086700000, 0x0000000086700000, 0x0000000086800000|  0%| F|  |TAMS 0x0000000086700000, 0x0000000086700000| Untracked 
| 104|0x0000000086800000, 0x0000000086800000, 0x0000000086900000|  0%| F|  |TAMS 0x0000000086800000, 0x0000000086800000| Untracked 
| 105|0x0000000086900000, 0x0000000086900000, 0x0000000086a00000|  0%| F|  |TAMS 0x0000000086900000, 0x0000000086900000| Untracked 
| 106|0x0000000086a00000, 0x0000000086a00000, 0x0000000086b00000|  0%| F|  |TAMS 0x0000000086a00000, 0x0000000086a00000| Untracked 
| 107|0x0000000086b00000, 0x0000000086b00000, 0x0000000086c00000|  0%| F|  |TAMS 0x0000000086b00000, 0x0000000086b00000| Untracked 
| 108|0x0000000086c00000, 0x0000000086c00000, 0x0000000086d00000|  0%| F|  |TAMS 0x0000000086c00000, 0x0000000086c00000| Untracked 
| 109|0x0000000086d00000, 0x0000000086d00000, 0x0000000086e00000|  0%| F|  |TAMS 0x0000000086d00000, 0x0000000086d00000| Untracked 
| 110|0x0000000086e00000, 0x0000000086e00000, 0x0000000086f00000|  0%| F|  |TAMS 0x0000000086e00000, 0x0000000086e00000| Untracked 
| 111|0x0000000086f00000, 0x0000000086f00000, 0x0000000087000000|  0%| F|  |TAMS 0x0000000086f00000, 0x0000000086f00000| Untracked 
| 112|0x0000000087000000, 0x0000000087000000, 0x0000000087100000|  0%| F|  |TAMS 0x0000000087000000, 0x0000000087000000| Untracked 
| 113|0x0000000087100000, 0x0000000087100000, 0x0000000087200000|  0%| F|  |TAMS 0x0000000087100000, 0x0000000087100000| Untracked 
| 114|0x0000000087200000, 0x0000000087200000, 0x0000000087300000|  0%| F|  |TAMS 0x0000000087200000, 0x0000000087200000| Untracked 
| 115|0x0000000087300000, 0x0000000087300000, 0x0000000087400000|  0%| F|  |TAMS 0x0000000087300000, 0x0000000087300000| Untracked 
| 116|0x0000000087400000, 0x0000000087400000, 0x0000000087500000|  0%| F|  |TAMS 0x0000000087400000, 0x0000000087400000| Untracked 
| 117|0x0000000087500000, 0x0000000087500000, 0x0000000087600000|  0%| F|  |TAMS 0x0000000087500000, 0x0000000087500000| Untracked 
| 118|0x0000000087600000, 0x0000000087600000, 0x0000000087700000|  0%| F|  |TAMS 0x0000000087600000, 0x0000000087600000| Untracked 
| 119|0x0000000087700000, 0x0000000087700000, 0x0000000087800000|  0%| F|  |TAMS 0x0000000087700000, 0x0000000087700000| Untracked 
| 120|0x0000000087800000, 0x0000000087800000, 0x0000000087900000|  0%| F|  |TAMS 0x0000000087800000, 0x0000000087800000| Untracked 
| 121|0x0000000087900000, 0x0000000087900000, 0x0000000087a00000|  0%| F|  |TAMS 0x0000000087900000, 0x0000000087900000| Untracked 
| 122|0x0000000087a00000, 0x0000000087a00000, 0x0000000087b00000|  0%| F|  |TAMS 0x0000000087a00000, 0x0000000087a00000| Untracked 
| 123|0x0000000087b00000, 0x0000000087b00000, 0x0000000087c00000|  0%| F|  |TAMS 0x0000000087b00000, 0x0000000087b00000| Untracked 
| 124|0x0000000087c00000, 0x0000000087c00000, 0x0000000087d00000|  0%| F|  |TAMS 0x0000000087c00000, 0x0000000087c00000| Untracked 
| 125|0x0000000087d00000, 0x0000000087d00000, 0x0000000087e00000|  0%| F|  |TAMS 0x0000000087d00000, 0x0000000087d00000| Untracked 
| 126|0x0000000087e00000, 0x0000000087e00000, 0x0000000087f00000|  0%| F|  |TAMS 0x0000000087e00000, 0x0000000087e00000| Untracked 
| 127|0x0000000087f00000, 0x0000000087f00000, 0x0000000088000000|  0%| F|  |TAMS 0x0000000087f00000, 0x0000000087f00000| Untracked 
| 128|0x0000000088000000, 0x0000000088000000, 0x0000000088100000|  0%| F|  |TAMS 0x0000000088000000, 0x0000000088000000| Untracked 
| 129|0x0000000088100000, 0x0000000088100000, 0x0000000088200000|  0%| F|  |TAMS 0x0000000088100000, 0x0000000088100000| Untracked 
| 130|0x0000000088200000, 0x0000000088200000, 0x0000000088300000|  0%| F|  |TAMS 0x0000000088200000, 0x0000000088200000| Untracked 
| 131|0x0000000088300000, 0x0000000088300000, 0x0000000088400000|  0%| F|  |TAMS 0x0000000088300000, 0x0000000088300000| Untracked 
| 132|0x0000000088400000, 0x0000000088400000, 0x0000000088500000|  0%| F|  |TAMS 0x0000000088400000, 0x0000000088400000| Untracked 
| 133|0x0000000088500000, 0x0000000088500000, 0x0000000088600000|  0%| F|  |TAMS 0x0000000088500000, 0x0000000088500000| Untracked 
| 134|0x0000000088600000, 0x0000000088600000, 0x0000000088700000|  0%| F|  |TAMS 0x0000000088600000, 0x0000000088600000| Untracked 
| 135|0x0000000088700000, 0x0000000088700000, 0x0000000088800000|  0%| F|  |TAMS 0x0000000088700000, 0x0000000088700000| Untracked 
| 136|0x0000000088800000, 0x0000000088800000, 0x0000000088900000|  0%| F|  |TAMS 0x0000000088800000, 0x0000000088800000| Untracked 
| 137|0x0000000088900000, 0x0000000088900000, 0x0000000088a00000|  0%| F|  |TAMS 0x0000000088900000, 0x0000000088900000| Untracked 
| 138|0x0000000088a00000, 0x0000000088a00000, 0x0000000088b00000|  0%| F|  |TAMS 0x0000000088a00000, 0x0000000088a00000| Untracked 
| 139|0x0000000088b00000, 0x0000000088b00000, 0x0000000088c00000|  0%| F|  |TAMS 0x0000000088b00000, 0x0000000088b00000| Untracked 
| 140|0x0000000088c00000, 0x0000000088c00000, 0x0000000088d00000|  0%| F|  |TAMS 0x0000000088c00000, 0x0000000088c00000| Untracked 
| 141|0x0000000088d00000, 0x0000000088d00000, 0x0000000088e00000|  0%| F|  |TAMS 0x0000000088d00000, 0x0000000088d00000| Untracked 
| 142|0x0000000088e00000, 0x0000000088e00000, 0x0000000088f00000|  0%| F|  |TAMS 0x0000000088e00000, 0x0000000088e00000| Untracked 
| 143|0x0000000088f00000, 0x0000000088f00000, 0x0000000089000000|  0%| F|  |TAMS 0x0000000088f00000, 0x0000000088f00000| Untracked 
| 144|0x0000000089000000, 0x0000000089000000, 0x0000000089100000|  0%| F|  |TAMS 0x0000000089000000, 0x0000000089000000| Untracked 
| 145|0x0000000089100000, 0x0000000089100000, 0x0000000089200000|  0%| F|  |TAMS 0x0000000089100000, 0x0000000089100000| Untracked 
| 146|0x0000000089200000, 0x0000000089200000, 0x0000000089300000|  0%| F|  |TAMS 0x0000000089200000, 0x0000000089200000| Untracked 
| 147|0x0000000089300000, 0x0000000089300000, 0x0000000089400000|  0%| F|  |TAMS 0x0000000089300000, 0x0000000089300000| Untracked 
| 148|0x0000000089400000, 0x0000000089400000, 0x0000000089500000|  0%| F|  |TAMS 0x0000000089400000, 0x0000000089400000| Untracked 
| 149|0x0000000089500000, 0x0000000089500000, 0x0000000089600000|  0%| F|  |TAMS 0x0000000089500000, 0x0000000089500000| Untracked 
| 150|0x0000000089600000, 0x0000000089600000, 0x0000000089700000|  0%| F|  |TAMS 0x0000000089600000, 0x0000000089600000| Untracked 
| 151|0x0000000089700000, 0x0000000089700000, 0x0000000089800000|  0%| F|  |TAMS 0x0000000089700000, 0x0000000089700000| Untracked 
| 152|0x0000000089800000, 0x0000000089800000, 0x0000000089900000|  0%| F|  |TAMS 0x0000000089800000, 0x0000000089800000| Untracked 
| 153|0x0000000089900000, 0x0000000089900000, 0x0000000089a00000|  0%| F|  |TAMS 0x0000000089900000, 0x0000000089900000| Untracked 
| 154|0x0000000089a00000, 0x0000000089a00000, 0x0000000089b00000|  0%| F|  |TAMS 0x0000000089a00000, 0x0000000089a00000| Untracked 
| 155|0x0000000089b00000, 0x0000000089b00000, 0x0000000089c00000|  0%| F|  |TAMS 0x0000000089b00000, 0x0000000089b00000| Untracked 
| 156|0x0000000089c00000, 0x0000000089c00000, 0x0000000089d00000|  0%| F|  |TAMS 0x0000000089c00000, 0x0000000089c00000| Untracked 
| 157|0x0000000089d00000, 0x0000000089d00000, 0x0000000089e00000|  0%| F|  |TAMS 0x0000000089d00000, 0x0000000089d00000| Untracked 
| 158|0x0000000089e00000, 0x0000000089e00000, 0x0000000089f00000|  0%| F|  |TAMS 0x0000000089e00000, 0x0000000089e00000| Untracked 
| 159|0x0000000089f00000, 0x0000000089f00000, 0x000000008a000000|  0%| F|  |TAMS 0x0000000089f00000, 0x0000000089f00000| Untracked 
| 160|0x000000008a000000, 0x000000008a000000, 0x000000008a100000|  0%| F|  |TAMS 0x000000008a000000, 0x000000008a000000| Untracked 
| 161|0x000000008a100000, 0x000000008a100000, 0x000000008a200000|  0%| F|  |TAMS 0x000000008a100000, 0x000000008a100000| Untracked 
| 162|0x000000008a200000, 0x000000008a200000, 0x000000008a300000|  0%| F|  |TAMS 0x000000008a200000, 0x000000008a200000| Untracked 
| 163|0x000000008a300000, 0x000000008a300000, 0x000000008a400000|  0%| F|  |TAMS 0x000000008a300000, 0x000000008a300000| Untracked 
| 164|0x000000008a400000, 0x000000008a400000, 0x000000008a500000|  0%| F|  |TAMS 0x000000008a400000, 0x000000008a400000| Untracked 
| 165|0x000000008a500000, 0x000000008a500000, 0x000000008a600000|  0%| F|  |TAMS 0x000000008a500000, 0x000000008a500000| Untracked 
| 166|0x000000008a600000, 0x000000008a600000, 0x000000008a700000|  0%| F|  |TAMS 0x000000008a600000, 0x000000008a600000| Untracked 
| 167|0x000000008a700000, 0x000000008a700000, 0x000000008a800000|  0%| F|  |TAMS 0x000000008a700000, 0x000000008a700000| Untracked 
| 168|0x000000008a800000, 0x000000008a800000, 0x000000008a900000|  0%| F|  |TAMS 0x000000008a800000, 0x000000008a800000| Untracked 
| 169|0x000000008a900000, 0x000000008a900000, 0x000000008aa00000|  0%| F|  |TAMS 0x000000008a900000, 0x000000008a900000| Untracked 
| 170|0x000000008aa00000, 0x000000008aa00000, 0x000000008ab00000|  0%| F|  |TAMS 0x000000008aa00000, 0x000000008aa00000| Untracked 
| 171|0x000000008ab00000, 0x000000008ab00000, 0x000000008ac00000|  0%| F|  |TAMS 0x000000008ab00000, 0x000000008ab00000| Untracked 
| 172|0x000000008ac00000, 0x000000008ac00000, 0x000000008ad00000|  0%| F|  |TAMS 0x000000008ac00000, 0x000000008ac00000| Untracked 
| 173|0x000000008ad00000, 0x000000008ad00000, 0x000000008ae00000|  0%| F|  |TAMS 0x000000008ad00000, 0x000000008ad00000| Untracked 
| 174|0x000000008ae00000, 0x000000008ae00000, 0x000000008af00000|  0%| F|  |TAMS 0x000000008ae00000, 0x000000008ae00000| Untracked 
| 175|0x000000008af00000, 0x000000008af00000, 0x000000008b000000|  0%| F|  |TAMS 0x000000008af00000, 0x000000008af00000| Untracked 
| 176|0x000000008b000000, 0x000000008b000000, 0x000000008b100000|  0%| F|  |TAMS 0x000000008b000000, 0x000000008b000000| Untracked 
| 177|0x000000008b100000, 0x000000008b100000, 0x000000008b200000|  0%| F|  |TAMS 0x000000008b100000, 0x000000008b100000| Untracked 
| 178|0x000000008b200000, 0x000000008b200000, 0x000000008b300000|  0%| F|  |TAMS 0x000000008b200000, 0x000000008b200000| Untracked 
| 179|0x000000008b300000, 0x000000008b300000, 0x000000008b400000|  0%| F|  |TAMS 0x000000008b300000, 0x000000008b300000| Untracked 
| 180|0x000000008b400000, 0x000000008b400000, 0x000000008b500000|  0%| F|  |TAMS 0x000000008b400000, 0x000000008b400000| Untracked 
| 181|0x000000008b500000, 0x000000008b500000, 0x000000008b600000|  0%| F|  |TAMS 0x000000008b500000, 0x000000008b500000| Untracked 
| 182|0x000000008b600000, 0x000000008b600000, 0x000000008b700000|  0%| F|  |TAMS 0x000000008b600000, 0x000000008b600000| Untracked 
| 183|0x000000008b700000, 0x000000008b700000, 0x000000008b800000|  0%| F|  |TAMS 0x000000008b700000, 0x000000008b700000| Untracked 
| 184|0x000000008b800000, 0x000000008b800000, 0x000000008b900000|  0%| F|  |TAMS 0x000000008b800000, 0x000000008b800000| Untracked 
| 185|0x000000008b900000, 0x000000008b900000, 0x000000008ba00000|  0%| F|  |TAMS 0x000000008b900000, 0x000000008b900000| Untracked 
| 186|0x000000008ba00000, 0x000000008ba00000, 0x000000008bb00000|  0%| F|  |TAMS 0x000000008ba00000, 0x000000008ba00000| Untracked 
| 187|0x000000008bb00000, 0x000000008bb00000, 0x000000008bc00000|  0%| F|  |TAMS 0x000000008bb00000, 0x000000008bb00000| Untracked 
| 188|0x000000008bc00000, 0x000000008bc00000, 0x000000008bd00000|  0%| F|  |TAMS 0x000000008bc00000, 0x000000008bc00000| Untracked 
| 189|0x000000008bd00000, 0x000000008bd00000, 0x000000008be00000|  0%| F|  |TAMS 0x000000008bd00000, 0x000000008bd00000| Untracked 
| 190|0x000000008be00000, 0x000000008be00000, 0x000000008bf00000|  0%| F|  |TAMS 0x000000008be00000, 0x000000008be00000| Untracked 
| 191|0x000000008bf00000, 0x000000008bf00000, 0x000000008c000000|  0%| F|  |TAMS 0x000000008bf00000, 0x000000008bf00000| Untracked 
| 192|0x000000008c000000, 0x000000008c000000, 0x000000008c100000|  0%| F|  |TAMS 0x000000008c000000, 0x000000008c000000| Untracked 
| 193|0x000000008c100000, 0x000000008c100000, 0x000000008c200000|  0%| F|  |TAMS 0x000000008c100000, 0x000000008c100000| Untracked 
| 194|0x000000008c200000, 0x000000008c200000, 0x000000008c300000|  0%| F|  |TAMS 0x000000008c200000, 0x000000008c200000| Untracked 
| 195|0x000000008c300000, 0x000000008c300000, 0x000000008c400000|  0%| F|  |TAMS 0x000000008c300000, 0x000000008c300000| Untracked 
| 196|0x000000008c400000, 0x000000008c400000, 0x000000008c500000|  0%| F|  |TAMS 0x000000008c400000, 0x000000008c400000| Untracked 
| 197|0x000000008c500000, 0x000000008c500000, 0x000000008c600000|  0%| F|  |TAMS 0x000000008c500000, 0x000000008c500000| Untracked 
| 198|0x000000008c600000, 0x000000008c600000, 0x000000008c700000|  0%| F|  |TAMS 0x000000008c600000, 0x000000008c600000| Untracked 
| 199|0x000000008c700000, 0x000000008c700000, 0x000000008c800000|  0%| F|  |TAMS 0x000000008c700000, 0x000000008c700000| Untracked 
| 200|0x000000008c800000, 0x000000008c800000, 0x000000008c900000|  0%| F|  |TAMS 0x000000008c800000, 0x000000008c800000| Untracked 
| 201|0x000000008c900000, 0x000000008c900000, 0x000000008ca00000|  0%| F|  |TAMS 0x000000008c900000, 0x000000008c900000| Untracked 
| 202|0x000000008ca00000, 0x000000008ca00000, 0x000000008cb00000|  0%| F|  |TAMS 0x000000008ca00000, 0x000000008ca00000| Untracked 
| 203|0x000000008cb00000, 0x000000008cb00000, 0x000000008cc00000|  0%| F|  |TAMS 0x000000008cb00000, 0x000000008cb00000| Untracked 
| 204|0x000000008cc00000, 0x000000008cc00000, 0x000000008cd00000|  0%| F|  |TAMS 0x000000008cc00000, 0x000000008cc00000| Untracked 
| 205|0x000000008cd00000, 0x000000008cd00000, 0x000000008ce00000|  0%| F|  |TAMS 0x000000008cd00000, 0x000000008cd00000| Untracked 
| 206|0x000000008ce00000, 0x000000008ce00000, 0x000000008cf00000|  0%| F|  |TAMS 0x000000008ce00000, 0x000000008ce00000| Untracked 
| 207|0x000000008cf00000, 0x000000008cf00000, 0x000000008d000000|  0%| F|  |TAMS 0x000000008cf00000, 0x000000008cf00000| Untracked 
| 208|0x000000008d000000, 0x000000008d000000, 0x000000008d100000|  0%| F|  |TAMS 0x000000008d000000, 0x000000008d000000| Untracked 
| 209|0x000000008d100000, 0x000000008d100000, 0x000000008d200000|  0%| F|  |TAMS 0x000000008d100000, 0x000000008d100000| Untracked 
| 210|0x000000008d200000, 0x000000008d200000, 0x000000008d300000|  0%| F|  |TAMS 0x000000008d200000, 0x000000008d200000| Untracked 
| 211|0x000000008d300000, 0x000000008d300000, 0x000000008d400000|  0%| F|  |TAMS 0x000000008d300000, 0x000000008d300000| Untracked 
| 212|0x000000008d400000, 0x000000008d400000, 0x000000008d500000|  0%| F|  |TAMS 0x000000008d400000, 0x000000008d400000| Untracked 
| 213|0x000000008d500000, 0x000000008d500000, 0x000000008d600000|  0%| F|  |TAMS 0x000000008d500000, 0x000000008d500000| Untracked 
| 214|0x000000008d600000, 0x000000008d600000, 0x000000008d700000|  0%| F|  |TAMS 0x000000008d600000, 0x000000008d600000| Untracked 
| 215|0x000000008d700000, 0x000000008d7d3c78, 0x000000008d800000| 82%| E|  |TAMS 0x000000008d700000, 0x000000008d700000| Complete 
| 216|0x000000008d800000, 0x000000008d900000, 0x000000008d900000|100%| E|CS|TAMS 0x000000008d800000, 0x000000008d800000| Complete 
| 217|0x000000008d900000, 0x000000008da00000, 0x000000008da00000|100%| E|CS|TAMS 0x000000008d900000, 0x000000008d900000| Complete 
| 218|0x000000008da00000, 0x000000008db00000, 0x000000008db00000|100%| E|CS|TAMS 0x000000008da00000, 0x000000008da00000| Complete 
| 219|0x000000008db00000, 0x000000008dc00000, 0x000000008dc00000|100%| E|CS|TAMS 0x000000008db00000, 0x000000008db00000| Complete 
| 220|0x000000008dc00000, 0x000000008dd00000, 0x000000008dd00000|100%| E|CS|TAMS 0x000000008dc00000, 0x000000008dc00000| Complete 
| 221|0x000000008dd00000, 0x000000008de00000, 0x000000008de00000|100%| E|CS|TAMS 0x000000008dd00000, 0x000000008dd00000| Complete 

Card table byte_map: [0x00000125621c0000,0x00000125625c0000] _byte_map_base: 0x0000012561dc0000

Marking Bits (Prev, Next): (CMBitMap*) 0x000001254efb9d68, (CMBitMap*) 0x000001254efb9da0
 Prev Bits: [0x00000125629c0000, 0x00000125649c0000)
 Next Bits: [0x00000125649c0000, 0x00000125669c0000)

Polling page: 0x000001254cf90000

Metaspace:

Usage:
  Non-class:     69.85 MB capacity,    68.54 MB ( 98%) used,     1.08 MB (  2%) free+waste,   236.25 KB ( <1%) overhead. 
      Class:     11.27 MB capacity,    10.47 MB ( 93%) used,   699.44 KB (  6%) free+waste,   110.81 KB ( <1%) overhead. 
       Both:     81.11 MB capacity,    79.01 MB ( 97%) used,     1.76 MB (  2%) free+waste,   347.06 KB ( <1%) overhead. 

Virtual space:
  Non-class space:       70.00 MB reserved,      69.95 MB (>99%) committed 
      Class space:        1.00 GB reserved,      11.38 MB (  1%) committed 
             Both:        1.07 GB reserved,      81.32 MB (  7%) committed 

Chunk freelists:
   Non-Class:  41.00 KB
       Class:  0 bytes
        Both:  41.00 KB

MaxMetaspaceSize: 17179869184.00 GB
CompressedClassSpaceSize: 1.00 GB
Initial GC threshold: 20.80 MB
Current GC threshold: 124.92 MB
CDS: off

CodeHeap 'non-profiled nmethods': size=120000Kb used=5157Kb max_used=5157Kb free=114842Kb
 bounds [0x000001255a550000, 0x000001255aa60000, 0x0000012561a80000]
CodeHeap 'profiled nmethods': size=120000Kb used=17485Kb max_used=17485Kb free=102514Kb
 bounds [0x0000012553020000, 0x0000012554140000, 0x000001255a550000]
CodeHeap 'non-nmethods': size=5760Kb used=2362Kb max_used=2403Kb free=3397Kb
 bounds [0x0000012552a80000, 0x0000012552cf0000, 0x0000012553020000]
 total_blobs=9090 nmethods=8215 adapters=787
 compilation: enabled
              stopped_count=0, restarted_count=0
 full_count=0

Compilation events (20 events):
Event: 7.206 Thread 0x0000012569446000 8190       3       org.gradle.internal.snapshot.FileSystemLocationSnapshot$$Lambda$341/0x00000001004fc840::apply (10 bytes)
Event: 7.207 Thread 0x0000012569446000 nmethod 8190 0x0000012554118610 code [0x00000125541187c0, 0x0000012554118a98]
Event: 7.207 Thread 0x0000012569446000 8174       3       org.gradle.internal.snapshot.impl.DirectorySnapshotter$PathVisitor::shouldVisit (80 bytes)
Event: 7.207 Thread 0x0000012569444000 nmethod 7896 0x000001255aa51010 code [0x000001255aa51380, 0x000001255aa54348]
Event: 7.207 Thread 0x0000012569446000 nmethod 8174 0x0000012554118b90 code [0x0000012554118dc0, 0x00000125541195d8]
Event: 7.207 Thread 0x0000012569446000 8191       3       org.gradle.internal.snapshot.RelativePathTracker::leave (29 bytes)
Event: 7.207 Thread 0x0000012569444000 8123       4       org.gradle.internal.snapshot.PathUtil::equalChars (60 bytes)
Event: 7.207 Thread 0x0000012569446000 nmethod 8191 0x0000012554119910 code [0x0000012554119ae0, 0x0000012554119de8]
Event: 7.207 Thread 0x0000012569446000 8192       3       org.gradle.internal.snapshot.impl.DirectorySnapshotter$1::remapAbsolutePath (7 bytes)
Event: 7.207 Thread 0x0000012569446000 nmethod 8192 0x0000012554119f10 code [0x000001255411a0c0, 0x000001255411a288]
Event: 7.208 Thread 0x0000012569446000 8194       3       org.gradle.internal.snapshot.MerkleDirectorySnapshotBuilder::collectEntry (52 bytes)
Event: 7.208 Thread 0x0000012569446000 nmethod 8194 0x000001255411a390 code [0x000001255411a580, 0x000001255411aa38]
Event: 7.208 Thread 0x0000012569446000 8175       3       sun.nio.fs.WindowsPath$WindowsPathWithAttributes::getFileSystem (5 bytes)
Event: 7.208 Thread 0x0000012569446000 nmethod 8175 0x000001255411ab90 code [0x000001255411ad40, 0x000001255411ae58]
Event: 7.208 Thread 0x0000012569446000 8187       3       org.gradle.cache.internal.DefaultGlobalCacheLocations::isInsideGlobalCache (9 bytes)
Event: 7.208 Thread 0x0000012569446000 nmethod 8187 0x000001255411af10 code [0x000001255411b0c0, 0x000001255411b288]
Event: 7.208 Thread 0x0000012569446000 8172       1       org.gradle.internal.fingerprint.impl.DefaultFileCollectionSnapshotter$SnapshottingVisitor::getRoots (5 bytes)
Event: 7.208 Thread 0x0000012569446000 nmethod 8172 0x000001255aa55a90 code [0x000001255aa55c40, 0x000001255aa55cf8]
Event: 7.208 Thread 0x0000012569446000 8193       1       org.gradle.internal.snapshot.MerkleDirectorySnapshotBuilder::access$000 (5 bytes)
Event: 7.208 Thread 0x0000012569446000 nmethod 8193 0x000001255aa55d90 code [0x000001255aa55f40, 0x000001255aa55fd8]

GC Heap History (20 events):
Event: 2.155 GC heap before
{Heap before GC invocations=5 (full 0):
 garbage-first heap   total 131072K, used 68327K [0x0000000080000000, 0x0000000100000000)
  region size 1024K, 52 young (53248K), 1 survivors (1024K)
 Metaspace       used 26297K, capacity 26853K, committed 27008K, reserved 1073152K
  class space    used 3428K, capacity 3647K, committed 3712K, reserved 1048576K
}
Event: 2.160 GC heap after
{Heap after GC invocations=6 (full 0):
 garbage-first heap   total 131072K, used 19092K [0x0000000080000000, 0x0000000100000000)
  region size 1024K, 3 young (3072K), 3 survivors (3072K)
 Metaspace       used 26297K, capacity 26853K, committed 27008K, reserved 1073152K
  class space    used 3428K, capacity 3647K, committed 3712K, reserved 1048576K
}
Event: 2.589 GC heap before
{Heap before GC invocations=7 (full 0):
 garbage-first heap   total 131072K, used 74388K [0x0000000080000000, 0x0000000100000000)
  region size 1024K, 57 young (58368K), 3 survivors (3072K)
 Metaspace       used 32540K, capacity 33204K, committed 33280K, reserved 1077248K
  class space    used 4319K, capacity 4576K, committed 4608K, reserved 1048576K
}
Event: 2.594 GC heap after
{Heap after GC invocations=8 (full 0):
 garbage-first heap   total 157696K, used 21560K [0x0000000080000000, 0x0000000100000000)
  region size 1024K, 6 young (6144K), 6 survivors (6144K)
 Metaspace       used 32540K, capacity 33204K, committed 33280K, reserved 1077248K
  class space    used 4319K, capacity 4576K, committed 4608K, reserved 1048576K
}
Event: 3.118 GC heap before
{Heap before GC invocations=8 (full 0):
 garbage-first heap   total 157696K, used 89144K [0x0000000080000000, 0x0000000100000000)
  region size 1024K, 69 young (70656K), 6 survivors (6144K)
 Metaspace       used 39755K, capacity 40640K, committed 40832K, reserved 1085440K
  class space    used 5095K, capacity 5431K, committed 5504K, reserved 1048576K
}
Event: 3.125 GC heap after
{Heap after GC invocations=9 (full 0):
 garbage-first heap   total 157696K, used 27095K [0x0000000080000000, 0x0000000100000000)
  region size 1024K, 9 young (9216K), 9 survivors (9216K)
 Metaspace       used 39755K, capacity 40640K, committed 40832K, reserved 1085440K
  class space    used 5095K, capacity 5431K, committed 5504K, reserved 1048576K
}
Event: 3.497 GC heap before
{Heap before GC invocations=9 (full 0):
 garbage-first heap   total 157696K, used 74199K [0x0000000080000000, 0x0000000100000000)
  region size 1024K, 56 young (57344K), 9 survivors (9216K)
 Metaspace       used 44322K, capacity 45300K, committed 45440K, reserved 1089536K
  class space    used 5680K, capacity 6057K, committed 6144K, reserved 1048576K
}
Event: 3.512 GC heap after
{Heap after GC invocations=10 (full 0):
 garbage-first heap   total 157696K, used 30077K [0x0000000080000000, 0x0000000100000000)
  region size 1024K, 8 young (8192K), 8 survivors (8192K)
 Metaspace       used 44322K, capacity 45300K, committed 45440K, reserved 1089536K
  class space    used 5680K, capacity 6057K, committed 6144K, reserved 1048576K
}
Event: 3.966 GC heap before
{Heap before GC invocations=11 (full 0):
 garbage-first heap   total 157696K, used 95613K [0x0000000080000000, 0x0000000100000000)
  region size 1024K, 72 young (73728K), 8 survivors (8192K)
 Metaspace       used 47910K, capacity 49158K, committed 49408K, reserved 1091584K
  class space    used 6181K, capacity 6642K, committed 6656K, reserved 1048576K
}
Event: 3.975 GC heap after
{Heap after GC invocations=12 (full 0):
 garbage-first heap   total 157696K, used 33168K [0x0000000080000000, 0x0000000100000000)
  region size 1024K, 6 young (6144K), 6 survivors (6144K)
 Metaspace       used 47910K, capacity 49158K, committed 49408K, reserved 1091584K
  class space    used 6181K, capacity 6642K, committed 6656K, reserved 1048576K
}
Event: 4.510 GC heap before
{Heap before GC invocations=12 (full 0):
 garbage-first heap   total 157696K, used 104848K [0x0000000080000000, 0x0000000100000000)
  region size 1024K, 73 young (74752K), 6 survivors (6144K)
 Metaspace       used 53502K, capacity 54881K, committed 55040K, reserved 1097728K
  class space    used 6861K, capacity 7382K, committed 7424K, reserved 1048576K
}
Event: 4.518 GC heap after
{Heap after GC invocations=13 (full 0):
 garbage-first heap   total 189440K, used 46412K [0x0000000080000000, 0x0000000100000000)
  region size 1024K, 10 young (10240K), 10 survivors (10240K)
 Metaspace       used 53502K, capacity 54881K, committed 55040K, reserved 1097728K
  class space    used 6861K, capacity 7382K, committed 7424K, reserved 1048576K
}
Event: 5.247 GC heap before
{Heap before GC invocations=13 (full 0):
 garbage-first heap   total 189440K, used 123212K [0x0000000080000000, 0x0000000100000000)
  region size 1024K, 86 young (88064K), 10 survivors (10240K)
 Metaspace       used 63186K, capacity 64760K, committed 65024K, reserved 1105920K
  class space    used 8041K, capacity 8618K, committed 8704K, reserved 1048576K
}
Event: 5.257 GC heap after
{Heap after GC invocations=14 (full 0):
 garbage-first heap   total 189440K, used 52962K [0x0000000080000000, 0x0000000100000000)
  region size 1024K, 6 young (6144K), 6 survivors (6144K)
 Metaspace       used 63186K, capacity 64760K, committed 65024K, reserved 1105920K
  class space    used 8041K, capacity 8618K, committed 8704K, reserved 1048576K
}
Event: 5.795 GC heap before
{Heap before GC invocations=14 (full 0):
 garbage-first heap   total 189440K, used 131810K [0x0000000080000000, 0x0000000100000000)
  region size 1024K, 83 young (84992K), 6 survivors (6144K)
 Metaspace       used 67965K, capacity 69592K, committed 69888K, reserved 1110016K
  class space    used 8767K, capacity 9390K, committed 9472K, reserved 1048576K
}
Event: 5.802 GC heap after
{Heap after GC invocations=15 (full 0):
 garbage-first heap   total 189440K, used 57796K [0x0000000080000000, 0x0000000100000000)
  region size 1024K, 11 young (11264K), 11 survivors (11264K)
 Metaspace       used 67965K, capacity 69592K, committed 69888K, reserved 1110016K
  class space    used 8767K, capacity 9390K, committed 9472K, reserved 1048576K
}
Event: 6.408 GC heap before
{Heap before GC invocations=15 (full 0):
 garbage-first heap   total 189440K, used 124356K [0x0000000080000000, 0x0000000100000000)
  region size 1024K, 77 young (78848K), 11 survivors (11264K)
 Metaspace       used 74195K, capacity 75902K, committed 76160K, reserved 1116160K
  class space    used 9714K, capacity 10355K, committed 10368K, reserved 1048576K
}
Event: 6.429 GC heap after
{Heap after GC invocations=16 (full 0):
 garbage-first heap   total 189440K, used 62501K [0x0000000080000000, 0x0000000100000000)
  region size 1024K, 10 young (10240K), 10 survivors (10240K)
 Metaspace       used 74195K, capacity 75902K, committed 76160K, reserved 1116160K
  class space    used 9714K, capacity 10355K, committed 10368K, reserved 1048576K
}
Event: 7.184 GC heap before
{Heap before GC invocations=17 (full 0):
 garbage-first heap   total 189440K, used 140325K [0x0000000080000000, 0x0000000100000000)
  region size 1024K, 86 young (88064K), 10 survivors (10240K)
 Metaspace       used 80877K, capacity 83058K, committed 83276K, reserved 1120256K
  class space    used 10725K, capacity 11536K, committed 11648K, reserved 1048576K
}
Event: 7.200 GC heap after
{Heap after GC invocations=18 (full 0):
 garbage-first heap   total 227328K, used 68324K [0x0000000080000000, 0x0000000100000000)
  region size 1024K, 11 young (11264K), 11 survivors (11264K)
 Metaspace       used 80877K, capacity 83058K, committed 83276K, reserved 1120256K
  class space    used 10725K, capacity 11536K, committed 11648K, reserved 1048576K
}

Deoptimization events (20 events):
Event: 7.149 Thread 0x000001256ede1800 DEOPT PACKING pc=0x000001255a5aafc0 sp=0x00000006278fb720
Event: 7.149 Thread 0x000001256ede1800 DEOPT UNPACKING pc=0x0000012552aca1af sp=0x00000006278fb6a8 mode 2
Event: 7.150 Thread 0x000001256f678800 DEOPT PACKING pc=0x0000012553e43eb8 sp=0x00000006295fb820
Event: 7.150 Thread 0x000001256f678800 DEOPT UNPACKING pc=0x0000012552aca95e sp=0x00000006295fad28 mode 0
Event: 7.162 Thread 0x000001256f67c800 DEOPT PACKING pc=0x0000012553e43eb8 sp=0x00000006296fbb50
Event: 7.162 Thread 0x000001256f67c800 DEOPT UNPACKING pc=0x0000012552aca95e sp=0x00000006296fb058 mode 0
Event: 7.170 Thread 0x000001256ede2000 DEOPT PACKING pc=0x0000012553e43eb8 sp=0x0000000627ffbb40
Event: 7.170 Thread 0x000001256ede2000 DEOPT UNPACKING pc=0x0000012552aca95e sp=0x0000000627ffb048 mode 0
Event: 7.176 Thread 0x000001256f67c800 DEOPT PACKING pc=0x0000012553e43eb8 sp=0x00000006296fbb50
Event: 7.176 Thread 0x000001256f67c800 DEOPT UNPACKING pc=0x0000012552aca95e sp=0x00000006296fb058 mode 0
Event: 7.179 Thread 0x000001256f67c800 DEOPT PACKING pc=0x0000012553e43eb8 sp=0x00000006296fbb50
Event: 7.179 Thread 0x000001256f67c800 DEOPT UNPACKING pc=0x0000012552aca95e sp=0x00000006296fb058 mode 0
Event: 7.182 Thread 0x000001256f67c800 DEOPT PACKING pc=0x0000012553e43eb8 sp=0x00000006296fbb30
Event: 7.182 Thread 0x000001256f67c800 DEOPT UNPACKING pc=0x0000012552aca95e sp=0x00000006296fb038 mode 0
Event: 7.203 Thread 0x000001256f67c800 DEOPT PACKING pc=0x0000012553e43eb8 sp=0x00000006296fbb30
Event: 7.203 Thread 0x000001256f67c800 DEOPT UNPACKING pc=0x0000012552aca95e sp=0x00000006296fb038 mode 0
Event: 7.206 Thread 0x000001256f67c800 DEOPT PACKING pc=0x0000012553e43eb8 sp=0x00000006296fbb30
Event: 7.206 Thread 0x000001256f67c800 DEOPT UNPACKING pc=0x0000012552aca95e sp=0x00000006296fb038 mode 0
Event: 7.209 Thread 0x000001256db89000 DEOPT PACKING pc=0x0000012553e43eb8 sp=0x00000006271fbda0
Event: 7.209 Thread 0x000001256db89000 DEOPT UNPACKING pc=0x0000012552aca95e sp=0x00000006271fb2a8 mode 0

Classes redefined (0 events):
No events

Internal exceptions (20 events):
Event: 6.899 Thread 0x000001256b8f1000 Exception <a 'java/lang/NoSuchMethodError'{0x0000000088e799d0}: <clinit>> (0x0000000088e799d0) thrown at [./src/hotspot/share/prims/jni.cpp, line 1365]
Event: 6.899 Thread 0x000001256b8f1000 Exception <a 'java/lang/NoSuchMethodError'{0x0000000088e7af18}: <clinit>> (0x0000000088e7af18) thrown at [./src/hotspot/share/prims/jni.cpp, line 1365]
Event: 6.920 Thread 0x000001256c5ba800 Exception <a 'java/lang/IncompatibleClassChangeError'{0x0000000088cd2a08}: Found class java.lang.Object, but interface was expected> (0x0000000088cd2a08) thrown at [./src/hotspot/share/interpreter/linkResolver.cpp, line 839]
Event: 6.920 Thread 0x000001256c5b9000 Exception <a 'java/lang/NoSuchMethodError'{0x0000000088b13b90}: <clinit>> (0x0000000088b13b90) thrown at [./src/hotspot/share/prims/jni.cpp, line 1365]
Event: 6.923 Thread 0x000001256c5b9000 Exception <a 'java/lang/NoSuchMethodError'{0x0000000088b41118}: <clinit>> (0x0000000088b41118) thrown at [./src/hotspot/share/prims/jni.cpp, line 1365]
Event: 6.924 Thread 0x000001256c5b9000 Exception <a 'java/lang/NoSuchMethodError'{0x0000000088bacaa8}: <clinit>> (0x0000000088bacaa8) thrown at [./src/hotspot/share/prims/jni.cpp, line 1365]
Event: 6.925 Thread 0x000001256c5b9000 Exception <a 'java/lang/NoSuchMethodError'{0x0000000088bb6ad0}: 'void java.lang.invoke.DirectMethodHandle$Holder.invokeSpecial(java.lang.Object, java.lang.Object, java.lang.Object, int)'> (0x0000000088bb6ad0) thrown at [./src/hotspot/share/interpreter/linkResolver.cpp, line 773]
Event: 6.935 Thread 0x000001256b8f1000 Exception <a 'java/lang/NoSuchMethodError'{0x0000000088ab1f68}: <clinit>> (0x0000000088ab1f68) thrown at [./src/hotspot/share/prims/jni.cpp, line 1365]
Event: 6.937 Thread 0x000001256c5ba800 Exception <a 'java/lang/NoSuchMethodError'{0x0000000088aa7130}: 'java.lang.Object java.lang.invoke.DirectMethodHandle$Holder.invokeInterface(java.lang.Object, java.lang.Object, int)'> (0x0000000088aa7130) thrown at [./src/hotspot/share/interpreter/linkResolver.cpp, line 773]
Event: 6.938 Thread 0x000001256c5ba800 Exception <a 'java/lang/NoSuchMethodError'{0x0000000088ae5b40}: 'void java.lang.invoke.DirectMethodHandle$Holder.invokeStatic(java.lang.Object, java.lang.Object, java.lang.Object, int)'> (0x0000000088ae5b40) thrown at [./src/hotspot/share/interpreter/linkResolver.cpp, line 773]
Event: 6.966 Thread 0x000001256c5ba800 Implicit null exception at 0x000001255aa05ff7 to 0x000001255aa06180
Event: 6.974 Thread 0x000001256c5ba800 Exception <a 'java/lang/IncompatibleClassChangeError'{0x000000008872c0c8}: Found class java.lang.Object, but interface was expected> (0x000000008872c0c8) thrown at [./src/hotspot/share/interpreter/linkResolver.cpp, line 839]
Event: 6.996 Thread 0x000001256c5ba800 Exception <a 'java/lang/NoSuchMethodError'{0x00000000885b0078}: 'int java.lang.invoke.DirectMethodHandle$Holder.invokeStaticInit(java.lang.Object, java.lang.Object, java.lang.Object, java.lang.Object, java.lang.Object)'> (0x00000000885b0078) thrown at [./src/hotspot/share/interpreter/linkResolver.cpp, line 773]
Event: 7.110 Thread 0x000001256c5ba800 Exception <a 'java/lang/NoSuchMethodError'{0x0000000087ee9058}: 'void java.lang.invoke.DirectMethodHandle$Holder.invokeStatic(java.lang.Object, java.lang.Object, java.lang.Object, java.lang.Object, int, java.lang.Object, java.lang.Object)'> (0x0000000087ee9058) thrown at [./src/hotspot/share/interpreter/linkResolver.cpp, line 773]
Event: 7.130 Thread 0x000001256db8a000 Exception <a 'java/lang/NoSuchMethodError'{0x00000000877f2c28}: 'java.lang.Object java.lang.invoke.DirectMethodHandle$Holder.invokeSpecialIFC(java.lang.Object, java.lang.Object, java.lang.Object)'> (0x00000000877f2c28) thrown at [./src/hotspot/share/interpreter/linkResolver.cpp, line 773]
Event: 7.130 Thread 0x000001256f677000 Exception <a 'java/lang/NoSuchMethodError'{0x000000008774ef38}: 'java.lang.Object java.lang.invoke.DirectMethodHandle$Holder.invokeSpecialIFC(java.lang.Object, java.lang.Object, java.lang.Object)'> (0x000000008774ef38) thrown at [./src/hotspot/share/interpreter/linkResolver.cpp, line 773]
Event: 7.130 Thread 0x000001256db86000 Exception <a 'java/lang/NoSuchMethodError'{0x00000000877866c8}: 'java.lang.Object java.lang.invoke.DirectMethodHandle$Holder.invokeSpecialIFC(java.lang.Object, java.lang.Object, java.lang.Object)'> (0x00000000877866c8) thrown at [./src/hotspot/share/interpreter/linkResolver.cpp, line 773]
Event: 7.130 Thread 0x000001256f678800 Exception <a 'java/lang/NoSuchMethodError'{0x0000000087766d80}: 'java.lang.Object java.lang.invoke.DirectMethodHandle$Holder.invokeSpecialIFC(java.lang.Object, java.lang.Object, java.lang.Object)'> (0x0000000087766d80) thrown at [./src/hotspot/share/interpreter/linkResolver.cpp, line 773]
Event: 7.130 Thread 0x000001256f6aa000 Exception <a 'java/lang/NoSuchMethodError'{0x00000000877c8dc0}: 'java.lang.Object java.lang.invoke.DirectMethodHandle$Holder.invokeSpecialIFC(java.lang.Object, java.lang.Object, java.lang.Object)'> (0x00000000877c8dc0) thrown at [./src/hotspot/share/interpreter/linkResolver.cpp, line 773]
Event: 7.130 Thread 0x000001256ede1800 Exception <a 'java/lang/NoSuchMethodError'{0x00000000877dcde0}: 'java.lang.Object java.lang.invoke.DirectMethodHandle$Holder.invokeSpecialIFC(java.lang.Object, java.lang.Object, java.lang.Object)'> (0x00000000877dcde0) thrown at [./src/hotspot/share/interpreter/linkResolver.cpp, line 773]

Events (20 events):
Event: 7.165 Executing VM operation: RevokeBias
Event: 7.165 Executing VM operation: RevokeBias done
Event: 7.174 Executing VM operation: RevokeBias
Event: 7.174 Executing VM operation: RevokeBias done
Event: 7.175 Executing VM operation: RevokeBias
Event: 7.175 Executing VM operation: RevokeBias done
Event: 7.182 Executing VM operation: RevokeBias
Event: 7.182 Executing VM operation: RevokeBias done
Event: 7.183 loading class org/gradle/api/internal/artifacts/transform/CacheableInvocation$2
Event: 7.183 loading class org/gradle/api/internal/artifacts/transform/CacheableInvocation$2 done
Event: 7.183 loading class org/gradle/internal/Try$Success
Event: 7.183 loading class org/gradle/internal/Try$Success done
Event: 7.184 loading class org/gradle/api/internal/artifacts/transform/CacheableInvocation
Event: 7.184 loading class org/gradle/api/internal/artifacts/transform/CacheableInvocation done
Event: 7.184 loading class org/gradle/api/internal/artifacts/transform/CacheableInvocation
Event: 7.184 loading class org/gradle/api/internal/artifacts/transform/CacheableInvocation done
Event: 7.184 Executing VM operation: RevokeBias
Event: 7.184 Executing coalesced safepoint VM operation: G1CollectForAllocation
Event: 7.200 Executing coalesced safepoint VM operation: G1CollectForAllocation done
Event: 7.200 Executing VM operation: RevokeBias done


Dynamic libraries:
0x00007ff7fcde0000 - 0x00007ff7fcdea000 	C:\Program Files\Android\Android Studio\jre\bin\java.exe
0x00007ffdbbfd0000 - 0x00007ffdbc1e4000 	C:\WINDOWS\SYSTEM32\ntdll.dll
0x00007ffdbb4c0000 - 0x00007ffdbb582000 	C:\WINDOWS\System32\KERNEL32.DLL
0x00007ffdb9530000 - 0x00007ffdb98cc000 	C:\WINDOWS\System32\KERNELBASE.dll
0x00007ffdb9410000 - 0x00007ffdb9521000 	C:\WINDOWS\System32\ucrtbase.dll
0x00007ffd906f0000 - 0x00007ffd90707000 	C:\Program Files\Android\Android Studio\jre\bin\VCRUNTIME140.dll
0x00007ffd8df90000 - 0x00007ffd8dfa9000 	C:\Program Files\Android\Android Studio\jre\bin\jli.dll
0x00007ffda81d0000 - 0x00007ffda845e000 	C:\WINDOWS\WinSxS\amd64_microsoft.windows.common-controls_6595b64144ccf1df_6.0.22621.436_none_a94247dbc10d8414\COMCTL32.dll
0x00007ffdba140000 - 0x00007ffdba1e7000 	C:\WINDOWS\System32\msvcrt.dll
0x00007ffdb9e90000 - 0x00007ffdb9eb9000 	C:\WINDOWS\System32\GDI32.dll
0x00007ffdb9cc0000 - 0x00007ffdb9ce6000 	C:\WINDOWS\System32\win32u.dll
0x00007ffdbb310000 - 0x00007ffdbb4ba000 	C:\WINDOWS\System32\USER32.dll
0x00007ffdb9b00000 - 0x00007ffdb9c12000 	C:\WINDOWS\System32\gdi32full.dll
0x00007ffdb9c20000 - 0x00007ffdb9cba000 	C:\WINDOWS\System32\msvcp_win.dll
0x00007ffdbb250000 - 0x00007ffdbb281000 	C:\WINDOWS\System32\IMM32.DLL
0x00007ffd8def0000 - 0x00007ffd8df8d000 	C:\Program Files\Android\Android Studio\jre\bin\msvcp140.dll
0x00007ffd15ed0000 - 0x00007ffd169b5000 	C:\Program Files\Android\Android Studio\jre\bin\server\jvm.dll
0x00007ffdb9de0000 - 0x00007ffdb9e8e000 	C:\WINDOWS\System32\ADVAPI32.dll
0x00007ffdbbc20000 - 0x00007ffdbbcc4000 	C:\WINDOWS\System32\sechost.dll
0x00007ffdbb670000 - 0x00007ffdbb785000 	C:\WINDOWS\System32\RPCRT4.dll
0x00007ffdbbd30000 - 0x00007ffdbbd38000 	C:\WINDOWS\System32\PSAPI.DLL
0x00007ffda2fd0000 - 0x00007ffda2fd9000 	C:\WINDOWS\SYSTEM32\WSOCK32.dll
0x00007ffdb1c70000 - 0x00007ffdb1c7a000 	C:\WINDOWS\SYSTEM32\VERSION.dll
0x00007ffdb2db0000 - 0x00007ffdb2de4000 	C:\WINDOWS\SYSTEM32\WINMM.dll
0x00007ffdba820000 - 0x00007ffdba891000 	C:\WINDOWS\System32\WS2_32.dll
0x00007ffdb8580000 - 0x00007ffdb8598000 	C:\WINDOWS\SYSTEM32\kernel.appcore.dll
0x00007ffda2d50000 - 0x00007ffda2d61000 	C:\Program Files\Android\Android Studio\jre\bin\verify.dll
0x00007ffd9f7b0000 - 0x00007ffd9f9de000 	C:\WINDOWS\SYSTEM32\DBGHELP.DLL
0x00007ffdbb890000 - 0x00007ffdbbc19000 	C:\WINDOWS\System32\combase.dll
0x00007ffdbb590000 - 0x00007ffdbb667000 	C:\WINDOWS\System32\OLEAUT32.dll
0x00007ffd9f5f0000 - 0x00007ffd9f622000 	C:\WINDOWS\SYSTEM32\dbgcore.DLL
0x00007ffdb9d60000 - 0x00007ffdb9ddb000 	C:\WINDOWS\System32\bcryptPrimitives.dll
0x00007ffda2cf0000 - 0x00007ffda2d19000 	C:\Program Files\Android\Android Studio\jre\bin\java.dll
0x00007ffda2ce0000 - 0x00007ffda2ceb000 	C:\Program Files\Android\Android Studio\jre\bin\jimage.dll
0x00007ffda2cc0000 - 0x00007ffda2cd8000 	C:\Program Files\Android\Android Studio\jre\bin\zip.dll
0x00007ffdba9c0000 - 0x00007ffdbb19d000 	C:\WINDOWS\System32\SHELL32.dll
0x00007ffdb7480000 - 0x00007ffdb7d36000 	C:\WINDOWS\SYSTEM32\windows.storage.dll
0x00007ffdb7340000 - 0x00007ffdb747d000 	C:\WINDOWS\SYSTEM32\wintypes.dll
0x00007ffdbb790000 - 0x00007ffdbb881000 	C:\WINDOWS\System32\SHCORE.dll
0x00007ffdbbcd0000 - 0x00007ffdbbd2e000 	C:\WINDOWS\System32\shlwapi.dll
0x00007ffdb9340000 - 0x00007ffdb9361000 	C:\WINDOWS\SYSTEM32\profapi.dll
0x00007ffda29b0000 - 0x00007ffda29ca000 	C:\Program Files\Android\Android Studio\jre\bin\net.dll
0x00007ffdb2910000 - 0x00007ffdb2a3f000 	C:\WINDOWS\SYSTEM32\WINHTTP.dll
0x00007ffdb89e0000 - 0x00007ffdb8a49000 	C:\WINDOWS\system32\mswsock.dll
0x00007ffd9b520000 - 0x00007ffd9b534000 	C:\Program Files\Android\Android Studio\jre\bin\nio.dll
0x00007ffda3230000 - 0x00007ffda3257000 	C:\Users\lenovo\.gradle\native\e1d6ef7f7dcc3fd88c89a11ec53ec762bb8ba0a96d01ffa2cd45eb1d1d8dd5c5\windows-amd64\native-platform.dll
0x00007ffd7fdb0000 - 0x00007ffd7fef4000 	C:\Users\lenovo\.gradle\native\5664cfc778a61ccfe75a443a1ab52a65af34e5dc3c78e0209fed803814484fcb\windows-amd64\native-platform-file-events.dll
0x00007ffda2cb0000 - 0x00007ffda2cba000 	C:\Program Files\Android\Android Studio\jre\bin\management.dll
0x00007ffda2c70000 - 0x00007ffda2c7d000 	C:\Program Files\Android\Android Studio\jre\bin\management_ext.dll
0x00007ffdb8c20000 - 0x00007ffdb8c3b000 	C:\WINDOWS\SYSTEM32\CRYPTSP.dll
0x00007ffdb84f0000 - 0x00007ffdb8525000 	C:\WINDOWS\system32\rsaenh.dll
0x00007ffdb8ad0000 - 0x00007ffdb8af8000 	C:\WINDOWS\SYSTEM32\USERENV.dll
0x00007ffdb8de0000 - 0x00007ffdb8e08000 	C:\WINDOWS\SYSTEM32\bcrypt.dll
0x00007ffdb8c40000 - 0x00007ffdb8c4c000 	C:\WINDOWS\SYSTEM32\CRYPTBASE.dll
0x00007ffdb8000000 - 0x00007ffdb802d000 	C:\WINDOWS\SYSTEM32\IPHLPAPI.DLL
0x00007ffdbb300000 - 0x00007ffdbb309000 	C:\WINDOWS\System32\NSI.dll
0x00007ffdb3310000 - 0x00007ffdb3329000 	C:\WINDOWS\SYSTEM32\dhcpcsvc6.DLL
0x00007ffdb2890000 - 0x00007ffdb28af000 	C:\WINDOWS\SYSTEM32\dhcpcsvc.DLL
0x00007ffdb8070000 - 0x00007ffdb8162000 	C:\WINDOWS\SYSTEM32\DNSAPI.dll

dbghelp: loaded successfully - version: 4.0.5 - missing functions: none
symbol engine: initialized successfully - sym options: 0x614 - pdb path: .;C:\Program Files\Android\Android Studio\jre\bin;C:\WINDOWS\SYSTEM32;C:\WINDOWS\WinSxS\amd64_microsoft.windows.common-controls_6595b64144ccf1df_6.0.22621.436_none_a94247dbc10d8414;C:\Program Files\Android\Android Studio\jre\bin\server;C:\Users\lenovo\.gradle\native\e1d6ef7f7dcc3fd88c89a11ec53ec762bb8ba0a96d01ffa2cd45eb1d1d8dd5c5\windows-amd64;C:\Users\lenovo\.gradle\native\5664cfc778a61ccfe75a443a1ab52a65af34e5dc3c78e0209fed803814484fcb\windows-amd64

VM Arguments:
jvm_args: --add-opens=java.base/java.util=ALL-UNNAMED --add-opens=java.base/java.lang=ALL-UNNAMED --add-opens=java.base/java.lang.invoke=ALL-UNNAMED --add-opens=java.base/java.util=ALL-UNNAMED --add-opens=java.prefs/java.util.prefs=ALL-UNNAMED --add-opens=java.prefs/java.util.prefs=ALL-UNNAMED --add-opens=java.base/java.nio.charset=ALL-UNNAMED --add-opens=java.base/java.net=ALL-UNNAMED --add-opens=java.base/java.util.concurrent.atomic=ALL-UNNAMED -Xmx2048m -Dfile.encoding=UTF-8 -Duser.country=IN -Duser.language=en -Duser.variant 
java_command: org.gradle.launcher.daemon.bootstrap.GradleDaemon 7.3.3
java_class_path (initial): C:\Users\lenovo\.gradle\wrapper\dists\gradle-7.3.3-bin\6a41zxkdtcxs8rphpq6y0069z\gradle-7.3.3\lib\gradle-launcher-7.3.3.jar
Launcher Type: SUN_STANDARD

[Global flags]
     intx CICompilerCount                          = 4                                         {product} {ergonomic}
     uint ConcGCThreads                            = 2                                         {product} {ergonomic}
     uint G1ConcRefinementThreads                  = 8                                         {product} {ergonomic}
   size_t G1HeapRegionSize                         = 1048576                                   {product} {ergonomic}
    uintx GCDrainStackTargetSize                   = 64                                        {product} {ergonomic}
   size_t InitialHeapSize                          = 134217728                                 {product} {ergonomic}
   size_t MarkStackSize                            = 4194304                                   {product} {ergonomic}
   size_t MaxHeapSize                              = 2147483648                                {product} {command line}
   size_t MaxNewSize                               = 1287651328                                {product} {ergonomic}
   size_t MinHeapDeltaBytes                        = 1048576                                   {product} {ergonomic}
    uintx NonNMethodCodeHeapSize                   = 5836300                                {pd product} {ergonomic}
    uintx NonProfiledCodeHeapSize                  = 122910970                              {pd product} {ergonomic}
    uintx ProfiledCodeHeapSize                     = 122910970                              {pd product} {ergonomic}
    uintx ReservedCodeCacheSize                    = 251658240                              {pd product} {ergonomic}
     bool SegmentedCodeCache                       = true                                      {product} {ergonomic}
     bool UseCompressedClassPointers               = true                                 {lp64_product} {ergonomic}
     bool UseCompressedOops                        = true                                 {lp64_product} {ergonomic}
     bool UseG1GC                                  = true                                      {product} {ergonomic}
     bool UseLargePagesIndividualAllocation        = false                                  {pd product} {ergonomic}

Logging:
Log output configuration:
 #0: stdout all=warning uptime,level,tags
 #1: stderr all=off uptime,level,tags

Environment Variables:
PATH=C:\oraclexe\app\oracle\product\10.2.0\server\bin;C:\Program Files\Common Files\Oracle\Java\javapath;C:\WINDOWS\system32;C:\WINDOWS;C:\WINDOWS\System32\Wbem;C:\WINDOWS\System32\WindowsPowerShell\v1.0\;C:\WINDOWS\System32\OpenSSH\;C:\Program Files\Git\cmd;C:\Users\lenovo\AppData\Local\Microsoft\WindowsApps;C:\Users\lenovo\AppData\Local\Programs\Microsoft VS Code\bin;C:\MinGW\bin;C:\Flex Windows\gcc\bin;C:\Flex Windows\Lex\bin;C:\Flex Windows\bison\bin;
USERNAME=lenovo
OS=Windows_NT
PROCESSOR_IDENTIFIER=Intel64 Family 6 Model 158 Stepping 10, GenuineIntel



---------------  S Y S T E M  ---------------

OS: Windows 10 , 64 bit Build 22621 (10.0.22621.598)
OS uptime: 0 days 1:48 hours

CPU:total 8 (initial active 8) (4 cores per cpu, 2 threads per core) family 6 model 158 stepping 10 microcode 0xde, cmov, cx8, fxsr, mmx, sse, sse2, sse3, ssse3, sse4.1, sse4.2, popcnt, avx, avx2, aes, clmul, erms, 3dnowpref, lzcnt, ht, tsc, tscinvbit, bmi1, bmi2, adx, fma

Memory: 4k page, system-wide physical 8066M (428M free)
TotalPageFile size 10922M (AvailPageFile size 5M)
current process WorkingSet (physical memory assigned to process): 445M, peak: 445M
current process commit charge ("private bytes"): 523M, peak: 525M

vm_info: OpenJDK 64-Bit Server VM (11.0.12+7-b1504.28-7817840) for windows-amd64 JRE (11.0.12+7-b1504.28-7817840), built on Oct 13 2021 22:12:33 by "builder" with MS VC++ 14.0 (VS2015)

END.
