#
# There is insufficient memory for the Java Runtime Environment to continue.
# Native memory allocation (malloc) failed to allocate 997456 bytes for Chunk::new
# Possible reasons:
#   The system is out of physical RAM or swap space
#   The process is running with CompressedOops enabled, and the Java Heap may be blocking the growth of the native heap
# Possible solutions:
#   Reduce memory load on the system
#   Increase physical memory or swap space
#   Check if swap backing store is full
#   Decrease Java heap size (-Xmx/-Xms)
#   Decrease number of Java threads
#   Decrease Java thread stack sizes (-Xss)
#   Set larger code cache with -XX:ReservedCodeCacheSize=
#   JVM is running with Unscaled Compressed Oops mode in which the Java heap is
#     placed in the first 4GB address space. The Java Heap base address is the
#     maximum limit for the native heap growth. Please use -XX:HeapBaseMinAddress
#     to set the Java Heap base and to place the Java Heap above 4GB virtual address.
# This output file may be truncated or incomplete.
#
#  Out of Memory Error (./src/hotspot/share/memory/arena.cpp:197), pid=10720, tid=11740
#
# JRE version: OpenJDK Runtime Environment (11.0.12+7) (build 11.0.12+7-b1504.28-7817840)
# Java VM: OpenJDK 64-Bit Server VM (11.0.12+7-b1504.28-7817840, mixed mode, tiered, compressed oops, g1 gc, windows-amd64)
# No core dump will be written. Minidumps are not enabled by default on client versions of Windows
#

---------------  S U M M A R Y ------------

Command Line: --add-opens=java.base/java.util=ALL-UNNAMED --add-opens=java.base/java.lang=ALL-UNNAMED --add-opens=java.base/java.lang.invoke=ALL-UNNAMED --add-opens=java.base/java.util=ALL-UNNAMED --add-opens=java.prefs/java.util.prefs=ALL-UNNAMED --add-opens=java.prefs/java.util.prefs=ALL-UNNAMED --add-opens=java.base/java.nio.charset=ALL-UNNAMED --add-opens=java.base/java.net=ALL-UNNAMED --add-opens=java.base/java.util.concurrent.atomic=ALL-UNNAMED -Xmx2048m -Dfile.encoding=UTF-8 -Duser.country=IN -Duser.language=en -Duser.variant org.gradle.launcher.daemon.bootstrap.GradleDaemon 7.3.3

Host: Intel(R) Core(TM) i5-8300H CPU @ 2.30GHz, 8 cores, 7G,  Windows 10 , 64 bit Build 22621 (10.0.22621.598)
Time: Sun Oct  2 19:48:42 2022 India Standard Time elapsed time: 8.882730 seconds (0d 0h 0m 8s)

---------------  T H R E A D  ---------------

Current thread (0x000001b0c4c58000):  JavaThread "C2 CompilerThread0" daemon [_thread_in_native, id=11740, stack(0x000000013dd00000,0x000000013de00000)]


Current CompileTask:
C2:   8882 9905       4       org.gradle.cache.internal.btree.CachingBlockStore::read (56 bytes)

Stack: [0x000000013dd00000,0x000000013de00000]
Native frames: (J=compiled Java code, j=interpreted, Vv=VM code, C=native code)
V  [jvm.dll+0x5fbcea]
V  [jvm.dll+0x731905]
V  [jvm.dll+0x732f1d]
V  [jvm.dll+0x7335d3]
V  [jvm.dll+0x247bf8]
V  [jvm.dll+0xc018c]
V  [jvm.dll+0xc06cc]
V  [jvm.dll+0x35b2db]
V  [jvm.dll+0x19cebc]
V  [jvm.dll+0x20070e]
V  [jvm.dll+0x1ff794]
V  [jvm.dll+0x18868c]
V  [jvm.dll+0x20e0d7]
V  [jvm.dll+0x20c901]
V  [jvm.dll+0x6f9b7f]
V  [jvm.dll+0x6f26a5]
V  [jvm.dll+0x5fabf6]
C  [ucrtbase.dll+0x29363]
C  [KERNEL32.DLL+0x1244d]
C  [ntdll.dll+0x5df78]


---------------  P R O C E S S  ---------------

Threads class SMR info:
_java_thread_list=0x000001b0cec4fd10, length=136, elements={
0x000001b0e9df7800, 0x000001b0842dc800, 0x000001b0842e6000, 0x000001b0c4c52800,
0x000001b0c4c53800, 0x000001b0c4c54800, 0x000001b0c4c58000, 0x000001b0c4c59800,
0x000001b0c4c5e800, 0x000001b0c4da8000, 0x000001b0c7165800, 0x000001b0c7163800,
0x000001b0c7169800, 0x000001b0c7167000, 0x000001b0c7164800, 0x000001b0c7166000,
0x000001b0c716a000, 0x000001b0c4e88800, 0x000001b0c7168000, 0x000001b0c7168800,
0x000001b0c6d34000, 0x000001b0c6d36000, 0x000001b0c6d33000, 0x000001b0c6d34800,
0x000001b0c6d35800, 0x000001b0c6d30800, 0x000001b0c6d37000, 0x000001b0c6d32000,
0x000001b0c6d31800, 0x000001b0c6d38800, 0x000001b0c6d3d000, 0x000001b0c6d3f000,
0x000001b0c6d3b000, 0x000001b0c6d3e800, 0x000001b0c6d3d800, 0x000001b0c6d39800,
0x000001b0c6d3a800, 0x000001b0c8509000, 0x000001b0c8508800, 0x000001b0c850a000,
0x000001b0c850c800, 0x000001b0c850b000, 0x000001b0c8507800, 0x000001b0c8506800,
0x000001b0c850e000, 0x000001b0c8510800, 0x000001b0c850d800, 0x000001b0c850f000,
0x000001b0c8511800, 0x000001b0c850f800, 0x000001b0c850b800, 0x000001b0c8512000,
0x000001b0c8514000, 0x000001b0c8513000, 0x000001b0c8514800, 0x000001b0c8515800,
0x000001b0ca49c800, 0x000001b0ca499000, 0x000001b0ca49e000, 0x000001b0ca49a000,
0x000001b0ca498000, 0x000001b0ca49f800, 0x000001b0ca49f000, 0x000001b0ca49d000,
0x000001b0ca4a0800, 0x000001b0ca49a800, 0x000001b0ca4a1000, 0x000001b0ca49b800,
0x000001b0ca4a6000, 0x000001b0ca4a5800, 0x000001b0ca4a7000, 0x000001b0ca4a2000,
0x000001b0ca4a3000, 0x000001b0ca4a4800, 0x000001b0ca4a3800, 0x000001b0ca2ae000,
0x000001b0ca2b0800, 0x000001b0ca2b1000, 0x000001b0ca2b2000, 0x000001b0ca2ac800,
0x000001b0ca2b3000, 0x000001b0ca2ad000, 0x000001b0ca2af800, 0x000001b0ca2b3800,
0x000001b0ca2ae800, 0x000001b0ca2b4800, 0x000001b0ca2b5800, 0x000001b0ca2b8800,
0x000001b0ca2b9800, 0x000001b0ca2ba000, 0x000001b0ca2b7000, 0x000001b0ca2bb000,
0x000001b0ca2b6000, 0x000001b0ca2b7800, 0x000001b0c83a0000, 0x000001b0c83a2000,
0x000001b0c839e000, 0x000001b0c83a1000, 0x000001b0c83a4800, 0x000001b0c83a2800,
0x000001b0c83a3800, 0x000001b0c839e800, 0x000001b0c83a5000, 0x000001b0c839f800,
0x000001b0c83aa000, 0x000001b0c83ab000, 0x000001b0c83a8800, 0x000001b0c83ab800,
0x000001b0c83a6000, 0x000001b0c83a7800, 0x000001b0c83ac800, 0x000001b0c83a7000,
0x000001b0c83a9000, 0x000001b0c875b800, 0x000001b0c8761000, 0x000001b0c875e000,
0x000001b0c8762000, 0x000001b0c875c000, 0x000001b0c8760800, 0x000001b0c875d000,
0x000001b0c8764800, 0x000001b0c875e800, 0x000001b0c8763000, 0x000001b0c8765000,
0x000001b0c8763800, 0x000001b0c875f800, 0x000001b0c876a000, 0x000001b0c8766000,
0x000001b0c8769800, 0x000001b0c8767800, 0x000001b0c8768800, 0x000001b0c8767000,
0x000001b0ceb66800, 0x000001b0ceb69000, 0x000001b0ceb65800, 0x000001b0ceb68000
}

Java Threads: ( => current thread )
  0x000001b0e9df7800 JavaThread "main" [_thread_blocked, id=5988, stack(0x000000013d100000,0x000000013d200000)]
  0x000001b0842dc800 JavaThread "Reference Handler" daemon [_thread_blocked, id=9056, stack(0x000000013d800000,0x000000013d900000)]
  0x000001b0842e6000 JavaThread "Finalizer" daemon [_thread_blocked, id=4184, stack(0x000000013d900000,0x000000013da00000)]
  0x000001b0c4c52800 JavaThread "Signal Dispatcher" daemon [_thread_blocked, id=5820, stack(0x000000013da00000,0x000000013db00000)]
  0x000001b0c4c53800 JavaThread "Attach Listener" daemon [_thread_blocked, id=4584, stack(0x000000013db00000,0x000000013dc00000)]
  0x000001b0c4c54800 JavaThread "Service Thread" daemon [_thread_blocked, id=4744, stack(0x000000013dc00000,0x000000013dd00000)]
=>0x000001b0c4c58000 JavaThread "C2 CompilerThread0" daemon [_thread_in_native, id=11740, stack(0x000000013dd00000,0x000000013de00000)]
  0x000001b0c4c59800 JavaThread "C1 CompilerThread0" daemon [_thread_blocked, id=9012, stack(0x000000013de00000,0x000000013df00000)]
  0x000001b0c4c5e800 JavaThread "Sweeper thread" daemon [_thread_blocked, id=9748, stack(0x000000013df00000,0x000000013e000000)]
  0x000001b0c4da8000 JavaThread "Common-Cleaner" daemon [_thread_blocked, id=10928, stack(0x000000013e000000,0x000000013e100000)]
  0x000001b0c7165800 JavaThread "Daemon health stats" [_thread_blocked, id=13412, stack(0x000000013e600000,0x000000013e700000)]
  0x000001b0c7163800 JavaThread "Incoming local TCP Connector on port 50514" [_thread_in_native, id=11032, stack(0x000000013e200000,0x000000013e300000)]
  0x000001b0c7169800 JavaThread "Daemon periodic checks" [_thread_blocked, id=7520, stack(0x000000013e300000,0x000000013e400000)]
  0x000001b0c7167000 JavaThread "Daemon" [_thread_blocked, id=2696, stack(0x000000013e700000,0x000000013e800000)]
  0x000001b0c7164800 JavaThread "Handler for socket connection from /127.0.0.1:50514 to /127.0.0.1:50515" [_thread_in_native, id=13816, stack(0x000000013e800000,0x000000013e900000)]
  0x000001b0c7166000 JavaThread "Cancel handler" [_thread_blocked, id=12820, stack(0x000000013e900000,0x000000013ea00000)]
  0x000001b0c716a000 JavaThread "Daemon worker" [_thread_blocked, id=9196, stack(0x000000013ea00000,0x000000013eb00000)]
  0x000001b0c4e88800 JavaThread "C2 CompilerThread1" daemon [_thread_in_native, id=5308, stack(0x000000013eb00000,0x000000013ec00000)]
  0x000001b0c7168000 JavaThread "Asynchronous log dispatcher for DefaultDaemonConnection: socket connection from /127.0.0.1:50514 to /127.0.0.1:50515" [_thread_blocked, id=10624, stack(0x000000013ec00000,0x000000013ed00000)]
  0x000001b0c7168800 JavaThread "Stdin handler" [_thread_blocked, id=5384, stack(0x000000013ed00000,0x000000013ee00000)]
  0x000001b0c6d34000 JavaThread "Daemon client event forwarder" [_thread_blocked, id=6940, stack(0x000000013ee00000,0x000000013ef00000)]
  0x000001b0c6d36000 JavaThread "Cache worker for journal cache (C:\Users\lenovo\.gradle\caches\journal-1)" [_thread_blocked, id=10088, stack(0x000000013f400000,0x000000013f500000)]
  0x000001b0c6d33000 JavaThread "File lock request listener" [_thread_in_native, id=12640, stack(0x000000013f500000,0x000000013f600000)]
  0x000001b0c6d34800 JavaThread "Cache worker for file hash cache (C:\Users\lenovo\.gradle\caches\7.3.3\fileHashes)" [_thread_blocked, id=8524, stack(0x000000013f600000,0x000000013f700000)]
  0x000001b0c6d35800 JavaThread "Cache worker for file hash cache (C:\Users\lenovo\AndroidStudioProjects\tictato\.gradle\7.3.3\fileHashes)" [_thread_blocked, id=11396, stack(0x000000013f800000,0x000000013f900000)]
  0x000001b0c6d30800 JavaThread "File watcher server" daemon [_thread_in_native, id=12212, stack(0x000000013f900000,0x000000013fa00000)]
  0x000001b0c6d37000 JavaThread "File watcher consumer" daemon [_thread_blocked, id=12400, stack(0x000000013fa00000,0x000000013fb00000)]
  0x000001b0c6d32000 JavaThread "Cache worker for checksums cache (C:\Users\lenovo\AndroidStudioProjects\tictato\.gradle\7.3.3\checksums)" [_thread_blocked, id=2820, stack(0x000000013fb00000,0x000000013fc00000)]
  0x000001b0c6d31800 JavaThread "Cache worker for cache directory md-supplier (C:\Users\lenovo\.gradle\caches\7.3.3\md-supplier)" [_thread_blocked, id=5324, stack(0x000000013fc00000,0x000000013fd00000)]
  0x000001b0c6d38800 JavaThread "Cache worker for cache directory md-rule (C:\Users\lenovo\.gradle\caches\7.3.3\md-rule)" [_thread_blocked, id=13176, stack(0x000000013fd00000,0x000000013fe00000)]
  0x000001b0c6d3d000 JavaThread "Cache worker for execution history cache (C:\Users\lenovo\.gradle\caches\7.3.3\executionHistory)" [_thread_blocked, id=2320, stack(0x000000013fe00000,0x000000013ff00000)]
  0x000001b0c6d3f000 JavaThread "jar transforms" [_thread_blocked, id=13208, stack(0x000000013ff00000,0x0000000140000000)]
  0x000001b0c6d3b000 JavaThread "Cache worker for file content cache (C:\Users\lenovo\.gradle\caches\7.3.3\fileContent)" [_thread_blocked, id=13668, stack(0x0000000140000000,0x0000000140100000)]
  0x000001b0c6d3e800 JavaThread "jar transforms Thread 2" [_thread_blocked, id=1980, stack(0x0000000140100000,0x0000000140200000)]
  0x000001b0c6d3d800 JavaThread "Cache worker for dependencies-accessors (C:\Users\lenovo\AndroidStudioProjects\tictato\.gradle\7.3.3\dependencies-accessors)" [_thread_blocked, id=7668, stack(0x0000000140200000,0x0000000140300000)]
  0x000001b0c6d39800 JavaThread "jar transforms Thread 3" [_thread_blocked, id=3504, stack(0x0000000140300000,0x0000000140400000)]
  0x000001b0c6d3a800 JavaThread "Cache worker for Build Output Cleanup Cache (C:\Users\lenovo\AndroidStudioProjects\tictato\.gradle\buildOutputCleanup)" [_thread_blocked, id=3668, stack(0x0000000140400000,0x0000000140500000)]
  0x000001b0c8509000 JavaThread "Unconstrained build operations" [_thread_blocked, id=13952, stack(0x0000000140500000,0x0000000140600000)]
  0x000001b0c8508800 JavaThread "Unconstrained build operations Thread 2" [_thread_blocked, id=5768, stack(0x0000000140600000,0x0000000140700000)]
  0x000001b0c850a000 JavaThread "Unconstrained build operations Thread 3" [_thread_blocked, id=8996, stack(0x0000000140700000,0x0000000140800000)]
  0x000001b0c850c800 JavaThread "Unconstrained build operations Thread 4" [_thread_blocked, id=11556, stack(0x0000000140800000,0x0000000140900000)]
  0x000001b0c850b000 JavaThread "Unconstrained build operations Thread 5" [_thread_blocked, id=1688, stack(0x0000000140900000,0x0000000140a00000)]
  0x000001b0c8507800 JavaThread "Unconstrained build operations Thread 6" [_thread_blocked, id=13964, stack(0x0000000140a00000,0x0000000140b00000)]
  0x000001b0c8506800 JavaThread "Unconstrained build operations Thread 7" [_thread_blocked, id=9540, stack(0x0000000140b00000,0x0000000140c00000)]
  0x000001b0c850e000 JavaThread "Unconstrained build operations Thread 8" [_thread_blocked, id=7424, stack(0x0000000140c00000,0x0000000140d00000)]
  0x000001b0c8510800 JavaThread "Unconstrained build operations Thread 9" [_thread_blocked, id=6524, stack(0x0000000140d00000,0x0000000140e00000)]
  0x000001b0c850d800 JavaThread "Unconstrained build operations Thread 10" [_thread_blocked, id=4300, stack(0x0000000140e00000,0x0000000140f00000)]
  0x000001b0c850f000 JavaThread "Unconstrained build operations Thread 11" [_thread_blocked, id=1812, stack(0x0000000140f00000,0x0000000141000000)]
  0x000001b0c8511800 JavaThread "Unconstrained build operations Thread 12" [_thread_blocked, id=1560, stack(0x0000000141000000,0x0000000141100000)]
  0x000001b0c850f800 JavaThread "Unconstrained build operations Thread 13" [_thread_blocked, id=9044, stack(0x0000000141100000,0x0000000141200000)]
  0x000001b0c850b800 JavaThread "Unconstrained build operations Thread 14" [_thread_blocked, id=9832, stack(0x0000000141200000,0x0000000141300000)]
  0x000001b0c8512000 JavaThread "Unconstrained build operations Thread 15" [_thread_blocked, id=7312, stack(0x0000000141300000,0x0000000141400000)]
  0x000001b0c8514000 JavaThread "Unconstrained build operations Thread 16" [_thread_blocked, id=13920, stack(0x0000000141400000,0x0000000141500000)]
  0x000001b0c8513000 JavaThread "Unconstrained build operations Thread 17" [_thread_blocked, id=4536, stack(0x0000000141500000,0x0000000141600000)]
  0x000001b0c8514800 JavaThread "Unconstrained build operations Thread 18" [_thread_blocked, id=4640, stack(0x0000000141600000,0x0000000141700000)]
  0x000001b0c8515800 JavaThread "Unconstrained build operations Thread 19" [_thread_blocked, id=3748, stack(0x0000000141700000,0x0000000141800000)]
  0x000001b0ca49c800 JavaThread "Unconstrained build operations Thread 20" [_thread_blocked, id=13856, stack(0x0000000141800000,0x0000000141900000)]
  0x000001b0ca499000 JavaThread "Unconstrained build operations Thread 21" [_thread_blocked, id=2360, stack(0x0000000141900000,0x0000000141a00000)]
  0x000001b0ca49e000 JavaThread "Unconstrained build operations Thread 22" [_thread_blocked, id=7700, stack(0x0000000141a00000,0x0000000141b00000)]
  0x000001b0ca49a000 JavaThread "Unconstrained build operations Thread 23" [_thread_blocked, id=13948, stack(0x0000000141b00000,0x0000000141c00000)]
  0x000001b0ca498000 JavaThread "Unconstrained build operations Thread 24" [_thread_in_native, id=9660, stack(0x0000000141c00000,0x0000000141d00000)]
  0x000001b0ca49f800 JavaThread "Unconstrained build operations Thread 25" [_thread_blocked, id=7308, stack(0x0000000141d00000,0x0000000141e00000)]
  0x000001b0ca49f000 JavaThread "Unconstrained build operations Thread 26" [_thread_blocked, id=6432, stack(0x0000000141e00000,0x0000000141f00000)]
  0x000001b0ca49d000 JavaThread "Unconstrained build operations Thread 27" [_thread_in_vm, id=6000, stack(0x0000000141f00000,0x0000000142000000)]
  0x000001b0ca4a0800 JavaThread "Unconstrained build operations Thread 28" [_thread_blocked, id=1648, stack(0x0000000142000000,0x0000000142100000)]
  0x000001b0ca49a800 JavaThread "Unconstrained build operations Thread 29" [_thread_blocked, id=12072, stack(0x0000000142100000,0x0000000142200000)]
  0x000001b0ca4a1000 JavaThread "Unconstrained build operations Thread 30" [_thread_blocked, id=12984, stack(0x0000000142200000,0x0000000142300000)]
  0x000001b0ca49b800 JavaThread "Unconstrained build operations Thread 31" [_thread_blocked, id=10448, stack(0x0000000142300000,0x0000000142400000)]
  0x000001b0ca4a6000 JavaThread "Unconstrained build operations Thread 32" [_thread_blocked, id=2520, stack(0x0000000142400000,0x0000000142500000)]
  0x000001b0ca4a5800 JavaThread "Unconstrained build operations Thread 33" [_thread_blocked, id=1340, stack(0x0000000142500000,0x0000000142600000)]
  0x000001b0ca4a7000 JavaThread "Unconstrained build operations Thread 34" [_thread_blocked, id=4000, stack(0x0000000142600000,0x0000000142700000)]
  0x000001b0ca4a2000 JavaThread "Unconstrained build operations Thread 35" [_thread_blocked, id=13852, stack(0x0000000142700000,0x0000000142800000)]
  0x000001b0ca4a3000 JavaThread "Unconstrained build operations Thread 36" [_thread_blocked, id=10896, stack(0x0000000142800000,0x0000000142900000)]
  0x000001b0ca4a4800 JavaThread "Unconstrained build operations Thread 37" [_thread_blocked, id=1328, stack(0x0000000142900000,0x0000000142a00000)]
  0x000001b0ca4a3800 JavaThread "Unconstrained build operations Thread 38" [_thread_blocked, id=11520, stack(0x0000000142a00000,0x0000000142b00000)]
  0x000001b0ca2ae000 JavaThread "Unconstrained build operations Thread 39" [_thread_blocked, id=4376, stack(0x0000000142b00000,0x0000000142c00000)]
  0x000001b0ca2b0800 JavaThread "Unconstrained build operations Thread 40" [_thread_blocked, id=2112, stack(0x0000000142c00000,0x0000000142d00000)]
  0x000001b0ca2b1000 JavaThread "Unconstrained build operations Thread 41" [_thread_blocked, id=13400, stack(0x0000000142d00000,0x0000000142e00000)]
  0x000001b0ca2b2000 JavaThread "Unconstrained build operations Thread 42" [_thread_blocked, id=13348, stack(0x0000000142e00000,0x0000000142f00000)]
  0x000001b0ca2ac800 JavaThread "Unconstrained build operations Thread 43" [_thread_blocked, id=4512, stack(0x0000000142f00000,0x0000000143000000)]
  0x000001b0ca2b3000 JavaThread "Unconstrained build operations Thread 44" [_thread_blocked, id=7296, stack(0x0000000143000000,0x0000000143100000)]
  0x000001b0ca2ad000 JavaThread "Unconstrained build operations Thread 45" [_thread_blocked, id=11588, stack(0x0000000143100000,0x0000000143200000)]
  0x000001b0ca2af800 JavaThread "Unconstrained build operations Thread 46" [_thread_blocked, id=4116, stack(0x0000000143200000,0x0000000143300000)]
  0x000001b0ca2b3800 JavaThread "Unconstrained build operations Thread 47" [_thread_blocked, id=572, stack(0x0000000143300000,0x0000000143400000)]
  0x000001b0ca2ae800 JavaThread "Unconstrained build operations Thread 48" [_thread_blocked, id=10548, stack(0x0000000143400000,0x0000000143500000)]
  0x000001b0ca2b4800 JavaThread "Unconstrained build operations Thread 49" [_thread_blocked, id=9084, stack(0x0000000143500000,0x0000000143600000)]
  0x000001b0ca2b5800 JavaThread "Unconstrained build operations Thread 50" [_thread_blocked, id=4944, stack(0x0000000143600000,0x0000000143700000)]
  0x000001b0ca2b8800 JavaThread "Unconstrained build operations Thread 51" [_thread_blocked, id=276, stack(0x0000000143700000,0x0000000143800000)]
  0x000001b0ca2b9800 JavaThread "Unconstrained build operations Thread 52" [_thread_blocked, id=11620, stack(0x0000000143800000,0x0000000143900000)]
  0x000001b0ca2ba000 JavaThread "Unconstrained build operations Thread 53" [_thread_blocked, id=9412, stack(0x0000000143900000,0x0000000143a00000)]
  0x000001b0ca2b7000 JavaThread "Unconstrained build operations Thread 54" [_thread_blocked, id=8972, stack(0x0000000143a00000,0x0000000143b00000)]
  0x000001b0ca2bb000 JavaThread "Unconstrained build operations Thread 55" [_thread_blocked, id=13640, stack(0x0000000143b00000,0x0000000143c00000)]
  0x000001b0ca2b6000 JavaThread "Unconstrained build operations Thread 56" [_thread_blocked, id=13724, stack(0x0000000143c00000,0x0000000143d00000)]
  0x000001b0ca2b7800 JavaThread "Unconstrained build operations Thread 57" [_thread_blocked, id=5452, stack(0x0000000143d00000,0x0000000143e00000)]
  0x000001b0c83a0000 JavaThread "Unconstrained build operations Thread 58" [_thread_blocked, id=4228, stack(0x0000000143e00000,0x0000000143f00000)]
  0x000001b0c83a2000 JavaThread "Unconstrained build operations Thread 59" [_thread_blocked, id=12428, stack(0x0000000143f00000,0x0000000144000000)]
  0x000001b0c839e000 JavaThread "Unconstrained build operations Thread 60" [_thread_blocked, id=10076, stack(0x0000000144000000,0x0000000144100000)]
  0x000001b0c83a1000 JavaThread "Unconstrained build operations Thread 61" [_thread_in_vm, id=1900, stack(0x0000000144100000,0x0000000144200000)]
  0x000001b0c83a4800 JavaThread "Unconstrained build operations Thread 62" [_thread_blocked, id=13568, stack(0x0000000144200000,0x0000000144300000)]
  0x000001b0c83a2800 JavaThread "Unconstrained build operations Thread 63" [_thread_blocked, id=11540, stack(0x0000000144300000,0x0000000144400000)]
  0x000001b0c83a3800 JavaThread "Unconstrained build operations Thread 64" [_thread_blocked, id=13780, stack(0x0000000144400000,0x0000000144500000)]
  0x000001b0c839e800 JavaThread "Unconstrained build operations Thread 65" [_thread_blocked, id=14016, stack(0x0000000144500000,0x0000000144600000)]
  0x000001b0c83a5000 JavaThread "Unconstrained build operations Thread 66" [_thread_blocked, id=10780, stack(0x0000000144600000,0x0000000144700000)]
  0x000001b0c839f800 JavaThread "Unconstrained build operations Thread 67" [_thread_blocked, id=2568, stack(0x0000000144700000,0x0000000144800000)]
  0x000001b0c83aa000 JavaThread "Unconstrained build operations Thread 68" [_thread_blocked, id=9560, stack(0x0000000144800000,0x0000000144900000)]
  0x000001b0c83ab000 JavaThread "Unconstrained build operations Thread 69" [_thread_blocked, id=4200, stack(0x0000000144900000,0x0000000144a00000)]
  0x000001b0c83a8800 JavaThread "Unconstrained build operations Thread 70" [_thread_blocked, id=6752, stack(0x0000000144a00000,0x0000000144b00000)]
  0x000001b0c83ab800 JavaThread "Unconstrained build operations Thread 71" [_thread_blocked, id=1116, stack(0x0000000144b00000,0x0000000144c00000)]
  0x000001b0c83a6000 JavaThread "Unconstrained build operations Thread 72" [_thread_blocked, id=7332, stack(0x0000000144c00000,0x0000000144d00000)]
  0x000001b0c83a7800 JavaThread "Unconstrained build operations Thread 73" [_thread_blocked, id=12624, stack(0x0000000144d00000,0x0000000144e00000)]
  0x000001b0c83ac800 JavaThread "Unconstrained build operations Thread 74" [_thread_blocked, id=5744, stack(0x0000000144e00000,0x0000000144f00000)]
  0x000001b0c83a7000 JavaThread "Unconstrained build operations Thread 75" [_thread_blocked, id=5676, stack(0x0000000144f00000,0x0000000145000000)]
  0x000001b0c83a9000 JavaThread "Unconstrained build operations Thread 76" [_thread_blocked, id=3300, stack(0x0000000145000000,0x0000000145100000)]
  0x000001b0c875b800 JavaThread "Unconstrained build operations Thread 77" [_thread_blocked, id=6568, stack(0x0000000145100000,0x0000000145200000)]
  0x000001b0c8761000 JavaThread "Unconstrained build operations Thread 78" [_thread_blocked, id=5192, stack(0x0000000145200000,0x0000000145300000)]
  0x000001b0c875e000 JavaThread "Unconstrained build operations Thread 79" [_thread_blocked, id=1484, stack(0x0000000145300000,0x0000000145400000)]
  0x000001b0c8762000 JavaThread "Unconstrained build operations Thread 80" [_thread_blocked, id=6280, stack(0x0000000145400000,0x0000000145500000)]
  0x000001b0c875c000 JavaThread "jar transforms Thread 4" [_thread_blocked, id=6388, stack(0x0000000145500000,0x0000000145600000)]
  0x000001b0c8760800 JavaThread "jar transforms Thread 5" [_thread_blocked, id=704, stack(0x0000000145600000,0x0000000145700000)]
  0x000001b0c875d000 JavaThread "jar transforms Thread 6" [_thread_blocked, id=13004, stack(0x0000000145700000,0x0000000145800000)]
  0x000001b0c8764800 JavaThread "jar transforms Thread 7" [_thread_blocked, id=8548, stack(0x0000000145800000,0x0000000145900000)]
  0x000001b0c875e800 JavaThread "jar transforms Thread 8" [_thread_blocked, id=4876, stack(0x0000000145900000,0x0000000145a00000)]
  0x000001b0c8763000 JavaThread "Memory manager" [_thread_blocked, id=4808, stack(0x0000000145a00000,0x0000000145b00000)]
  0x000001b0c8765000 JavaThread "build event listener" [_thread_blocked, id=8076, stack(0x0000000145b00000,0x0000000145c00000)]
  0x000001b0c8763800 JavaThread "Execution worker for ':'" [_thread_blocked, id=12000, stack(0x0000000145c00000,0x0000000145d00000)]
  0x000001b0c875f800 JavaThread "Execution worker for ':' Thread 2" [_thread_blocked, id=9744, stack(0x0000000145d00000,0x0000000145e00000)]
  0x000001b0c876a000 JavaThread "Execution worker for ':' Thread 3" [_thread_blocked, id=1948, stack(0x0000000145e00000,0x0000000145f00000)]
  0x000001b0c8766000 JavaThread "Execution worker for ':' Thread 4" [_thread_blocked, id=7084, stack(0x0000000145f00000,0x0000000146000000)]
  0x000001b0c8769800 JavaThread "Execution worker for ':' Thread 5" [_thread_blocked, id=3316, stack(0x0000000146000000,0x0000000146100000)]
  0x000001b0c8767800 JavaThread "Execution worker for ':' Thread 6" [_thread_blocked, id=4932, stack(0x0000000146100000,0x0000000146200000)]
  0x000001b0c8768800 JavaThread "Execution worker for ':' Thread 7" [_thread_blocked, id=10888, stack(0x0000000146200000,0x0000000146300000)]
  0x000001b0c8767000 JavaThread "Cache worker for execution history cache (C:\Users\lenovo\AndroidStudioProjects\tictato\.gradle\7.3.3\executionHistory)" [_thread_blocked, id=13924, stack(0x0000000146300000,0x0000000146400000)]
  0x000001b0ceb66800 JavaThread "WorkerExecutor Queue" [_thread_blocked, id=11312, stack(0x0000000146400000,0x0000000146500000)]
  0x000001b0ceb69000 JavaThread "WorkerExecutor Queue Thread 2" [_thread_blocked, id=2436, stack(0x0000000146500000,0x0000000146600000)]
  0x000001b0ceb65800 JavaThread "WorkerExecutor Queue Thread 3" [_thread_in_native, id=4768, stack(0x0000000146600000,0x0000000146700000)]
  0x000001b0ceb68000 JavaThread "WorkerExecutor Queue Thread 4" [_thread_blocked, id=6980, stack(0x0000000146700000,0x0000000146800000)]

Other Threads:
  0x000001b0842d9000 VMThread "VM Thread" [stack: 0x000000013d700000,0x000000013d800000] [id=8084]
  0x000001b0c4dbf800 WatcherThread [stack: 0x000000013e100000,0x000000013e200000] [id=9848]
  0x000001b0e9e12000 GCTaskThread "GC Thread#0" [stack: 0x000000013d200000,0x000000013d300000] [id=7608]
  0x000001b0c5869000 GCTaskThread "GC Thread#1" [stack: 0x000000013e400000,0x000000013e500000] [id=12272]
  0x000001b0c5966000 GCTaskThread "GC Thread#2" [stack: 0x000000013e500000,0x000000013e600000] [id=9448]
  0x000001b0c7366000 GCTaskThread "GC Thread#3" [stack: 0x000000013ef00000,0x000000013f000000] [id=9208]
  0x000001b0c6f6f800 GCTaskThread "GC Thread#4" [stack: 0x000000013f000000,0x000000013f100000] [id=11844]
  0x000001b0c6111800 GCTaskThread "GC Thread#5" [stack: 0x000000013f100000,0x000000013f200000] [id=7768]
  0x000001b0c611a000 GCTaskThread "GC Thread#6" [stack: 0x000000013f200000,0x000000013f300000] [id=12932]
  0x000001b0c621a800 GCTaskThread "GC Thread#7" [stack: 0x000000013f300000,0x000000013f400000] [id=12740]
  0x000001b0e9e43000 ConcurrentGCThread "G1 Main Marker" [stack: 0x000000013d300000,0x000000013d400000] [id=6344]
  0x000001b0e9e45000 ConcurrentGCThread "G1 Conc#0" [stack: 0x000000013d400000,0x000000013d500000] [id=10776]
  0x000001b0c714f000 ConcurrentGCThread "G1 Conc#1" [stack: 0x000000013f700000,0x000000013f800000] [id=10008]
  0x000001b0e9ecd800 ConcurrentGCThread "G1 Refine#0" [stack: 0x000000013d500000,0x000000013d600000] [id=11528]
  0x000001b08412c800 ConcurrentGCThread "G1 Young RemSet Sampling" [stack: 0x000000013d600000,0x000000013d700000] [id=2684]

Threads with active compile tasks:
C2 CompilerThread0   8924 9905       4       org.gradle.cache.internal.btree.CachingBlockStore::read (56 bytes)
C2 CompilerThread1   8924 9906       4       org.gradle.cache.internal.btree.FreeListBlockStore::read (12 bytes)

VM state:not at safepoint (normal execution)

VM Mutex/Monitor currently owned by a thread: None

Heap address: 0x0000000080000000, size: 2048 MB, Compressed Oops mode: 32-bit
Narrow klass base: 0x000001b084310000, Narrow klass shift: 0
Compressed class space size: 1073741824 Address: 0x000001b084310000

Heap:
 garbage-first heap   total 227328K, used 103315K [0x0000000080000000, 0x0000000100000000)
  region size 1024K, 23 young (23552K), 5 survivors (5120K)
 Metaspace       used 88258K, capacity 90400K, committed 90704K, reserved 1128448K
  class space    used 11407K, capacity 12218K, committed 12368K, reserved 1048576K
Heap Regions: E=young(eden), S=young(survivor), O=old, HS=humongous(starts), HC=humongous(continues), CS=collection set, F=free, A=archive, TAMS=top-at-mark-start (previous, next)
|   0|0x0000000080000000, 0x0000000080100000, 0x0000000080100000|100%| O|  |TAMS 0x0000000080100000, 0x0000000080000000| Updating 
|   1|0x0000000080100000, 0x0000000080200000, 0x0000000080200000|100%| O|  |TAMS 0x0000000080200000, 0x0000000080100000| Updating 
|   2|0x0000000080200000, 0x0000000080300000, 0x0000000080300000|100%| O|  |TAMS 0x0000000080300000, 0x0000000080200000| Updating 
|   3|0x0000000080300000, 0x0000000080400000, 0x0000000080400000|100%|HS|  |TAMS 0x0000000080400000, 0x0000000080300000| Complete 
|   4|0x0000000080400000, 0x0000000080500000, 0x0000000080500000|100%|HC|  |TAMS 0x0000000080500000, 0x0000000080400000| Complete 
|   5|0x0000000080500000, 0x0000000080600000, 0x0000000080600000|100%|HC|  |TAMS 0x0000000080600000, 0x0000000080500000| Complete 
|   6|0x0000000080600000, 0x0000000080700000, 0x0000000080700000|100%| O|  |TAMS 0x0000000080700000, 0x0000000080600000| Updating 
|   7|0x0000000080700000, 0x0000000080800000, 0x0000000080800000|100%| O|  |TAMS 0x0000000080800000, 0x0000000080700000| Updating 
|   8|0x0000000080800000, 0x0000000080900000, 0x0000000080900000|100%| O|  |TAMS 0x0000000080900000, 0x0000000080800000| Updating 
|   9|0x0000000080900000, 0x0000000080a00000, 0x0000000080a00000|100%| O|  |TAMS 0x0000000080a00000, 0x0000000080900000| Updating 
|  10|0x0000000080a00000, 0x0000000080b00000, 0x0000000080b00000|100%| O|  |TAMS 0x0000000080b00000, 0x0000000080a00000| Updating 
|  11|0x0000000080b00000, 0x0000000080c00000, 0x0000000080c00000|100%| O|  |TAMS 0x0000000080c00000, 0x0000000080b00000| Updating 
|  12|0x0000000080c00000, 0x0000000080d00000, 0x0000000080d00000|100%| O|  |TAMS 0x0000000080d00000, 0x0000000080c00000| Updating 
|  13|0x0000000080d00000, 0x0000000080e00000, 0x0000000080e00000|100%| O|  |TAMS 0x0000000080e00000, 0x0000000080d00000| Updating 
|  14|0x0000000080e00000, 0x0000000080f00000, 0x0000000080f00000|100%| O|  |TAMS 0x0000000080f00000, 0x0000000080e00000| Updating 
|  15|0x0000000080f00000, 0x0000000081000000, 0x0000000081000000|100%| O|  |TAMS 0x0000000081000000, 0x0000000080f00000| Updating 
|  16|0x0000000081000000, 0x0000000081100000, 0x0000000081100000|100%| O|  |TAMS 0x0000000081100000, 0x0000000081000000| Updating 
|  17|0x0000000081100000, 0x0000000081200000, 0x0000000081200000|100%|HS|  |TAMS 0x0000000081200000, 0x0000000081100000| Complete 
|  18|0x0000000081200000, 0x0000000081300000, 0x0000000081300000|100%| O|  |TAMS 0x0000000081300000, 0x0000000081200000| Updating 
|  19|0x0000000081300000, 0x0000000081400000, 0x0000000081400000|100%| O|  |TAMS 0x0000000081400000, 0x0000000081300000| Updating 
|  20|0x0000000081400000, 0x0000000081500000, 0x0000000081500000|100%| O|  |TAMS 0x0000000081500000, 0x0000000081400000| Updating 
|  21|0x0000000081500000, 0x0000000081600000, 0x0000000081600000|100%| O|  |TAMS 0x0000000081600000, 0x0000000081500000| Updating 
|  22|0x0000000081600000, 0x0000000081700000, 0x0000000081700000|100%| O|  |TAMS 0x0000000081700000, 0x0000000081600000| Updating 
|  23|0x0000000081700000, 0x0000000081800000, 0x0000000081800000|100%| O|  |TAMS 0x0000000081800000, 0x0000000081700000| Updating 
|  24|0x0000000081800000, 0x0000000081900000, 0x0000000081900000|100%| O|  |TAMS 0x0000000081900000, 0x0000000081800000| Updating 
|  25|0x0000000081900000, 0x0000000081a00000, 0x0000000081a00000|100%| O|  |TAMS 0x0000000081a00000, 0x0000000081900000| Updating 
|  26|0x0000000081a00000, 0x0000000081b00000, 0x0000000081b00000|100%| O|  |TAMS 0x0000000081b00000, 0x0000000081a00000| Updating 
|  27|0x0000000081b00000, 0x0000000081c00000, 0x0000000081c00000|100%| O|  |TAMS 0x0000000081c00000, 0x0000000081b00000| Updating 
|  28|0x0000000081c00000, 0x0000000081d00000, 0x0000000081d00000|100%|HS|  |TAMS 0x0000000081d00000, 0x0000000081c00000| Complete 
|  29|0x0000000081d00000, 0x0000000081e00000, 0x0000000081e00000|100%|HS|  |TAMS 0x0000000081e00000, 0x0000000081d00000| Complete 
|  30|0x0000000081e00000, 0x0000000081f00000, 0x0000000081f00000|100%|HC|  |TAMS 0x0000000081f00000, 0x0000000081e00000| Complete 
|  31|0x0000000081f00000, 0x0000000082000000, 0x0000000082000000|100%| O|  |TAMS 0x0000000082000000, 0x0000000081f00000| Updating 
|  32|0x0000000082000000, 0x0000000082100000, 0x0000000082100000|100%| O|  |TAMS 0x0000000082100000, 0x0000000082000000| Updating 
|  33|0x0000000082100000, 0x0000000082200000, 0x0000000082200000|100%| O|  |TAMS 0x0000000082200000, 0x0000000082100000| Updating 
|  34|0x0000000082200000, 0x0000000082300000, 0x0000000082300000|100%| O|  |TAMS 0x0000000082300000, 0x0000000082200000| Updating 
|  35|0x0000000082300000, 0x0000000082400000, 0x0000000082400000|100%| O|  |TAMS 0x0000000082400000, 0x0000000082300000| Updating 
|  36|0x0000000082400000, 0x0000000082500000, 0x0000000082500000|100%| O|  |TAMS 0x0000000082500000, 0x0000000082400000| Updating 
|  37|0x0000000082500000, 0x0000000082600000, 0x0000000082600000|100%| O|  |TAMS 0x0000000082600000, 0x0000000082500000| Updating 
|  38|0x0000000082600000, 0x0000000082700000, 0x0000000082700000|100%| O|  |TAMS 0x0000000082700000, 0x0000000082600000| Updating 
|  39|0x0000000082700000, 0x0000000082800000, 0x0000000082800000|100%| O|  |TAMS 0x0000000082800000, 0x0000000082700000| Updating 
|  40|0x0000000082800000, 0x0000000082900000, 0x0000000082900000|100%| O|  |TAMS 0x0000000082900000, 0x0000000082800000| Updating 
|  41|0x0000000082900000, 0x0000000082a00000, 0x0000000082a00000|100%| O|  |TAMS 0x0000000082a00000, 0x0000000082900000| Updating 
|  42|0x0000000082a00000, 0x0000000082b00000, 0x0000000082b00000|100%| O|  |TAMS 0x0000000082b00000, 0x0000000082a00000| Updating 
|  43|0x0000000082b00000, 0x0000000082c00000, 0x0000000082c00000|100%| O|  |TAMS 0x0000000082c00000, 0x0000000082b00000| Updating 
|  44|0x0000000082c00000, 0x0000000082d00000, 0x0000000082d00000|100%| O|  |TAMS 0x0000000082d00000, 0x0000000082c00000| Updating 
|  45|0x0000000082d00000, 0x0000000082e00000, 0x0000000082e00000|100%| O|  |TAMS 0x0000000082e00000, 0x0000000082d00000| Updating 
|  46|0x0000000082e00000, 0x0000000082f00000, 0x0000000082f00000|100%| O|  |TAMS 0x0000000082f00000, 0x0000000082e00000| Updating 
|  47|0x0000000082f00000, 0x0000000083000000, 0x0000000083000000|100%| O|  |TAMS 0x0000000083000000, 0x0000000082f00000| Updating 
|  48|0x0000000083000000, 0x0000000083100000, 0x0000000083100000|100%| O|  |TAMS 0x0000000083100000, 0x0000000083000000| Updating 
|  49|0x0000000083100000, 0x0000000083200000, 0x0000000083200000|100%| O|  |TAMS 0x0000000083200000, 0x0000000083100000| Updating 
|  50|0x0000000083200000, 0x0000000083300000, 0x0000000083300000|100%| O|  |TAMS 0x0000000083300000, 0x0000000083200000| Updating 
|  51|0x0000000083300000, 0x0000000083400000, 0x0000000083400000|100%| O|  |TAMS 0x0000000083400000, 0x0000000083300000| Updating 
|  52|0x0000000083400000, 0x0000000083500000, 0x0000000083500000|100%| O|  |TAMS 0x0000000083500000, 0x0000000083400000| Updating 
|  53|0x0000000083500000, 0x0000000083600000, 0x0000000083600000|100%| O|  |TAMS 0x0000000083600000, 0x0000000083500000| Updating 
|  54|0x0000000083600000, 0x0000000083700000, 0x0000000083700000|100%| O|  |TAMS 0x0000000083700000, 0x0000000083600000| Updating 
|  55|0x0000000083700000, 0x0000000083800000, 0x0000000083800000|100%| O|  |TAMS 0x0000000083800000, 0x0000000083700000| Updating 
|  56|0x0000000083800000, 0x0000000083900000, 0x0000000083900000|100%| O|  |TAMS 0x0000000083900000, 0x0000000083800000| Updating 
|  57|0x0000000083900000, 0x0000000083a00000, 0x0000000083a00000|100%| O|  |TAMS 0x0000000083a00000, 0x0000000083900000| Updating 
|  58|0x0000000083a00000, 0x0000000083b00000, 0x0000000083b00000|100%| O|  |TAMS 0x0000000083b00000, 0x0000000083a00000| Updating 
|  59|0x0000000083b00000, 0x0000000083c00000, 0x0000000083c00000|100%| O|  |TAMS 0x0000000083c00000, 0x0000000083b00000| Updating 
|  60|0x0000000083c00000, 0x0000000083d00000, 0x0000000083d00000|100%| O|  |TAMS 0x0000000083d00000, 0x0000000083c00000| Updating 
|  61|0x0000000083d00000, 0x0000000083e00000, 0x0000000083e00000|100%| O|  |TAMS 0x0000000083e00000, 0x0000000083d00000| Updating 
|  62|0x0000000083e00000, 0x0000000083f00000, 0x0000000083f00000|100%| O|  |TAMS 0x0000000083f00000, 0x0000000083e00000| Updating 
|  63|0x0000000083f00000, 0x0000000084000000, 0x0000000084000000|100%| O|  |TAMS 0x0000000084000000, 0x0000000083f00000| Updating 
|  64|0x0000000084000000, 0x0000000084100000, 0x0000000084100000|100%| O|  |TAMS 0x0000000084100000, 0x0000000084000000| Updating 
|  65|0x0000000084100000, 0x0000000084200000, 0x0000000084200000|100%| O|  |TAMS 0x0000000084200000, 0x0000000084100000| Updating 
|  66|0x0000000084200000, 0x0000000084300000, 0x0000000084300000|100%| O|  |TAMS 0x0000000084300000, 0x0000000084200000| Updating 
|  67|0x0000000084300000, 0x0000000084400000, 0x0000000084400000|100%| O|  |TAMS 0x0000000084400000, 0x0000000084300000| Updating 
|  68|0x0000000084400000, 0x0000000084400000, 0x0000000084500000|  0%| F|  |TAMS 0x0000000084400000, 0x0000000084400000| Untracked 
|  69|0x0000000084500000, 0x0000000084500000, 0x0000000084600000|  0%| F|  |TAMS 0x0000000084500000, 0x0000000084500000| Untracked 
|  70|0x0000000084600000, 0x0000000084600000, 0x0000000084700000|  0%| F|  |TAMS 0x0000000084600000, 0x0000000084600000| Untracked 
|  71|0x0000000084700000, 0x0000000084700000, 0x0000000084800000|  0%| F|  |TAMS 0x0000000084700000, 0x0000000084700000| Untracked 
|  72|0x0000000084800000, 0x0000000084800000, 0x0000000084900000|  0%| F|  |TAMS 0x0000000084800000, 0x0000000084800000| Untracked 
|  73|0x0000000084900000, 0x0000000084a00000, 0x0000000084a00000|100%| O|  |TAMS 0x0000000084a00000, 0x0000000084900000| Updating 
|  74|0x0000000084a00000, 0x0000000084b00000, 0x0000000084b00000|100%| O|  |TAMS 0x0000000084b00000, 0x0000000084a00000| Updating 
|  75|0x0000000084b00000, 0x0000000084b00000, 0x0000000084c00000|  0%| F|  |TAMS 0x0000000084b00000, 0x0000000084b00000| Untracked 
|  76|0x0000000084c00000, 0x0000000084c00000, 0x0000000084d00000|  0%| F|  |TAMS 0x0000000084c00000, 0x0000000084c00000| Untracked 
|  77|0x0000000084d00000, 0x0000000084d00000, 0x0000000084e00000|  0%| F|  |TAMS 0x0000000084d00000, 0x0000000084d00000| Untracked 
|  78|0x0000000084e00000, 0x0000000084e00000, 0x0000000084f00000|  0%| F|  |TAMS 0x0000000084e00000, 0x0000000084e00000| Untracked 
|  79|0x0000000084f00000, 0x0000000084f00000, 0x0000000085000000|  0%| F|  |TAMS 0x0000000084f00000, 0x0000000084f00000| Untracked 
|  80|0x0000000085000000, 0x0000000085000000, 0x0000000085100000|  0%| F|  |TAMS 0x0000000085000000, 0x0000000085000000| Untracked 
|  81|0x0000000085100000, 0x0000000085100000, 0x0000000085200000|  0%| F|  |TAMS 0x0000000085100000, 0x0000000085100000| Untracked 
|  82|0x0000000085200000, 0x0000000085300000, 0x0000000085300000|100%| O|  |TAMS 0x0000000085300000, 0x0000000085200000| Updating 
|  83|0x0000000085300000, 0x0000000085400000, 0x0000000085400000|100%| O|  |TAMS 0x0000000085400000, 0x0000000085300000| Updating 
|  84|0x0000000085400000, 0x0000000085500000, 0x0000000085500000|100%| O|  |TAMS 0x0000000085500000, 0x0000000085400000| Updating 
|  85|0x0000000085500000, 0x0000000085600000, 0x0000000085600000|100%| O|  |TAMS 0x0000000085600000, 0x0000000085500000| Updating 
|  86|0x0000000085600000, 0x0000000085700000, 0x0000000085700000|100%| O|  |TAMS 0x0000000085700000, 0x0000000085600000| Updating 
|  87|0x0000000085700000, 0x0000000085800000, 0x0000000085800000|100%| O|  |TAMS 0x0000000085800000, 0x0000000085700000| Updating 
|  88|0x0000000085800000, 0x0000000085900000, 0x0000000085900000|100%| O|  |TAMS 0x0000000085900000, 0x0000000085800000| Updating 
|  89|0x0000000085900000, 0x0000000085a00000, 0x0000000085a00000|100%| O|  |TAMS 0x0000000085a00000, 0x0000000085900000| Updating 
|  90|0x0000000085a00000, 0x0000000085b00000, 0x0000000085b00000|100%| O|  |TAMS 0x0000000085b00000, 0x0000000085a00000| Updating 
|  91|0x0000000085b00000, 0x0000000085c00000, 0x0000000085c00000|100%| O|  |TAMS 0x0000000085c00000, 0x0000000085b00000| Updating 
|  92|0x0000000085c00000, 0x0000000085c00000, 0x0000000085d00000|  0%| F|  |TAMS 0x0000000085c00000, 0x0000000085c00000| Untracked 
|  93|0x0000000085d00000, 0x0000000085d00000, 0x0000000085e00000|  0%| F|  |TAMS 0x0000000085d00000, 0x0000000085d00000| Untracked 
|  94|0x0000000085e00000, 0x0000000085e00000, 0x0000000085f00000|  0%| F|  |TAMS 0x0000000085e00000, 0x0000000085e00000| Untracked 
|  95|0x0000000085f00000, 0x0000000085f00000, 0x0000000086000000|  0%| F|  |TAMS 0x0000000085f00000, 0x0000000085f00000| Untracked 
|  96|0x0000000086000000, 0x0000000086000000, 0x0000000086100000|  0%| F|  |TAMS 0x0000000086000000, 0x0000000086000000| Untracked 
|  97|0x0000000086100000, 0x0000000086100000, 0x0000000086200000|  0%| F|  |TAMS 0x0000000086100000, 0x0000000086100000| Untracked 
|  98|0x0000000086200000, 0x0000000086200000, 0x0000000086300000|  0%| F|  |TAMS 0x0000000086200000, 0x0000000086200000| Untracked 
|  99|0x0000000086300000, 0x0000000086300000, 0x0000000086400000|  0%| F|  |TAMS 0x0000000086300000, 0x0000000086300000| Untracked 
| 100|0x0000000086400000, 0x0000000086400000, 0x0000000086500000|  0%| F|  |TAMS 0x0000000086400000, 0x0000000086400000| Untracked 
| 101|0x0000000086500000, 0x0000000086500000, 0x0000000086600000|  0%| F|  |TAMS 0x0000000086500000, 0x0000000086500000| Untracked 
| 102|0x0000000086600000, 0x0000000086600000, 0x0000000086700000|  0%| F|  |TAMS 0x0000000086600000, 0x0000000086600000| Untracked 
| 103|0x0000000086700000, 0x0000000086700000, 0x0000000086800000|  0%| F|  |TAMS 0x0000000086700000, 0x0000000086700000| Untracked 
| 104|0x0000000086800000, 0x0000000086800000, 0x0000000086900000|  0%| F|  |TAMS 0x0000000086800000, 0x0000000086800000| Untracked 
| 105|0x0000000086900000, 0x0000000086900000, 0x0000000086a00000|  0%| F|  |TAMS 0x0000000086900000, 0x0000000086900000| Untracked 
| 106|0x0000000086a00000, 0x0000000086a00000, 0x0000000086b00000|  0%| F|  |TAMS 0x0000000086a00000, 0x0000000086a00000| Untracked 
| 107|0x0000000086b00000, 0x0000000086b00000, 0x0000000086c00000|  0%| F|  |TAMS 0x0000000086b00000, 0x0000000086b00000| Untracked 
| 108|0x0000000086c00000, 0x0000000086c00000, 0x0000000086d00000|  0%| F|  |TAMS 0x0000000086c00000, 0x0000000086c00000| Untracked 
| 109|0x0000000086d00000, 0x0000000086d00000, 0x0000000086e00000|  0%| F|  |TAMS 0x0000000086d00000, 0x0000000086d00000| Untracked 
| 110|0x0000000086e00000, 0x0000000086e00000, 0x0000000086f00000|  0%| F|  |TAMS 0x0000000086e00000, 0x0000000086e00000| Untracked 
| 111|0x0000000086f00000, 0x0000000086f00000, 0x0000000087000000|  0%| F|  |TAMS 0x0000000086f00000, 0x0000000086f00000| Untracked 
| 112|0x0000000087000000, 0x0000000087000000, 0x0000000087100000|  0%| F|  |TAMS 0x0000000087000000, 0x0000000087000000| Untracked 
| 113|0x0000000087100000, 0x0000000087100000, 0x0000000087200000|  0%| F|  |TAMS 0x0000000087100000, 0x0000000087100000| Untracked 
| 114|0x0000000087200000, 0x0000000087200000, 0x0000000087300000|  0%| F|  |TAMS 0x0000000087200000, 0x0000000087200000| Untracked 
| 115|0x0000000087300000, 0x0000000087300000, 0x0000000087400000|  0%| F|  |TAMS 0x0000000087300000, 0x0000000087300000| Untracked 
| 116|0x0000000087400000, 0x0000000087400000, 0x0000000087500000|  0%| F|  |TAMS 0x0000000087400000, 0x0000000087400000| Untracked 
| 117|0x0000000087500000, 0x0000000087500000, 0x0000000087600000|  0%| F|  |TAMS 0x0000000087500000, 0x0000000087500000| Untracked 
| 118|0x0000000087600000, 0x0000000087600000, 0x0000000087700000|  0%| F|  |TAMS 0x0000000087600000, 0x0000000087600000| Untracked 
| 119|0x0000000087700000, 0x0000000087700000, 0x0000000087800000|  0%| F|  |TAMS 0x0000000087700000, 0x0000000087700000| Untracked 
| 120|0x0000000087800000, 0x0000000087800000, 0x0000000087900000|  0%| F|  |TAMS 0x0000000087800000, 0x0000000087800000| Untracked 
| 121|0x0000000087900000, 0x0000000087900000, 0x0000000087a00000|  0%| F|  |TAMS 0x0000000087900000, 0x0000000087900000| Untracked 
| 122|0x0000000087a00000, 0x0000000087a00000, 0x0000000087b00000|  0%| F|  |TAMS 0x0000000087a00000, 0x0000000087a00000| Untracked 
| 123|0x0000000087b00000, 0x0000000087b00000, 0x0000000087c00000|  0%| F|  |TAMS 0x0000000087b00000, 0x0000000087b00000| Untracked 
| 124|0x0000000087c00000, 0x0000000087c00000, 0x0000000087d00000|  0%| F|  |TAMS 0x0000000087c00000, 0x0000000087c00000| Untracked 
| 125|0x0000000087d00000, 0x0000000087d00000, 0x0000000087e00000|  0%| F|  |TAMS 0x0000000087d00000, 0x0000000087d00000| Untracked 
| 126|0x0000000087e00000, 0x0000000087e00000, 0x0000000087f00000|  0%| F|  |TAMS 0x0000000087e00000, 0x0000000087e00000| Untracked 
| 127|0x0000000087f00000, 0x0000000087f00000, 0x0000000088000000|  0%| F|  |TAMS 0x0000000087f00000, 0x0000000087f00000| Untracked 
| 128|0x0000000088000000, 0x0000000088000000, 0x0000000088100000|  0%| F|  |TAMS 0x0000000088000000, 0x0000000088000000| Untracked 
| 129|0x0000000088100000, 0x0000000088100000, 0x0000000088200000|  0%| F|  |TAMS 0x0000000088100000, 0x0000000088100000| Untracked 
| 130|0x0000000088200000, 0x0000000088200000, 0x0000000088300000|  0%| F|  |TAMS 0x0000000088200000, 0x0000000088200000| Untracked 
| 131|0x0000000088300000, 0x0000000088300000, 0x0000000088400000|  0%| F|  |TAMS 0x0000000088300000, 0x0000000088300000| Untracked 
| 132|0x0000000088400000, 0x0000000088400000, 0x0000000088500000|  0%| F|  |TAMS 0x0000000088400000, 0x0000000088400000| Untracked 
| 133|0x0000000088500000, 0x0000000088500000, 0x0000000088600000|  0%| F|  |TAMS 0x0000000088500000, 0x0000000088500000| Untracked 
| 134|0x0000000088600000, 0x00000000886e4ea8, 0x0000000088700000| 89%| S|CS|TAMS 0x0000000088600000, 0x0000000088600000| Complete 
| 135|0x0000000088700000, 0x0000000088800000, 0x0000000088800000|100%| S|CS|TAMS 0x0000000088700000, 0x0000000088700000| Complete 
| 136|0x0000000088800000, 0x0000000088900000, 0x0000000088900000|100%| S|CS|TAMS 0x0000000088800000, 0x0000000088800000| Complete 
| 137|0x0000000088900000, 0x0000000088900000, 0x0000000088a00000|  0%| F|  |TAMS 0x0000000088900000, 0x0000000088900000| Untracked 
| 138|0x0000000088a00000, 0x0000000088a00000, 0x0000000088b00000|  0%| F|  |TAMS 0x0000000088a00000, 0x0000000088a00000| Untracked 
| 139|0x0000000088b00000, 0x0000000088b00000, 0x0000000088c00000|  0%| F|  |TAMS 0x0000000088b00000, 0x0000000088b00000| Untracked 
| 140|0x0000000088c00000, 0x0000000088d00000, 0x0000000088d00000|100%| S|CS|TAMS 0x0000000088c00000, 0x0000000088c00000| Complete 
| 141|0x0000000088d00000, 0x0000000088e00000, 0x0000000088e00000|100%| S|CS|TAMS 0x0000000088d00000, 0x0000000088d00000| Complete 
| 142|0x0000000088e00000, 0x0000000088e00000, 0x0000000088f00000|  0%| F|  |TAMS 0x0000000088e00000, 0x0000000088e00000| Untracked 
| 143|0x0000000088f00000, 0x0000000088f00000, 0x0000000089000000|  0%| F|  |TAMS 0x0000000088f00000, 0x0000000088f00000| Untracked 
| 144|0x0000000089000000, 0x0000000089000000, 0x0000000089100000|  0%| F|  |TAMS 0x0000000089000000, 0x0000000089000000| Untracked 
| 145|0x0000000089100000, 0x0000000089100000, 0x0000000089200000|  0%| F|  |TAMS 0x0000000089100000, 0x0000000089100000| Untracked 
| 146|0x0000000089200000, 0x0000000089200000, 0x0000000089300000|  0%| F|  |TAMS 0x0000000089200000, 0x0000000089200000| Untracked 
| 147|0x0000000089300000, 0x0000000089300000, 0x0000000089400000|  0%| F|  |TAMS 0x0000000089300000, 0x0000000089300000| Untracked 
| 148|0x0000000089400000, 0x0000000089400000, 0x0000000089500000|  0%| F|  |TAMS 0x0000000089400000, 0x0000000089400000| Untracked 
| 149|0x0000000089500000, 0x0000000089500000, 0x0000000089600000|  0%| F|  |TAMS 0x0000000089500000, 0x0000000089500000| Untracked 
| 150|0x0000000089600000, 0x0000000089600000, 0x0000000089700000|  0%| F|  |TAMS 0x0000000089600000, 0x0000000089600000| Untracked 
| 151|0x0000000089700000, 0x0000000089700000, 0x0000000089800000|  0%| F|  |TAMS 0x0000000089700000, 0x0000000089700000| Untracked 
| 152|0x0000000089800000, 0x0000000089800000, 0x0000000089900000|  0%| F|  |TAMS 0x0000000089800000, 0x0000000089800000| Untracked 
| 153|0x0000000089900000, 0x0000000089900000, 0x0000000089a00000|  0%| F|  |TAMS 0x0000000089900000, 0x0000000089900000| Untracked 
| 154|0x0000000089a00000, 0x0000000089a00000, 0x0000000089b00000|  0%| F|  |TAMS 0x0000000089a00000, 0x0000000089a00000| Untracked 
| 155|0x0000000089b00000, 0x0000000089b00000, 0x0000000089c00000|  0%| F|  |TAMS 0x0000000089b00000, 0x0000000089b00000| Untracked 
| 156|0x0000000089c00000, 0x0000000089c00000, 0x0000000089d00000|  0%| F|  |TAMS 0x0000000089c00000, 0x0000000089c00000| Untracked 
| 157|0x0000000089d00000, 0x0000000089d00000, 0x0000000089e00000|  0%| F|  |TAMS 0x0000000089d00000, 0x0000000089d00000| Untracked 
| 158|0x0000000089e00000, 0x0000000089e00000, 0x0000000089f00000|  0%| F|  |TAMS 0x0000000089e00000, 0x0000000089e00000| Untracked 
| 159|0x0000000089f00000, 0x0000000089f00000, 0x000000008a000000|  0%| F|  |TAMS 0x0000000089f00000, 0x0000000089f00000| Untracked 
| 160|0x000000008a000000, 0x000000008a000000, 0x000000008a100000|  0%| F|  |TAMS 0x000000008a000000, 0x000000008a000000| Untracked 
| 161|0x000000008a100000, 0x000000008a100000, 0x000000008a200000|  0%| F|  |TAMS 0x000000008a100000, 0x000000008a100000| Untracked 
| 162|0x000000008a200000, 0x000000008a200000, 0x000000008a300000|  0%| F|  |TAMS 0x000000008a200000, 0x000000008a200000| Untracked 
| 163|0x000000008a300000, 0x000000008a300000, 0x000000008a400000|  0%| F|  |TAMS 0x000000008a300000, 0x000000008a300000| Untracked 
| 164|0x000000008a400000, 0x000000008a400000, 0x000000008a500000|  0%| F|  |TAMS 0x000000008a400000, 0x000000008a400000| Untracked 
| 165|0x000000008a500000, 0x000000008a500000, 0x000000008a600000|  0%| F|  |TAMS 0x000000008a500000, 0x000000008a500000| Untracked 
| 166|0x000000008a600000, 0x000000008a600000, 0x000000008a700000|  0%| F|  |TAMS 0x000000008a600000, 0x000000008a600000| Untracked 
| 167|0x000000008a700000, 0x000000008a700000, 0x000000008a800000|  0%| F|  |TAMS 0x000000008a700000, 0x000000008a700000| Untracked 
| 168|0x000000008a800000, 0x000000008a800000, 0x000000008a900000|  0%| F|  |TAMS 0x000000008a800000, 0x000000008a800000| Untracked 
| 169|0x000000008a900000, 0x000000008a900000, 0x000000008aa00000|  0%| F|  |TAMS 0x000000008a900000, 0x000000008a900000| Untracked 
| 170|0x000000008aa00000, 0x000000008aa00000, 0x000000008ab00000|  0%| F|  |TAMS 0x000000008aa00000, 0x000000008aa00000| Untracked 
| 171|0x000000008ab00000, 0x000000008ab00000, 0x000000008ac00000|  0%| F|  |TAMS 0x000000008ab00000, 0x000000008ab00000| Untracked 
| 172|0x000000008ac00000, 0x000000008ac00000, 0x000000008ad00000|  0%| F|  |TAMS 0x000000008ac00000, 0x000000008ac00000| Untracked 
| 173|0x000000008ad00000, 0x000000008ad00000, 0x000000008ae00000|  0%| F|  |TAMS 0x000000008ad00000, 0x000000008ad00000| Untracked 
| 174|0x000000008ae00000, 0x000000008ae00000, 0x000000008af00000|  0%| F|  |TAMS 0x000000008ae00000, 0x000000008ae00000| Untracked 
| 175|0x000000008af00000, 0x000000008af00000, 0x000000008b000000|  0%| F|  |TAMS 0x000000008af00000, 0x000000008af00000| Untracked 
| 176|0x000000008b000000, 0x000000008b000000, 0x000000008b100000|  0%| F|  |TAMS 0x000000008b000000, 0x000000008b000000| Untracked 
| 177|0x000000008b100000, 0x000000008b100000, 0x000000008b200000|  0%| F|  |TAMS 0x000000008b100000, 0x000000008b100000| Untracked 
| 178|0x000000008b200000, 0x000000008b200000, 0x000000008b300000|  0%| F|  |TAMS 0x000000008b200000, 0x000000008b200000| Untracked 
| 179|0x000000008b300000, 0x000000008b300000, 0x000000008b400000|  0%| F|  |TAMS 0x000000008b300000, 0x000000008b300000| Untracked 
| 180|0x000000008b400000, 0x000000008b400000, 0x000000008b500000|  0%| F|  |TAMS 0x000000008b400000, 0x000000008b400000| Untracked 
| 181|0x000000008b500000, 0x000000008b500000, 0x000000008b600000|  0%| F|  |TAMS 0x000000008b500000, 0x000000008b500000| Untracked 
| 182|0x000000008b600000, 0x000000008b600000, 0x000000008b700000|  0%| F|  |TAMS 0x000000008b600000, 0x000000008b600000| Untracked 
| 183|0x000000008b700000, 0x000000008b700000, 0x000000008b800000|  0%| F|  |TAMS 0x000000008b700000, 0x000000008b700000| Untracked 
| 184|0x000000008b800000, 0x000000008b800000, 0x000000008b900000|  0%| F|  |TAMS 0x000000008b800000, 0x000000008b800000| Untracked 
| 185|0x000000008b900000, 0x000000008b900000, 0x000000008ba00000|  0%| F|  |TAMS 0x000000008b900000, 0x000000008b900000| Untracked 
| 186|0x000000008ba00000, 0x000000008ba00000, 0x000000008bb00000|  0%| F|  |TAMS 0x000000008ba00000, 0x000000008ba00000| Untracked 
| 187|0x000000008bb00000, 0x000000008bb00000, 0x000000008bc00000|  0%| F|  |TAMS 0x000000008bb00000, 0x000000008bb00000| Untracked 
| 188|0x000000008bc00000, 0x000000008bc00000, 0x000000008bd00000|  0%| F|  |TAMS 0x000000008bc00000, 0x000000008bc00000| Untracked 
| 189|0x000000008bd00000, 0x000000008bd00000, 0x000000008be00000|  0%| F|  |TAMS 0x000000008bd00000, 0x000000008bd00000| Untracked 
| 190|0x000000008be00000, 0x000000008be00000, 0x000000008bf00000|  0%| F|  |TAMS 0x000000008be00000, 0x000000008be00000| Untracked 
| 191|0x000000008bf00000, 0x000000008bf00000, 0x000000008c000000|  0%| F|  |TAMS 0x000000008bf00000, 0x000000008bf00000| Untracked 
| 192|0x000000008c000000, 0x000000008c000000, 0x000000008c100000|  0%| F|  |TAMS 0x000000008c000000, 0x000000008c000000| Untracked 
| 193|0x000000008c100000, 0x000000008c100000, 0x000000008c200000|  0%| F|  |TAMS 0x000000008c100000, 0x000000008c100000| Untracked 
| 194|0x000000008c200000, 0x000000008c200000, 0x000000008c300000|  0%| F|  |TAMS 0x000000008c200000, 0x000000008c200000| Untracked 
| 195|0x000000008c300000, 0x000000008c300000, 0x000000008c400000|  0%| F|  |TAMS 0x000000008c300000, 0x000000008c300000| Untracked 
| 196|0x000000008c400000, 0x000000008c400000, 0x000000008c500000|  0%| F|  |TAMS 0x000000008c400000, 0x000000008c400000| Untracked 
| 197|0x000000008c500000, 0x000000008c500000, 0x000000008c600000|  0%| F|  |TAMS 0x000000008c500000, 0x000000008c500000| Untracked 
| 198|0x000000008c600000, 0x000000008c600000, 0x000000008c700000|  0%| F|  |TAMS 0x000000008c600000, 0x000000008c600000| Untracked 
| 199|0x000000008c700000, 0x000000008c700000, 0x000000008c800000|  0%| F|  |TAMS 0x000000008c700000, 0x000000008c700000| Untracked 
| 200|0x000000008c800000, 0x000000008c800000, 0x000000008c900000|  0%| F|  |TAMS 0x000000008c800000, 0x000000008c800000| Untracked 
| 201|0x000000008c900000, 0x000000008c900000, 0x000000008ca00000|  0%| F|  |TAMS 0x000000008c900000, 0x000000008c900000| Untracked 
| 202|0x000000008ca00000, 0x000000008ca00000, 0x000000008cb00000|  0%| F|  |TAMS 0x000000008ca00000, 0x000000008ca00000| Untracked 
| 203|0x000000008cb00000, 0x000000008cb7a4a0, 0x000000008cc00000| 47%| E|  |TAMS 0x000000008cb00000, 0x000000008cb00000| Complete 
| 204|0x000000008cc00000, 0x000000008cd00000, 0x000000008cd00000|100%| E|CS|TAMS 0x000000008cc00000, 0x000000008cc00000| Complete 
| 205|0x000000008cd00000, 0x000000008ce00000, 0x000000008ce00000|100%| E|CS|TAMS 0x000000008cd00000, 0x000000008cd00000| Complete 
| 206|0x000000008ce00000, 0x000000008cf00000, 0x000000008cf00000|100%| E|CS|TAMS 0x000000008ce00000, 0x000000008ce00000| Complete 
| 207|0x000000008cf00000, 0x000000008d000000, 0x000000008d000000|100%| E|CS|TAMS 0x000000008cf00000, 0x000000008cf00000| Complete 
| 208|0x000000008d000000, 0x000000008d100000, 0x000000008d100000|100%| E|  |TAMS 0x000000008d000000, 0x000000008d000000| Complete 
| 209|0x000000008d100000, 0x000000008d200000, 0x000000008d200000|100%| E|CS|TAMS 0x000000008d100000, 0x000000008d100000| Complete 
| 210|0x000000008d200000, 0x000000008d300000, 0x000000008d300000|100%| E|CS|TAMS 0x000000008d200000, 0x000000008d200000| Complete 
| 211|0x000000008d300000, 0x000000008d400000, 0x000000008d400000|100%| E|CS|TAMS 0x000000008d300000, 0x000000008d300000| Complete 
| 212|0x000000008d400000, 0x000000008d500000, 0x000000008d500000|100%| E|CS|TAMS 0x000000008d400000, 0x000000008d400000| Complete 
| 213|0x000000008d500000, 0x000000008d600000, 0x000000008d600000|100%| E|CS|TAMS 0x000000008d500000, 0x000000008d500000| Complete 
| 214|0x000000008d600000, 0x000000008d700000, 0x000000008d700000|100%| E|CS|TAMS 0x000000008d600000, 0x000000008d600000| Complete 
| 215|0x000000008d700000, 0x000000008d800000, 0x000000008d800000|100%| E|CS|TAMS 0x000000008d700000, 0x000000008d700000| Complete 
| 216|0x000000008d800000, 0x000000008d900000, 0x000000008d900000|100%| E|CS|TAMS 0x000000008d800000, 0x000000008d800000| Complete 
| 217|0x000000008d900000, 0x000000008da00000, 0x000000008da00000|100%| E|CS|TAMS 0x000000008d900000, 0x000000008d900000| Complete 
| 218|0x000000008da00000, 0x000000008db00000, 0x000000008db00000|100%| E|CS|TAMS 0x000000008da00000, 0x000000008da00000| Complete 
| 219|0x000000008db00000, 0x000000008dc00000, 0x000000008dc00000|100%| E|CS|TAMS 0x000000008db00000, 0x000000008db00000| Complete 
| 220|0x000000008dc00000, 0x000000008dd00000, 0x000000008dd00000|100%| E|CS|TAMS 0x000000008dc00000, 0x000000008dc00000| Complete 
| 221|0x000000008dd00000, 0x000000008de00000, 0x000000008de00000|100%| E|CS|TAMS 0x000000008dd00000, 0x000000008dd00000| Complete 

Card table byte_map: [0x000001b0fd030000,0x000001b0fd430000] _byte_map_base: 0x000001b0fcc30000

Marking Bits (Prev, Next): (CMBitMap*) 0x000001b0e9e3a2f8, (CMBitMap*) 0x000001b0e9e3a330
 Prev Bits: [0x000001b0fd830000, 0x000001b0ff830000)
 Next Bits: [0x000001b080000000, 0x000001b082000000)

Polling page: 0x000001b0e95d0000

Metaspace:

Usage:
  Non-class:     76.41 MB capacity,    75.07 MB ( 98%) used,     1.10 MB (  1%) free+waste,   249.19 KB ( <1%) overhead. 
      Class:     11.93 MB capacity,    11.14 MB ( 93%) used,   694.38 KB (  6%) free+waste,   112.75 KB ( <1%) overhead. 
       Both:     88.34 MB capacity,    86.21 MB ( 98%) used,     1.78 MB (  2%) free+waste,   361.94 KB ( <1%) overhead. 

Virtual space:
  Non-class space:       78.00 MB reserved,      76.50 MB ( 98%) committed 
      Class space:        1.00 GB reserved,      12.08 MB (  1%) committed 
             Both:        1.08 GB reserved,      88.58 MB (  8%) committed 

Chunk freelists:
   Non-Class:  90.00 KB
       Class:  102.00 KB
        Both:  192.00 KB

MaxMetaspaceSize: 17179869184.00 GB
CompressedClassSpaceSize: 1.00 GB
Initial GC threshold: 20.80 MB
Current GC threshold: 147.63 MB
CDS: off

CodeHeap 'non-profiled nmethods': size=120000Kb used=5580Kb max_used=5580Kb free=114419Kb
 bounds [0x000001b0f53d0000, 0x000001b0f5950000, 0x000001b0fc900000]
CodeHeap 'profiled nmethods': size=120000Kb used=21831Kb max_used=21831Kb free=98168Kb
 bounds [0x000001b0edea0000, 0x000001b0ef400000, 0x000001b0f53d0000]
CodeHeap 'non-nmethods': size=5760Kb used=2385Kb max_used=2426Kb free=3374Kb
 bounds [0x000001b0ed900000, 0x000001b0edb70000, 0x000001b0edea0000]
 total_blobs=11114 nmethods=10217 adapters=809
 compilation: enabled
              stopped_count=0, restarted_count=0
 full_count=0

Compilation events (20 events):
Event: 8.876 Thread 0x000001b0c4c59800 nmethod 10265 0x000001b0ef3c6910 code [0x000001b0ef3c6ac0, 0x000001b0ef3c6bb8]
Event: 8.876 Thread 0x000001b0c4c59800 10266       2       org.gradle.internal.execution.UnitOfWork::skipIfInputsEmpty (4 bytes)
Event: 8.877 Thread 0x000001b0c4c59800 nmethod 10266 0x000001b0ef3c6c90 code [0x000001b0ef3c6e40, 0x000001b0ef3c6f38]
Event: 8.877 Thread 0x000001b0c4c59800 10270       2       org.gradle.internal.work.DefaultWorkerLeaseService$DefaultWorkerLease::createChild (9 bytes)
Event: 8.877 Thread 0x000001b0c4c59800 nmethod 10270 0x000001b0ef3c7010 code [0x000001b0ef3c71c0, 0x000001b0ef3c74c8]
Event: 8.877 Thread 0x000001b0c4c59800 10272       2       org.gradle.internal.vfs.impl.DefaultFileSystemAccess::snapshot (237 bytes)
Event: 8.879 Thread 0x000001b0c4c59800 nmethod 10272 0x000001b0ef3c7610 code [0x000001b0ef3c7920, 0x000001b0ef3c8ac8]
Event: 8.879 Thread 0x000001b0c4c59800 10273       2       org.gradle.api.internal.artifacts.transform.CacheableInvocation$3::getCachedResult (4 bytes)
Event: 8.879 Thread 0x000001b0c4c59800 nmethod 10273 0x000001b0ef3c9410 code [0x000001b0ef3c95c0, 0x000001b0ef3c96b8]
Event: 8.879 Thread 0x000001b0c4c59800 10271       2       org.gradle.internal.work.DefaultWorkerLeaseService::access$800 (6 bytes)
Event: 8.879 Thread 0x000001b0c4c59800 nmethod 10271 0x000001b0ef3c9790 code [0x000001b0ef3c9940, 0x000001b0ef3c9c08]
Event: 8.879 Thread 0x000001b0c4c59800 10275       2       org.gradle.api.internal.artifacts.ivyservice.resolveengine.artifact.ArtifactBackedResolvedVariant$SingleArtifactSet::visit (8 bytes)
Event: 8.879 Thread 0x000001b0c4c59800 nmethod 10275 0x000001b0ef3c9d90 code [0x000001b0ef3c9f40, 0x000001b0ef3ca068]
Event: 8.879 Thread 0x000001b0c4c59800 10276       2       org.gradle.api.internal.artifacts.ivyservice.resolveengine.artifact.ArtifactBackedResolvedVariant$SingleArtifactSet::visit (98 bytes)
Event: 8.880 Thread 0x000001b0c4c59800 nmethod 10276 0x000001b0ef3ca110 code [0x000001b0ef3ca480, 0x000001b0ef3cb3c8]
Event: 8.880 Thread 0x000001b0c4c59800 10279       2       org.gradle.cache.internal.filelock.DefaultLockStateSerializer$SequenceNumberLockState::completeUpdate (33 bytes)
Event: 8.881 Thread 0x000001b0c4c59800 nmethod 10279 0x000001b0ef3cba90 code [0x000001b0ef3cbc40, 0x000001b0ef3cbe18]
Event: 8.881 Thread 0x000001b0c4c59800 10280       2       org.gradle.cache.internal.filelock.DefaultLockStateSerializer$SequenceNumberLockState::isInInitialState (15 bytes)
Event: 8.881 Thread 0x000001b0c4c59800 nmethod 10280 0x000001b0ef3cbf10 code [0x000001b0ef3cc0c0, 0x000001b0ef3cc1d8]
Event: 8.881 Thread 0x000001b0c4c59800 10277   !   2       org.gradle.internal.work.DefaultWorkerLeaseService::withLocks (51 bytes)

GC Heap History (20 events):
Event: 4.676 GC heap before
{Heap before GC invocations=9 (full 0):
 garbage-first heap   total 157696K, used 115998K [0x0000000080000000, 0x0000000100000000)
  region size 1024K, 83 young (84992K), 3 survivors (3072K)
 Metaspace       used 49726K, capacity 50977K, committed 51280K, reserved 1093632K
  class space    used 6391K, capacity 6870K, committed 6992K, reserved 1048576K
}
Event: 4.683 GC heap after
{Heap after GC invocations=10 (full 0):
 garbage-first heap   total 157696K, used 45684K [0x0000000080000000, 0x0000000100000000)
  region size 1024K, 11 young (11264K), 11 survivors (11264K)
 Metaspace       used 49726K, capacity 50977K, committed 51280K, reserved 1093632K
  class space    used 6391K, capacity 6870K, committed 6992K, reserved 1048576K
}
Event: 5.280 GC heap before
{Heap before GC invocations=10 (full 0):
 garbage-first heap   total 157696K, used 106100K [0x0000000080000000, 0x0000000100000000)
  region size 1024K, 71 young (72704K), 11 survivors (11264K)
 Metaspace       used 58679K, capacity 60130K, committed 60240K, reserved 1101824K
  class space    used 7494K, capacity 7999K, committed 8016K, reserved 1048576K
}
Event: 5.295 GC heap after
{Heap after GC invocations=11 (full 0):
 garbage-first heap   total 157696K, used 47886K [0x0000000080000000, 0x0000000100000000)
  region size 1024K, 3 young (3072K), 3 survivors (3072K)
 Metaspace       used 58679K, capacity 60130K, committed 60240K, reserved 1101824K
  class space    used 7494K, capacity 7999K, committed 8016K, reserved 1048576K
}
Event: 5.831 GC heap before
{Heap before GC invocations=12 (full 0):
 garbage-first heap   total 157696K, used 114446K [0x0000000080000000, 0x0000000100000000)
  region size 1024K, 68 young (69632K), 3 survivors (3072K)
 Metaspace       used 64825K, capacity 66327K, committed 66512K, reserved 1107968K
  class space    used 8251K, capacity 8815K, committed 8912K, reserved 1048576K
}
Event: 5.839 GC heap after
{Heap after GC invocations=13 (full 0):
 garbage-first heap   total 157696K, used 53692K [0x0000000080000000, 0x0000000100000000)
  region size 1024K, 8 young (8192K), 8 survivors (8192K)
 Metaspace       used 64825K, capacity 66327K, committed 66512K, reserved 1107968K
  class space    used 8251K, capacity 8815K, committed 8912K, reserved 1048576K
}
Event: 6.287 GC heap before
{Heap before GC invocations=14 (full 0):
 garbage-first heap   total 157696K, used 118204K [0x0000000080000000, 0x0000000100000000)
  region size 1024K, 71 young (72704K), 8 survivors (8192K)
 Metaspace       used 68748K, capacity 70351K, committed 70480K, reserved 1110016K
  class space    used 8939K, capacity 9515K, committed 9552K, reserved 1048576K
}
Event: 6.295 GC heap after
{Heap after GC invocations=15 (full 0):
 garbage-first heap   total 189440K, used 57469K [0x0000000080000000, 0x0000000100000000)
  region size 1024K, 5 young (5120K), 5 survivors (5120K)
 Metaspace       used 68748K, capacity 70351K, committed 70480K, reserved 1110016K
  class space    used 8939K, capacity 9515K, committed 9552K, reserved 1048576K
}
Event: 7.078 GC heap before
{Heap before GC invocations=15 (full 0):
 garbage-first heap   total 189440K, used 133245K [0x0000000080000000, 0x0000000100000000)
  region size 1024K, 79 young (80896K), 5 survivors (5120K)
 Metaspace       used 76794K, capacity 78556K, committed 78672K, reserved 1118208K
  class space    used 10091K, capacity 10740K, committed 10832K, reserved 1048576K
}
Event: 7.084 GC heap after
{Heap after GC invocations=16 (full 0):
 garbage-first heap   total 189440K, used 61944K [0x0000000080000000, 0x0000000100000000)
  region size 1024K, 9 young (9216K), 9 survivors (9216K)
 Metaspace       used 76794K, capacity 78556K, committed 78672K, reserved 1118208K
  class space    used 10091K, capacity 10740K, committed 10832K, reserved 1048576K
}
Event: 7.698 GC heap before
{Heap before GC invocations=16 (full 0):
 garbage-first heap   total 189440K, used 137720K [0x0000000080000000, 0x0000000100000000)
  region size 1024K, 84 young (86016K), 9 survivors (9216K)
 Metaspace       used 81070K, capacity 83195K, committed 83280K, reserved 1120256K
  class space    used 10734K, capacity 11516K, committed 11600K, reserved 1048576K
}
Event: 7.707 GC heap after
{Heap after GC invocations=17 (full 0):
 garbage-first heap   total 189440K, used 68354K [0x0000000080000000, 0x0000000100000000)
  region size 1024K, 11 young (11264K), 11 survivors (11264K)
 Metaspace       used 81070K, capacity 83195K, committed 83280K, reserved 1120256K
  class space    used 10734K, capacity 11516K, committed 11600K, reserved 1048576K
}
Event: 8.146 GC heap before
{Heap before GC invocations=17 (full 0):
 garbage-first heap   total 189440K, used 144130K [0x0000000080000000, 0x0000000100000000)
  region size 1024K, 84 young (86016K), 11 survivors (11264K)
 Metaspace       used 83518K, capacity 85749K, committed 85840K, reserved 1124352K
  class space    used 10969K, capacity 11832K, committed 11856K, reserved 1048576K
}
Event: 8.161 GC heap after
{Heap after GC invocations=18 (full 0):
 garbage-first heap   total 189440K, used 84499K [0x0000000080000000, 0x0000000100000000)
  region size 1024K, 11 young (11264K), 11 survivors (11264K)
 Metaspace       used 83518K, capacity 85749K, committed 85840K, reserved 1124352K
  class space    used 10969K, capacity 11832K, committed 11856K, reserved 1048576K
}
Event: 8.291 GC heap before
{Heap before GC invocations=18 (full 0):
 garbage-first heap   total 189440K, used 111123K [0x0000000080000000, 0x0000000100000000)
  region size 1024K, 30 young (30720K), 11 survivors (11264K)
 Metaspace       used 83659K, capacity 85881K, committed 86096K, reserved 1124352K
  class space    used 10977K, capacity 11833K, committed 11856K, reserved 1048576K
}
Event: 8.303 GC heap after
{Heap after GC invocations=19 (full 0):
 garbage-first heap   total 189440K, used 96837K [0x0000000080000000, 0x0000000100000000)
  region size 1024K, 9 young (9216K), 9 survivors (9216K)
 Metaspace       used 83659K, capacity 85881K, committed 86096K, reserved 1124352K
  class space    used 10977K, capacity 11833K, committed 11856K, reserved 1048576K
}
Event: 8.602 GC heap before
{Heap before GC invocations=20 (full 0):
 garbage-first heap   total 189440K, used 138821K [0x0000000080000000, 0x0000000100000000)
  region size 1024K, 45 young (46080K), 9 survivors (9216K)
 Metaspace       used 87026K, capacity 89027K, committed 89552K, reserved 1126400K
  class space    used 11289K, capacity 12068K, committed 12240K, reserved 1048576K
}
Event: 8.610 GC heap after
{Heap after GC invocations=21 (full 0):
 garbage-first heap   total 189440K, used 90681K [0x0000000080000000, 0x0000000100000000)
  region size 1024K, 3 young (3072K), 3 survivors (3072K)
 Metaspace       used 87026K, capacity 89027K, committed 89552K, reserved 1126400K
  class space    used 11289K, capacity 12068K, committed 12240K, reserved 1048576K
}
Event: 8.817 GC heap before
{Heap before GC invocations=21 (full 0):
 garbage-first heap   total 189440K, used 133689K [0x0000000080000000, 0x0000000100000000)
  region size 1024K, 46 young (47104K), 3 survivors (3072K)
 Metaspace       used 87724K, capacity 89862K, committed 90192K, reserved 1126400K
  class space    used 11341K, capacity 12150K, committed 12368K, reserved 1048576K
}
Event: 8.824 GC heap after
{Heap after GC invocations=22 (full 0):
 garbage-first heap   total 227328K, used 93075K [0x0000000080000000, 0x0000000100000000)
  region size 1024K, 5 young (5120K), 5 survivors (5120K)
 Metaspace       used 87724K, capacity 89862K, committed 90192K, reserved 1126400K
  class space    used 11341K, capacity 12150K, committed 12368K, reserved 1048576K
}

Deoptimization events (20 events):
Event: 8.749 Thread 0x000001b0c8767800 DEOPT PACKING pc=0x000001b0f5932e58 sp=0x00000001461fabb0
Event: 8.749 Thread 0x000001b0c8767800 DEOPT UNPACKING pc=0x000001b0ed94a1af sp=0x00000001461faae8 mode 2
Event: 8.749 Thread 0x000001b0c8767800 Uncommon trap: trap_request=0xffffffc6 fr.pc=0x000001b0f5932e58 relative=0x0000000000000478
Event: 8.749 Thread 0x000001b0c8767800 Uncommon trap: reason=bimorphic_or_optimized_type_check action=maybe_recompile pc=0x000001b0f5932e58 method=java.util.Collections.indexedBinarySearch(Ljava/util/List;Ljava/lang/Object;Ljava/util/Comparator;)I @ 3 c2
Event: 8.749 Thread 0x000001b0c8767800 DEOPT PACKING pc=0x000001b0f5932e58 sp=0x00000001461fabb0
Event: 8.749 Thread 0x000001b0c8767800 DEOPT UNPACKING pc=0x000001b0ed94a1af sp=0x00000001461faae8 mode 2
Event: 8.749 Thread 0x000001b0c8767800 Uncommon trap: trap_request=0xffffffc6 fr.pc=0x000001b0f5932e58 relative=0x0000000000000478
Event: 8.749 Thread 0x000001b0c8767800 Uncommon trap: reason=bimorphic_or_optimized_type_check action=maybe_recompile pc=0x000001b0f5932e58 method=java.util.Collections.indexedBinarySearch(Ljava/util/List;Ljava/lang/Object;Ljava/util/Comparator;)I @ 3 c2
Event: 8.749 Thread 0x000001b0c8767800 DEOPT PACKING pc=0x000001b0f5932e58 sp=0x00000001461fabb0
Event: 8.749 Thread 0x000001b0c8767800 DEOPT UNPACKING pc=0x000001b0ed94a1af sp=0x00000001461faae8 mode 2
Event: 8.749 Thread 0x000001b0c8767800 Uncommon trap: trap_request=0xffffffc6 fr.pc=0x000001b0f59318ec relative=0x000000000000040c
Event: 8.749 Thread 0x000001b0c8767800 Uncommon trap: reason=bimorphic_or_optimized_type_check action=maybe_recompile pc=0x000001b0f59318ec method=java.util.Collections.indexedBinarySearch(Ljava/util/List;Ljava/lang/Object;Ljava/util/Comparator;)I @ 3 c2
Event: 8.749 Thread 0x000001b0c8767800 DEOPT PACKING pc=0x000001b0f59318ec sp=0x00000001461fab40
Event: 8.749 Thread 0x000001b0c8767800 DEOPT UNPACKING pc=0x000001b0ed94a1af sp=0x00000001461faae8 mode 2
Event: 8.802 Thread 0x000001b0c6d3d000 DEOPT PACKING pc=0x000001b0ef03607f sp=0x000000013fefdf60
Event: 8.802 Thread 0x000001b0c6d3d000 DEOPT UNPACKING pc=0x000001b0ed94a95e sp=0x000000013fefd428 mode 0
Event: 8.827 Thread 0x000001b0c6d3d000 Uncommon trap: trap_request=0xffffff4d fr.pc=0x000001b0f587d114 relative=0x00000000000007d4
Event: 8.827 Thread 0x000001b0c6d3d000 Uncommon trap: reason=unstable_if action=reinterpret pc=0x000001b0f587d114 method=com.google.common.collect.MapMakerInternalMap$Segment.drainKeyReferenceQueue(Ljava/lang/ref/ReferenceQueue;)V @ 8 c2
Event: 8.827 Thread 0x000001b0c6d3d000 DEOPT PACKING pc=0x000001b0f587d114 sp=0x000000013fefe0a0
Event: 8.827 Thread 0x000001b0c6d3d000 DEOPT UNPACKING pc=0x000001b0ed94a1af sp=0x000000013fefdce8 mode 2

Classes redefined (0 events):
No events

Internal exceptions (20 events):
Event: 7.577 Thread 0x000001b0c8510800 Exception <a 'java/lang/NoSuchMethodError'{0x0000000088583c60}: 'java.lang.Object java.lang.invoke.DirectMethodHandle$Holder.invokeSpecialIFC(java.lang.Object, java.lang.Object, java.lang.Object)'> (0x0000000088583c60) thrown at [./src/hotspot/share/interpreter/linkResolver.cpp, line 773]
Event: 7.577 Thread 0x000001b0c8509000 Exception <a 'java/lang/NoSuchMethodError'{0x000000008850ad50}: 'java.lang.Object java.lang.invoke.DirectMethodHandle$Holder.invokeSpecialIFC(java.lang.Object, java.lang.Object, java.lang.Object)'> (0x000000008850ad50) thrown at [./src/hotspot/share/interpreter/linkResolver.cpp, line 773]
Event: 7.577 Thread 0x000001b0c8506800 Exception <a 'java/lang/NoSuchMethodError'{0x00000000885b0208}: 'java.lang.Object java.lang.invoke.DirectMethodHandle$Holder.invokeSpecialIFC(java.lang.Object, java.lang.Object, java.lang.Object)'> (0x00000000885b0208) thrown at [./src/hotspot/share/interpreter/linkResolver.cpp, line 773]
Event: 7.577 Thread 0x000001b0c850b000 Exception <a 'java/lang/NoSuchMethodError'{0x0000000088569178}: 'java.lang.Object java.lang.invoke.DirectMethodHandle$Holder.invokeSpecialIFC(java.lang.Object, java.lang.Object, java.lang.Object)'> (0x0000000088569178) thrown at [./src/hotspot/share/interpreter/linkResolver.cpp, line 773]
Event: 7.714 Thread 0x000001b0c83a2000 Exception <a 'java/lang/NoSuchMethodError'{0x000000008b5f3870}: 'void java.lang.invoke.DirectMethodHandle$Holder.invokeVirtual(java.lang.Object, java.lang.Object)'> (0x000000008b5f3870) thrown at [./src/hotspot/share/interpreter/linkResolver.cpp, line 773]
Event: 7.944 Thread 0x000001b0c8769800 Implicit null exception at 0x000001b0f56b8784 to 0x000001b0f56b8984
Event: 8.346 Thread 0x000001b0c8769800 Exception <a 'java/lang/NoSuchMethodError'{0x000000008b7b4490}: <clinit>> (0x000000008b7b4490) thrown at [./src/hotspot/share/prims/jni.cpp, line 1365]
Event: 8.351 Thread 0x000001b0c8769800 Exception <a 'java/lang/NoSuchMethodError'{0x000000008b623a40}: <clinit>> (0x000000008b623a40) thrown at [./src/hotspot/share/prims/jni.cpp, line 1365]
Event: 8.355 Thread 0x000001b0c8769800 Exception <a 'java/lang/NoSuchMethodError'{0x000000008b6633f8}: <clinit>> (0x000000008b6633f8) thrown at [./src/hotspot/share/prims/jni.cpp, line 1365]
Event: 8.426 Thread 0x000001b0c875f800 Exception <a 'sun/nio/fs/WindowsException'{0x000000008af1def8}> (0x000000008af1def8) thrown at [./src/hotspot/share/prims/jni.cpp, line 615]
Event: 8.449 Thread 0x000001b0c875f800 Exception <a 'java/lang/NoSuchMethodError'{0x000000008ab6f258}: 'java.lang.Object java.lang.invoke.DirectMethodHandle$Holder.newInvokeSpecial(java.lang.Object, java.lang.Object, java.lang.Object, java.lang.Object)'> (0x000000008ab6f258) thrown at [./src/hotspot/share/interpreter/linkResolver.cpp, line 773]
Event: 8.644 Thread 0x000001b0c8767800 Exception <a 'java/lang/NoSuchMethodError'{0x000000008b09fb28}: <clinit>> (0x000000008b09fb28) thrown at [./src/hotspot/share/prims/jni.cpp, line 1365]
Event: 8.644 Thread 0x000001b0c8767800 Exception <a 'java/lang/NoSuchMethodError'{0x000000008b0a1118}: <clinit>> (0x000000008b0a1118) thrown at [./src/hotspot/share/prims/jni.cpp, line 1365]
Event: 8.644 Thread 0x000001b0c8767800 Exception <a 'java/lang/NoSuchMethodError'{0x000000008b0a3d18}: <clinit>> (0x000000008b0a3d18) thrown at [./src/hotspot/share/prims/jni.cpp, line 1365]
Event: 8.644 Thread 0x000001b0c8767800 Exception <a 'java/lang/NoSuchMethodError'{0x000000008b0bbfe8}: <clinit>> (0x000000008b0bbfe8) thrown at [./src/hotspot/share/prims/jni.cpp, line 1365]
Event: 8.644 Thread 0x000001b0c8767800 Exception <a 'java/lang/NoSuchMethodError'{0x000000008b0bd220}: <clinit>> (0x000000008b0bd220) thrown at [./src/hotspot/share/prims/jni.cpp, line 1365]
Event: 8.781 Thread 0x000001b0c8767800 Exception <a 'java/lang/NoSuchMethodError'{0x0000000089779f78}: <clinit>> (0x0000000089779f78) thrown at [./src/hotspot/share/prims/jni.cpp, line 1365]
Event: 8.782 Thread 0x000001b0c8767800 Exception <a 'java/lang/NoSuchMethodError'{0x00000000897ab010}: <clinit>> (0x00000000897ab010) thrown at [./src/hotspot/share/prims/jni.cpp, line 1365]
Event: 8.783 Thread 0x000001b0c8767800 Exception <a 'java/lang/NoSuchMethodError'{0x00000000897bdc38}: <clinit>> (0x00000000897bdc38) thrown at [./src/hotspot/share/prims/jni.cpp, line 1365]
Event: 8.854 Thread 0x000001b0c876a000 Exception <a 'java/lang/NoSuchMethodError'{0x000000008d712fa0}: 'int java.lang.invoke.DirectMethodHandle$Holder.invokeSpecial(java.lang.Object, java.lang.Object, java.lang.Object, java.lang.Object, java.lang.Object)'> (0x000000008d712fa0) thrown at [./src/hotspot/share/interpreter/linkResolver.cpp, line 773]

Events (20 events):
Event: 8.873 loading class kotlin/reflect/jvm/internal/impl/descriptors/deserialization/AdditionalClassPartsProvider
Event: 8.873 loading class kotlin/reflect/jvm/internal/impl/descriptors/deserialization/AdditionalClassPartsProvider done
Event: 8.874 loading class kotlin/reflect/jvm/internal/impl/descriptors/ModuleDescriptor
Event: 8.874 loading class kotlin/reflect/jvm/internal/impl/descriptors/ModuleDescriptor done
Event: 8.874 loading class kotlin/reflect/jvm/internal/impl/types/KotlinType
Event: 8.874 loading class kotlin/reflect/jvm/internal/impl/types/KotlinType done
Event: 8.875 loading class kotlin/reflect/jvm/internal/impl/types/model/KotlinTypeMarker
Event: 8.875 loading class kotlin/reflect/jvm/internal/impl/types/model/KotlinTypeMarker done
Event: 8.877 loading class kotlin/reflect/jvm/internal/impl/types/SimpleType
Event: 8.877 loading class kotlin/reflect/jvm/internal/impl/types/SimpleType done
Event: 8.877 loading class kotlin/reflect/jvm/internal/impl/types/model/SimpleTypeMarker
Event: 8.877 loading class kotlin/reflect/jvm/internal/impl/types/model/SimpleTypeMarker done
Event: 8.878 loading class kotlin/reflect/jvm/internal/impl/types/model/TypeArgumentListMarker
Event: 8.878 loading class kotlin/reflect/jvm/internal/impl/types/model/TypeArgumentListMarker done
Event: 8.878 loading class kotlin/reflect/jvm/internal/impl/types/UnwrappedType
Event: 8.878 loading class kotlin/reflect/jvm/internal/impl/types/UnwrappedType done
Event: 8.879 loading class kotlin/reflect/jvm/internal/impl/incremental/components/LookupLocation
Event: 8.879 loading class kotlin/reflect/jvm/internal/impl/incremental/components/LookupLocation done
Event: 8.880 loading class kotlin/reflect/jvm/internal/impl/builtins/jvm/JvmBuiltIns$Kind
Event: 8.880 loading class kotlin/reflect/jvm/internal/impl/builtins/jvm/JvmBuiltIns$Kind done


Dynamic libraries:
0x00007ff7fcde0000 - 0x00007ff7fcdea000 	C:\Program Files\Android\Android Studio\jre\bin\java.exe
0x00007ffdbbfd0000 - 0x00007ffdbc1e4000 	C:\WINDOWS\SYSTEM32\ntdll.dll
0x00007ffdbb4c0000 - 0x00007ffdbb582000 	C:\WINDOWS\System32\KERNEL32.DLL
0x00007ffdb9530000 - 0x00007ffdb98cc000 	C:\WINDOWS\System32\KERNELBASE.dll
0x00007ffdb9410000 - 0x00007ffdb9521000 	C:\WINDOWS\System32\ucrtbase.dll
0x00007ffd906f0000 - 0x00007ffd90709000 	C:\Program Files\Android\Android Studio\jre\bin\jli.dll
0x00007ffd8df90000 - 0x00007ffd8dfa7000 	C:\Program Files\Android\Android Studio\jre\bin\VCRUNTIME140.dll
0x00007ffdbb310000 - 0x00007ffdbb4ba000 	C:\WINDOWS\System32\USER32.dll
0x00007ffda81d0000 - 0x00007ffda845e000 	C:\WINDOWS\WinSxS\amd64_microsoft.windows.common-controls_6595b64144ccf1df_6.0.22621.436_none_a94247dbc10d8414\COMCTL32.dll
0x00007ffdb9cc0000 - 0x00007ffdb9ce6000 	C:\WINDOWS\System32\win32u.dll
0x00007ffdb9e90000 - 0x00007ffdb9eb9000 	C:\WINDOWS\System32\GDI32.dll
0x00007ffdba140000 - 0x00007ffdba1e7000 	C:\WINDOWS\System32\msvcrt.dll
0x00007ffdb9b00000 - 0x00007ffdb9c12000 	C:\WINDOWS\System32\gdi32full.dll
0x00007ffdb9c20000 - 0x00007ffdb9cba000 	C:\WINDOWS\System32\msvcp_win.dll
0x00007ffdbb250000 - 0x00007ffdbb281000 	C:\WINDOWS\System32\IMM32.DLL
0x00007ffd8def0000 - 0x00007ffd8df8d000 	C:\Program Files\Android\Android Studio\jre\bin\msvcp140.dll
0x00007ffd15ed0000 - 0x00007ffd169b5000 	C:\Program Files\Android\Android Studio\jre\bin\server\jvm.dll
0x00007ffdb9de0000 - 0x00007ffdb9e8e000 	C:\WINDOWS\System32\ADVAPI32.dll
0x00007ffdbbc20000 - 0x00007ffdbbcc4000 	C:\WINDOWS\System32\sechost.dll
0x00007ffdbb670000 - 0x00007ffdbb785000 	C:\WINDOWS\System32\RPCRT4.dll
0x00007ffdbbd30000 - 0x00007ffdbbd38000 	C:\WINDOWS\System32\PSAPI.DLL
0x00007ffda2fd0000 - 0x00007ffda2fd9000 	C:\WINDOWS\SYSTEM32\WSOCK32.dll
0x00007ffdb2db0000 - 0x00007ffdb2de4000 	C:\WINDOWS\SYSTEM32\WINMM.dll
0x00007ffdba820000 - 0x00007ffdba891000 	C:\WINDOWS\System32\WS2_32.dll
0x00007ffdb1c70000 - 0x00007ffdb1c7a000 	C:\WINDOWS\SYSTEM32\VERSION.dll
0x00007ffdb8580000 - 0x00007ffdb8598000 	C:\WINDOWS\SYSTEM32\kernel.appcore.dll
0x00007ffda2d50000 - 0x00007ffda2d61000 	C:\Program Files\Android\Android Studio\jre\bin\verify.dll
0x00007ffd9f7b0000 - 0x00007ffd9f9de000 	C:\WINDOWS\SYSTEM32\DBGHELP.DLL
0x00007ffdbb890000 - 0x00007ffdbbc19000 	C:\WINDOWS\System32\combase.dll
0x00007ffdbb590000 - 0x00007ffdbb667000 	C:\WINDOWS\System32\OLEAUT32.dll
0x00007ffd9f5f0000 - 0x00007ffd9f622000 	C:\WINDOWS\SYSTEM32\dbgcore.DLL
0x00007ffdb9d60000 - 0x00007ffdb9ddb000 	C:\WINDOWS\System32\bcryptPrimitives.dll
0x00007ffda2cf0000 - 0x00007ffda2d19000 	C:\Program Files\Android\Android Studio\jre\bin\java.dll
0x00007ffda2ce0000 - 0x00007ffda2ceb000 	C:\Program Files\Android\Android Studio\jre\bin\jimage.dll
0x00007ffda2cc0000 - 0x00007ffda2cd8000 	C:\Program Files\Android\Android Studio\jre\bin\zip.dll
0x00007ffdba9c0000 - 0x00007ffdbb19d000 	C:\WINDOWS\System32\SHELL32.dll
0x00007ffdb7480000 - 0x00007ffdb7d36000 	C:\WINDOWS\SYSTEM32\windows.storage.dll
0x00007ffdb7340000 - 0x00007ffdb747d000 	C:\WINDOWS\SYSTEM32\wintypes.dll
0x00007ffdbb790000 - 0x00007ffdbb881000 	C:\WINDOWS\System32\SHCORE.dll
0x00007ffdbbcd0000 - 0x00007ffdbbd2e000 	C:\WINDOWS\System32\shlwapi.dll
0x00007ffdb9340000 - 0x00007ffdb9361000 	C:\WINDOWS\SYSTEM32\profapi.dll
0x00007ffda29b0000 - 0x00007ffda29ca000 	C:\Program Files\Android\Android Studio\jre\bin\net.dll
0x00007ffdb2910000 - 0x00007ffdb2a3f000 	C:\WINDOWS\SYSTEM32\WINHTTP.dll
0x00007ffdb89e0000 - 0x00007ffdb8a49000 	C:\WINDOWS\system32\mswsock.dll
0x00007ffd9b520000 - 0x00007ffd9b534000 	C:\Program Files\Android\Android Studio\jre\bin\nio.dll
0x00007ffda3230000 - 0x00007ffda3257000 	C:\Users\lenovo\.gradle\native\e1d6ef7f7dcc3fd88c89a11ec53ec762bb8ba0a96d01ffa2cd45eb1d1d8dd5c5\windows-amd64\native-platform.dll
0x00007ffd7fdb0000 - 0x00007ffd7fef4000 	C:\Users\lenovo\.gradle\native\5664cfc778a61ccfe75a443a1ab52a65af34e5dc3c78e0209fed803814484fcb\windows-amd64\native-platform-file-events.dll
0x00007ffda2cb0000 - 0x00007ffda2cba000 	C:\Program Files\Android\Android Studio\jre\bin\management.dll
0x00007ffda2c70000 - 0x00007ffda2c7d000 	C:\Program Files\Android\Android Studio\jre\bin\management_ext.dll
0x00007ffdb8c20000 - 0x00007ffdb8c3b000 	C:\WINDOWS\SYSTEM32\CRYPTSP.dll
0x00007ffdb84f0000 - 0x00007ffdb8525000 	C:\WINDOWS\system32\rsaenh.dll
0x00007ffdb8ad0000 - 0x00007ffdb8af8000 	C:\WINDOWS\SYSTEM32\USERENV.dll
0x00007ffdb8de0000 - 0x00007ffdb8e08000 	C:\WINDOWS\SYSTEM32\bcrypt.dll
0x00007ffdb8c40000 - 0x00007ffdb8c4c000 	C:\WINDOWS\SYSTEM32\CRYPTBASE.dll
0x00007ffdb8000000 - 0x00007ffdb802d000 	C:\WINDOWS\SYSTEM32\IPHLPAPI.DLL
0x00007ffdbb300000 - 0x00007ffdbb309000 	C:\WINDOWS\System32\NSI.dll
0x00007ffdb3310000 - 0x00007ffdb3329000 	C:\WINDOWS\SYSTEM32\dhcpcsvc6.DLL
0x00007ffdb2890000 - 0x00007ffdb28af000 	C:\WINDOWS\SYSTEM32\dhcpcsvc.DLL
0x00007ffdb8070000 - 0x00007ffdb8162000 	C:\WINDOWS\SYSTEM32\DNSAPI.dll
0x00007ffdb85a0000 - 0x00007ffdb85d4000 	C:\WINDOWS\SYSTEM32\ntmarta.dll

dbghelp: loaded successfully - version: 4.0.5 - missing functions: none
symbol engine: initialized successfully - sym options: 0x614 - pdb path: .;C:\Program Files\Android\Android Studio\jre\bin;C:\WINDOWS\SYSTEM32;C:\WINDOWS\WinSxS\amd64_microsoft.windows.common-controls_6595b64144ccf1df_6.0.22621.436_none_a94247dbc10d8414;C:\Program Files\Android\Android Studio\jre\bin\server;C:\Users\lenovo\.gradle\native\e1d6ef7f7dcc3fd88c89a11ec53ec762bb8ba0a96d01ffa2cd45eb1d1d8dd5c5\windows-amd64;C:\Users\lenovo\.gradle\native\5664cfc778a61ccfe75a443a1ab52a65af34e5dc3c78e0209fed803814484fcb\windows-amd64

VM Arguments:
jvm_args: --add-opens=java.base/java.util=ALL-UNNAMED --add-opens=java.base/java.lang=ALL-UNNAMED --add-opens=java.base/java.lang.invoke=ALL-UNNAMED --add-opens=java.base/java.util=ALL-UNNAMED --add-opens=java.prefs/java.util.prefs=ALL-UNNAMED --add-opens=java.prefs/java.util.prefs=ALL-UNNAMED --add-opens=java.base/java.nio.charset=ALL-UNNAMED --add-opens=java.base/java.net=ALL-UNNAMED --add-opens=java.base/java.util.concurrent.atomic=ALL-UNNAMED -Xmx2048m -Dfile.encoding=UTF-8 -Duser.country=IN -Duser.language=en -Duser.variant 
java_command: org.gradle.launcher.daemon.bootstrap.GradleDaemon 7.3.3
java_class_path (initial): C:\Users\lenovo\.gradle\wrapper\dists\gradle-7.3.3-bin\6a41zxkdtcxs8rphpq6y0069z\gradle-7.3.3\lib\gradle-launcher-7.3.3.jar
Launcher Type: SUN_STANDARD

[Global flags]
     intx CICompilerCount                          = 4                                         {product} {ergonomic}
     uint ConcGCThreads                            = 2                                         {product} {ergonomic}
     uint G1ConcRefinementThreads                  = 8                                         {product} {ergonomic}
   size_t G1HeapRegionSize                         = 1048576                                   {product} {ergonomic}
    uintx GCDrainStackTargetSize                   = 64                                        {product} {ergonomic}
   size_t InitialHeapSize                          = 134217728                                 {product} {ergonomic}
   size_t MarkStackSize                            = 4194304                                   {product} {ergonomic}
   size_t MaxHeapSize                              = 2147483648                                {product} {command line}
   size_t MaxNewSize                               = 1287651328                                {product} {ergonomic}
   size_t MinHeapDeltaBytes                        = 1048576                                   {product} {ergonomic}
    uintx NonNMethodCodeHeapSize                   = 5836300                                {pd product} {ergonomic}
    uintx NonProfiledCodeHeapSize                  = 122910970                              {pd product} {ergonomic}
    uintx ProfiledCodeHeapSize                     = 122910970                              {pd product} {ergonomic}
    uintx ReservedCodeCacheSize                    = 251658240                              {pd product} {ergonomic}
     bool SegmentedCodeCache                       = true                                      {product} {ergonomic}
     bool UseCompressedClassPointers               = true                                 {lp64_product} {ergonomic}
     bool UseCompressedOops                        = true                                 {lp64_product} {ergonomic}
     bool UseG1GC                                  = true                                      {product} {ergonomic}
     bool UseLargePagesIndividualAllocation        = false                                  {pd product} {ergonomic}

Logging:
Log output configuration:
 #0: stdout all=warning uptime,level,tags
 #1: stderr all=off uptime,level,tags

Environment Variables:
PATH=C:\oraclexe\app\oracle\product\10.2.0\server\bin;C:\Program Files\Common Files\Oracle\Java\javapath;C:\WINDOWS\system32;C:\WINDOWS;C:\WINDOWS\System32\Wbem;C:\WINDOWS\System32\WindowsPowerShell\v1.0\;C:\WINDOWS\System32\OpenSSH\;C:\Program Files\Git\cmd;C:\Users\lenovo\AppData\Local\Microsoft\WindowsApps;C:\Users\lenovo\AppData\Local\Programs\Microsoft VS Code\bin;C:\MinGW\bin;C:\Flex Windows\gcc\bin;C:\Flex Windows\Lex\bin;C:\Flex Windows\bison\bin;
USERNAME=lenovo
OS=Windows_NT
PROCESSOR_IDENTIFIER=Intel64 Family 6 Model 158 Stepping 10, GenuineIntel



---------------  S Y S T E M  ---------------

OS: Windows 10 , 64 bit Build 22621 (10.0.22621.598)
OS uptime: 0 days 1:48 hours

CPU:total 8 (initial active 8) (4 cores per cpu, 2 threads per core) family 6 model 158 stepping 10 microcode 0xde, cmov, cx8, fxsr, mmx, sse, sse2, sse3, ssse3, sse4.1, sse4.2, popcnt, avx, avx2, aes, clmul, erms, 3dnowpref, lzcnt, ht, tsc, tscinvbit, bmi1, bmi2, adx, fma

Memory: 4k page, system-wide physical 8066M (386M free)
TotalPageFile size 10922M (AvailPageFile size 7M)
current process WorkingSet (physical memory assigned to process): 473M, peak: 473M
current process commit charge ("private bytes"): 526M, peak: 528M

vm_info: OpenJDK 64-Bit Server VM (11.0.12+7-b1504.28-7817840) for windows-amd64 JRE (11.0.12+7-b1504.28-7817840), built on Oct 13 2021 22:12:33 by "builder" with MS VC++ 14.0 (VS2015)

END.
