#
# There is insufficient memory for the Java Runtime Environment to continue.
# Native memory allocation (malloc) failed to allocate 1030416 bytes for Chunk::new
# Possible reasons:
#   The system is out of physical RAM or swap space
#   The process is running with CompressedOops enabled, and the Java Heap may be blocking the growth of the native heap
# Possible solutions:
#   Reduce memory load on the system
#   Increase physical memory or swap space
#   Check if swap backing store is full
#   Decrease Java heap size (-Xmx/-Xms)
#   Decrease number of Java threads
#   Decrease Java thread stack sizes (-Xss)
#   Set larger code cache with -XX:ReservedCodeCacheSize=
#   JVM is running with Unscaled Compressed Oops mode in which the Java heap is
#     placed in the first 4GB address space. The Java Heap base address is the
#     maximum limit for the native heap growth. Please use -XX:HeapBaseMinAddress
#     to set the Java Heap base and to place the Java Heap above 4GB virtual address.
# This output file may be truncated or incomplete.
#
#  Out of Memory Error (./src/hotspot/share/memory/arena.cpp:197), pid=4648, tid=5600
#
# JRE version: OpenJDK Runtime Environment (11.0.12+7) (build 11.0.12+7-b1504.28-7817840)
# Java VM: OpenJDK 64-Bit Server VM (11.0.12+7-b1504.28-7817840, mixed mode, tiered, compressed oops, g1 gc, windows-amd64)
# No core dump will be written. Minidumps are not enabled by default on client versions of Windows
#

---------------  S U M M A R Y ------------

Command Line: --add-opens=java.base/java.util=ALL-UNNAMED --add-opens=java.base/java.lang=ALL-UNNAMED --add-opens=java.base/java.lang.invoke=ALL-UNNAMED --add-opens=java.base/java.util=ALL-UNNAMED --add-opens=java.prefs/java.util.prefs=ALL-UNNAMED --add-opens=java.prefs/java.util.prefs=ALL-UNNAMED --add-opens=java.base/java.nio.charset=ALL-UNNAMED --add-opens=java.base/java.net=ALL-UNNAMED --add-opens=java.base/java.util.concurrent.atomic=ALL-UNNAMED -Xmx2048m -Dfile.encoding=UTF-8 -Duser.country=IN -Duser.language=en -Duser.variant org.gradle.launcher.daemon.bootstrap.GradleDaemon 7.3.3

Host: Intel(R) Core(TM) i5-8300H CPU @ 2.30GHz, 8 cores, 7G,  Windows 10 , 64 bit Build 22621 (10.0.22621.598)
Time: Tue Sep 20 16:24:18 2022 India Standard Time elapsed time: 6.724652 seconds (0d 0h 0m 6s)

---------------  T H R E A D  ---------------

Current thread (0x000001c9ba9cf800):  JavaThread "C2 CompilerThread1" daemon [_thread_in_native, id=5600, stack(0x0000002557500000,0x0000002557600000)]


Current CompileTask:
C2:   6724 5817       4       jdk.internal.loader.URLClassPath$JarLoader$2::getCodeSigners (8 bytes)

Stack: [0x0000002557500000,0x0000002557600000]
Native frames: (J=compiled Java code, j=interpreted, Vv=VM code, C=native code)
V  [jvm.dll+0x5fbcea]
V  [jvm.dll+0x731905]
V  [jvm.dll+0x732f1d]
V  [jvm.dll+0x7335d3]
V  [jvm.dll+0x247bf8]
V  [jvm.dll+0xc018c]
V  [jvm.dll+0xc06cc]
V  [jvm.dll+0x35b2db]
V  [jvm.dll+0x328803]
V  [jvm.dll+0x327cfa]
V  [jvm.dll+0x200602]
V  [jvm.dll+0x1ff794]
V  [jvm.dll+0x18868c]
V  [jvm.dll+0x20e0d7]
V  [jvm.dll+0x20c901]
V  [jvm.dll+0x6f9b7f]
V  [jvm.dll+0x6f26a5]
V  [jvm.dll+0x5fabf6]
C  [ucrtbase.dll+0x29363]
C  [KERNEL32.DLL+0x1244d]
C  [ntdll.dll+0x5df78]


---------------  P R O C E S S  ---------------

Threads class SMR info:
_java_thread_list=0x000001c9b9a81c70, length=124, elements={
0x000001c99c797000, 0x000001c9b8c10000, 0x000001c9b8c11800, 0x000001c9b8c29000,
0x000001c9b8c2a000, 0x000001c9b8c2b800, 0x000001c9b8c2e800, 0x000001c9b8c37800,
0x000001c9b958a800, 0x000001c9b96da800, 0x000001c9ba23d800, 0x000001c9ba3a7000,
0x000001c9b98b5000, 0x000001c9bad86800, 0x000001c9bb0b5800, 0x000001c9bae86000,
0x000001c9bae87000, 0x000001c9bce79800, 0x000001c9ba3ee000, 0x000001c9ba3ed800,
0x000001c9ba3ec800, 0x000001c9ba3eb800, 0x000001c9bc1f0000, 0x000001c9ba9cf800,
0x000001c9bc1ea000, 0x000001c9bd0a1000, 0x000001c9bc1ef000, 0x000001c9bc1f0800,
0x000001c9bc1eb000, 0x000001c9bc1f1800, 0x000001c9bc1ed800, 0x000001c9bc1ec000,
0x000001c9bc1ee800, 0x000001c9bc1ec800, 0x000001c9bc1f5800, 0x000001c9bc1f6800,
0x000001c9bc1f4000, 0x000001c9bc1f9000, 0x000001c9bc1f7800, 0x000001c9bc1f8000,
0x000001c9bce2a000, 0x000001c9bce2b000, 0x000001c9bce30800, 0x000001c9bce2e800,
0x000001c9bce2d800, 0x000001c9bce31800, 0x000001c9bce2c000, 0x000001c9bce2c800,
0x000001c9bce32800, 0x000001c9bce35000, 0x000001c9bce33000, 0x000001c9bce34000,
0x000001c9bce2f000, 0x000001c9bce30000, 0x000001c9bce35800, 0x000001c9bce36800,
0x000001c9bce37800, 0x000001c9bce38000, 0x000001c9bce39000, 0x000001c9ba82f800,
0x000001c9ba830000, 0x000001c9ba831000, 0x000001c9ba832000, 0x000001c9ba832800,
0x000001c9ba82e800, 0x000001c9ba834800, 0x000001c9ba838800, 0x000001c9ba837000,
0x000001c9ba836000, 0x000001c9ba837800, 0x000001c9ba833800, 0x000001c9ba835000,
0x000001c9ba83b000, 0x000001c9ba839000, 0x000001c9ba83a000, 0x000001c9ba83b800,
0x000001c9ba83c800, 0x000001c9ba83d800, 0x000001c9bd20f800, 0x000001c9bd20f000,
0x000001c9bd20c800, 0x000001c9bd20d800, 0x000001c9bd211800, 0x000001c9bd210800,
0x000001c9bd20e000, 0x000001c9bd20b800, 0x000001c9bd218000, 0x000001c9bd213000,
0x000001c9bd216800, 0x000001c9bd217000, 0x000001c9bd212000, 0x000001c9bd218800,
0x000001c9bd214000, 0x000001c9bd219800, 0x000001c9bd215800, 0x000001c9bd21a800,
0x000001c9bd214800, 0x000001c9bc68a000, 0x000001c9bc68a800, 0x000001c9bc68b800,
0x000001c9bc68d000, 0x000001c9bc68c800, 0x000001c9bc68e000, 0x000001c9bc689000,
0x000001c9bc688800, 0x000001c9bc68f000, 0x000001c9bc693000, 0x000001c9bc693800,
0x000001c9bc694800, 0x000001c9bc690800, 0x000001c9bc695800, 0x000001c9bc691000,
0x000001c9bc68f800, 0x000001c9bc696000, 0x000001c9bc697000, 0x000001c9bc692000,
0x000001c9bb89d000, 0x000001c9bb89b800, 0x000001c9bb89e000, 0x000001c9bb89f000,
0x000001c9bb89a800, 0x000001c9bb89c800, 0x000001c9bb89a000, 0x000001c9bb8a3000
}

Java Threads: ( => current thread )
  0x000001c99c797000 JavaThread "main" [_thread_blocked, id=7416, stack(0x0000002554f00000,0x0000002555000000)]
  0x000001c9b8c10000 JavaThread "Reference Handler" daemon [_thread_blocked, id=9100, stack(0x0000002555600000,0x0000002555700000)]
  0x000001c9b8c11800 JavaThread "Finalizer" daemon [_thread_blocked, id=9076, stack(0x0000002555700000,0x0000002555800000)]
  0x000001c9b8c29000 JavaThread "Signal Dispatcher" daemon [_thread_blocked, id=1616, stack(0x0000002555800000,0x0000002555900000)]
  0x000001c9b8c2a000 JavaThread "Attach Listener" daemon [_thread_blocked, id=8644, stack(0x0000002555900000,0x0000002555a00000)]
  0x000001c9b8c2b800 JavaThread "Service Thread" daemon [_thread_blocked, id=4220, stack(0x0000002555a00000,0x0000002555b00000)]
  0x000001c9b8c2e800 JavaThread "C2 CompilerThread0" daemon [_thread_in_native, id=10508, stack(0x0000002555b00000,0x0000002555c00000)]
  0x000001c9b8c37800 JavaThread "C1 CompilerThread0" daemon [_thread_blocked, id=8496, stack(0x0000002555c00000,0x0000002555d00000)]
  0x000001c9b958a800 JavaThread "Sweeper thread" daemon [_thread_blocked, id=1396, stack(0x0000002555d00000,0x0000002555e00000)]
  0x000001c9b96da800 JavaThread "Common-Cleaner" daemon [_thread_blocked, id=2368, stack(0x0000002555e00000,0x0000002555f00000)]
  0x000001c9ba23d800 JavaThread "Daemon health stats" [_thread_blocked, id=2308, stack(0x0000002556400000,0x0000002556500000)]
  0x000001c9ba3a7000 JavaThread "Incoming local TCP Connector on port 50172" [_thread_in_native, id=11460, stack(0x0000002556000000,0x0000002556100000)]
  0x000001c9b98b5000 JavaThread "Daemon periodic checks" [_thread_blocked, id=5844, stack(0x0000002556300000,0x0000002556400000)]
  0x000001c9bad86800 JavaThread "Daemon" [_thread_blocked, id=3512, stack(0x0000002556500000,0x0000002556600000)]
  0x000001c9bb0b5800 JavaThread "Handler for socket connection from /127.0.0.1:50172 to /127.0.0.1:50173" [_thread_in_native, id=12952, stack(0x0000002556600000,0x0000002556700000)]
  0x000001c9bae86000 JavaThread "Cancel handler" [_thread_blocked, id=1764, stack(0x0000002556700000,0x0000002556800000)]
  0x000001c9bae87000 JavaThread "Daemon worker" [_thread_in_Java, id=5364, stack(0x0000002556800000,0x0000002556900000)]
  0x000001c9bce79800 JavaThread "Asynchronous log dispatcher for DefaultDaemonConnection: socket connection from /127.0.0.1:50172 to /127.0.0.1:50173" [_thread_blocked, id=7792, stack(0x0000002556900000,0x0000002556a00000)]
  0x000001c9ba3ee000 JavaThread "Stdin handler" [_thread_blocked, id=8072, stack(0x0000002556a00000,0x0000002556b00000)]
  0x000001c9ba3ed800 JavaThread "Daemon client event forwarder" [_thread_blocked, id=2536, stack(0x0000002557000000,0x0000002557100000)]
  0x000001c9ba3ec800 JavaThread "Cache worker for journal cache (C:\Users\lenovo\.gradle\caches\journal-1)" [_thread_blocked, id=2988, stack(0x0000002557100000,0x0000002557200000)]
  0x000001c9ba3eb800 JavaThread "File lock request listener" [_thread_in_native, id=4592, stack(0x0000002557200000,0x0000002557300000)]
  0x000001c9bc1f0000 JavaThread "Cache worker for file hash cache (C:\Users\lenovo\.gradle\caches\7.3.3\fileHashes)" [_thread_blocked, id=10396, stack(0x0000002557300000,0x0000002557400000)]
=>0x000001c9ba9cf800 JavaThread "C2 CompilerThread1" daemon [_thread_in_native, id=5600, stack(0x0000002557500000,0x0000002557600000)]
  0x000001c9bc1ea000 JavaThread "Cache worker for file hash cache (C:\Users\lenovo\AndroidStudioProjects\tictato\.gradle\7.3.3\fileHashes)" [_thread_blocked, id=4872, stack(0x0000002557600000,0x0000002557700000)]
  0x000001c9bd0a1000 JavaThread "C2 CompilerThread2" daemon [_thread_in_native, id=11220, stack(0x0000002557700000,0x0000002557800000)]
  0x000001c9bc1ef000 JavaThread "File watcher server" daemon [_thread_in_native, id=5204, stack(0x0000002557800000,0x0000002557900000)]
  0x000001c9bc1f0800 JavaThread "File watcher consumer" daemon [_thread_blocked, id=9760, stack(0x0000002557900000,0x0000002557a00000)]
  0x000001c9bc1eb000 JavaThread "Cache worker for checksums cache (C:\Users\lenovo\AndroidStudioProjects\tictato\.gradle\7.3.3\checksums)" [_thread_blocked, id=11020, stack(0x0000002557a00000,0x0000002557b00000)]
  0x000001c9bc1f1800 JavaThread "Cache worker for cache directory md-supplier (C:\Users\lenovo\.gradle\caches\7.3.3\md-supplier)" [_thread_blocked, id=13000, stack(0x0000002557b00000,0x0000002557c00000)]
  0x000001c9bc1ed800 JavaThread "Cache worker for cache directory md-rule (C:\Users\lenovo\.gradle\caches\7.3.3\md-rule)" [_thread_blocked, id=2116, stack(0x0000002557c00000,0x0000002557d00000)]
  0x000001c9bc1ec000 JavaThread "Cache worker for execution history cache (C:\Users\lenovo\.gradle\caches\7.3.3\executionHistory)" [_thread_blocked, id=7592, stack(0x0000002557d00000,0x0000002557e00000)]
  0x000001c9bc1ee800 JavaThread "jar transforms" [_thread_blocked, id=6368, stack(0x0000002557e00000,0x0000002557f00000)]
  0x000001c9bc1ec800 JavaThread "Cache worker for file content cache (C:\Users\lenovo\.gradle\caches\7.3.3\fileContent)" [_thread_blocked, id=5900, stack(0x0000002557f00000,0x0000002558000000)]
  0x000001c9bc1f5800 JavaThread "jar transforms Thread 2" [_thread_blocked, id=128, stack(0x0000002558000000,0x0000002558100000)]
  0x000001c9bc1f6800 JavaThread "Cache worker for dependencies-accessors (C:\Users\lenovo\AndroidStudioProjects\tictato\.gradle\7.3.3\dependencies-accessors)" [_thread_blocked, id=1604, stack(0x0000002558100000,0x0000002558200000)]
  0x000001c9bc1f4000 JavaThread "jar transforms Thread 3" [_thread_blocked, id=8824, stack(0x0000002558200000,0x0000002558300000)]
  0x000001c9bc1f9000 JavaThread "Cache worker for Build Output Cleanup Cache (C:\Users\lenovo\AndroidStudioProjects\tictato\.gradle\buildOutputCleanup)" [_thread_blocked, id=6292, stack(0x0000002558300000,0x0000002558400000)]
  0x000001c9bc1f7800 JavaThread "Unconstrained build operations" [_thread_blocked, id=10412, stack(0x0000002558400000,0x0000002558500000)]
  0x000001c9bc1f8000 JavaThread "Unconstrained build operations Thread 2" [_thread_blocked, id=11736, stack(0x0000002558500000,0x0000002558600000)]
  0x000001c9bce2a000 JavaThread "Unconstrained build operations Thread 3" [_thread_blocked, id=2192, stack(0x0000002558600000,0x0000002558700000)]
  0x000001c9bce2b000 JavaThread "Unconstrained build operations Thread 4" [_thread_blocked, id=12432, stack(0x0000002558700000,0x0000002558800000)]
  0x000001c9bce30800 JavaThread "Unconstrained build operations Thread 5" [_thread_blocked, id=9032, stack(0x0000002558800000,0x0000002558900000)]
  0x000001c9bce2e800 JavaThread "Unconstrained build operations Thread 6" [_thread_blocked, id=10196, stack(0x0000002558900000,0x0000002558a00000)]
  0x000001c9bce2d800 JavaThread "Unconstrained build operations Thread 7" [_thread_blocked, id=2932, stack(0x0000002558a00000,0x0000002558b00000)]
  0x000001c9bce31800 JavaThread "Unconstrained build operations Thread 8" [_thread_blocked, id=4236, stack(0x0000002558b00000,0x0000002558c00000)]
  0x000001c9bce2c000 JavaThread "Unconstrained build operations Thread 9" [_thread_blocked, id=5720, stack(0x0000002558c00000,0x0000002558d00000)]
  0x000001c9bce2c800 JavaThread "Unconstrained build operations Thread 10" [_thread_blocked, id=8772, stack(0x0000002558d00000,0x0000002558e00000)]
  0x000001c9bce32800 JavaThread "Unconstrained build operations Thread 11" [_thread_blocked, id=11224, stack(0x0000002558e00000,0x0000002558f00000)]
  0x000001c9bce35000 JavaThread "Unconstrained build operations Thread 12" [_thread_blocked, id=7972, stack(0x0000002558f00000,0x0000002559000000)]
  0x000001c9bce33000 JavaThread "Unconstrained build operations Thread 13" [_thread_blocked, id=9176, stack(0x0000002559000000,0x0000002559100000)]
  0x000001c9bce34000 JavaThread "Unconstrained build operations Thread 14" [_thread_blocked, id=12872, stack(0x0000002559100000,0x0000002559200000)]
  0x000001c9bce2f000 JavaThread "Unconstrained build operations Thread 15" [_thread_blocked, id=1156, stack(0x0000002559200000,0x0000002559300000)]
  0x000001c9bce30000 JavaThread "Unconstrained build operations Thread 16" [_thread_blocked, id=3744, stack(0x0000002559300000,0x0000002559400000)]
  0x000001c9bce35800 JavaThread "Unconstrained build operations Thread 17" [_thread_blocked, id=9044, stack(0x0000002559400000,0x0000002559500000)]
  0x000001c9bce36800 JavaThread "Unconstrained build operations Thread 18" [_thread_blocked, id=2668, stack(0x0000002559500000,0x0000002559600000)]
  0x000001c9bce37800 JavaThread "Unconstrained build operations Thread 19" [_thread_blocked, id=6808, stack(0x0000002559600000,0x0000002559700000)]
  0x000001c9bce38000 JavaThread "Unconstrained build operations Thread 20" [_thread_blocked, id=1212, stack(0x0000002559700000,0x0000002559800000)]
  0x000001c9bce39000 JavaThread "Unconstrained build operations Thread 21" [_thread_blocked, id=9944, stack(0x0000002559800000,0x0000002559900000)]
  0x000001c9ba82f800 JavaThread "Unconstrained build operations Thread 22" [_thread_blocked, id=7740, stack(0x0000002559900000,0x0000002559a00000)]
  0x000001c9ba830000 JavaThread "Unconstrained build operations Thread 23" [_thread_blocked, id=9652, stack(0x0000002559a00000,0x0000002559b00000)]
  0x000001c9ba831000 JavaThread "Unconstrained build operations Thread 24" [_thread_blocked, id=3496, stack(0x0000002559b00000,0x0000002559c00000)]
  0x000001c9ba832000 JavaThread "Unconstrained build operations Thread 25" [_thread_blocked, id=1520, stack(0x0000002559c00000,0x0000002559d00000)]
  0x000001c9ba832800 JavaThread "Unconstrained build operations Thread 26" [_thread_blocked, id=3268, stack(0x0000002559d00000,0x0000002559e00000)]
  0x000001c9ba82e800 JavaThread "Unconstrained build operations Thread 27" [_thread_blocked, id=12512, stack(0x0000002559e00000,0x0000002559f00000)]
  0x000001c9ba834800 JavaThread "Unconstrained build operations Thread 28" [_thread_blocked, id=3732, stack(0x0000002559f00000,0x000000255a000000)]
  0x000001c9ba838800 JavaThread "Unconstrained build operations Thread 29" [_thread_blocked, id=2160, stack(0x000000255a000000,0x000000255a100000)]
  0x000001c9ba837000 JavaThread "Unconstrained build operations Thread 30" [_thread_blocked, id=6900, stack(0x000000255a100000,0x000000255a200000)]
  0x000001c9ba836000 JavaThread "Unconstrained build operations Thread 31" [_thread_blocked, id=6132, stack(0x000000255a200000,0x000000255a300000)]
  0x000001c9ba837800 JavaThread "Unconstrained build operations Thread 32" [_thread_blocked, id=4784, stack(0x000000255a300000,0x000000255a400000)]
  0x000001c9ba833800 JavaThread "Unconstrained build operations Thread 33" [_thread_blocked, id=2520, stack(0x000000255a400000,0x000000255a500000)]
  0x000001c9ba835000 JavaThread "Unconstrained build operations Thread 34" [_thread_blocked, id=7208, stack(0x000000255a500000,0x000000255a600000)]
  0x000001c9ba83b000 JavaThread "Unconstrained build operations Thread 35" [_thread_blocked, id=9708, stack(0x000000255a600000,0x000000255a700000)]
  0x000001c9ba839000 JavaThread "Unconstrained build operations Thread 36" [_thread_blocked, id=1688, stack(0x000000255a700000,0x000000255a800000)]
  0x000001c9ba83a000 JavaThread "Unconstrained build operations Thread 37" [_thread_blocked, id=3988, stack(0x000000255a800000,0x000000255a900000)]
  0x000001c9ba83b800 JavaThread "Unconstrained build operations Thread 38" [_thread_blocked, id=2108, stack(0x000000255a900000,0x000000255aa00000)]
  0x000001c9ba83c800 JavaThread "Unconstrained build operations Thread 39" [_thread_blocked, id=12244, stack(0x000000255aa00000,0x000000255ab00000)]
  0x000001c9ba83d800 JavaThread "Unconstrained build operations Thread 40" [_thread_blocked, id=3612, stack(0x000000255ab00000,0x000000255ac00000)]
  0x000001c9bd20f800 JavaThread "Unconstrained build operations Thread 41" [_thread_blocked, id=7736, stack(0x000000255ac00000,0x000000255ad00000)]
  0x000001c9bd20f000 JavaThread "Unconstrained build operations Thread 42" [_thread_blocked, id=3952, stack(0x000000255ad00000,0x000000255ae00000)]
  0x000001c9bd20c800 JavaThread "Unconstrained build operations Thread 43" [_thread_blocked, id=12992, stack(0x000000255ae00000,0x000000255af00000)]
  0x000001c9bd20d800 JavaThread "Unconstrained build operations Thread 44" [_thread_blocked, id=9544, stack(0x000000255af00000,0x000000255b000000)]
  0x000001c9bd211800 JavaThread "Unconstrained build operations Thread 45" [_thread_blocked, id=9124, stack(0x000000255b000000,0x000000255b100000)]
  0x000001c9bd210800 JavaThread "Unconstrained build operations Thread 46" [_thread_blocked, id=7528, stack(0x000000255b100000,0x000000255b200000)]
  0x000001c9bd20e000 JavaThread "Unconstrained build operations Thread 47" [_thread_blocked, id=6048, stack(0x000000255b200000,0x000000255b300000)]
  0x000001c9bd20b800 JavaThread "Unconstrained build operations Thread 48" [_thread_blocked, id=11008, stack(0x000000255b300000,0x000000255b400000)]
  0x000001c9bd218000 JavaThread "Unconstrained build operations Thread 49" [_thread_blocked, id=11872, stack(0x000000255b400000,0x000000255b500000)]
  0x000001c9bd213000 JavaThread "Unconstrained build operations Thread 50" [_thread_blocked, id=6740, stack(0x000000255b500000,0x000000255b600000)]
  0x000001c9bd216800 JavaThread "Unconstrained build operations Thread 51" [_thread_blocked, id=4820, stack(0x000000255b600000,0x000000255b700000)]
  0x000001c9bd217000 JavaThread "Unconstrained build operations Thread 52" [_thread_blocked, id=4696, stack(0x000000255b700000,0x000000255b800000)]
  0x000001c9bd212000 JavaThread "Unconstrained build operations Thread 53" [_thread_blocked, id=9484, stack(0x000000255b800000,0x000000255b900000)]
  0x000001c9bd218800 JavaThread "Unconstrained build operations Thread 54" [_thread_blocked, id=2828, stack(0x000000255b900000,0x000000255ba00000)]
  0x000001c9bd214000 JavaThread "Unconstrained build operations Thread 55" [_thread_blocked, id=12316, stack(0x000000255ba00000,0x000000255bb00000)]
  0x000001c9bd219800 JavaThread "Unconstrained build operations Thread 56" [_thread_blocked, id=11376, stack(0x000000255bb00000,0x000000255bc00000)]
  0x000001c9bd215800 JavaThread "Unconstrained build operations Thread 57" [_thread_blocked, id=13052, stack(0x000000255bc00000,0x000000255bd00000)]
  0x000001c9bd21a800 JavaThread "Unconstrained build operations Thread 58" [_thread_blocked, id=12832, stack(0x000000255bd00000,0x000000255be00000)]
  0x000001c9bd214800 JavaThread "Unconstrained build operations Thread 59" [_thread_blocked, id=6040, stack(0x000000255be00000,0x000000255bf00000)]
  0x000001c9bc68a000 JavaThread "Unconstrained build operations Thread 60" [_thread_blocked, id=9832, stack(0x000000255bf00000,0x000000255c000000)]
  0x000001c9bc68a800 JavaThread "Unconstrained build operations Thread 61" [_thread_blocked, id=11504, stack(0x000000255c000000,0x000000255c100000)]
  0x000001c9bc68b800 JavaThread "Unconstrained build operations Thread 62" [_thread_blocked, id=10580, stack(0x000000255c100000,0x000000255c200000)]
  0x000001c9bc68d000 JavaThread "Unconstrained build operations Thread 63" [_thread_blocked, id=3556, stack(0x000000255c200000,0x000000255c300000)]
  0x000001c9bc68c800 JavaThread "Unconstrained build operations Thread 64" [_thread_blocked, id=11740, stack(0x000000255c300000,0x000000255c400000)]
  0x000001c9bc68e000 JavaThread "Unconstrained build operations Thread 65" [_thread_blocked, id=6612, stack(0x000000255c400000,0x000000255c500000)]
  0x000001c9bc689000 JavaThread "Unconstrained build operations Thread 66" [_thread_blocked, id=1932, stack(0x000000255c500000,0x000000255c600000)]
  0x000001c9bc688800 JavaThread "Unconstrained build operations Thread 67" [_thread_blocked, id=9996, stack(0x000000255c600000,0x000000255c700000)]
  0x000001c9bc68f000 JavaThread "Unconstrained build operations Thread 68" [_thread_blocked, id=6768, stack(0x000000255c700000,0x000000255c800000)]
  0x000001c9bc693000 JavaThread "Unconstrained build operations Thread 69" [_thread_blocked, id=6384, stack(0x000000255c800000,0x000000255c900000)]
  0x000001c9bc693800 JavaThread "Unconstrained build operations Thread 70" [_thread_blocked, id=9752, stack(0x000000255c900000,0x000000255ca00000)]
  0x000001c9bc694800 JavaThread "Unconstrained build operations Thread 71" [_thread_blocked, id=11512, stack(0x000000255ca00000,0x000000255cb00000)]
  0x000001c9bc690800 JavaThread "Unconstrained build operations Thread 72" [_thread_blocked, id=1872, stack(0x000000255cb00000,0x000000255cc00000)]
  0x000001c9bc695800 JavaThread "Unconstrained build operations Thread 73" [_thread_blocked, id=4988, stack(0x000000255cc00000,0x000000255cd00000)]
  0x000001c9bc691000 JavaThread "Unconstrained build operations Thread 74" [_thread_blocked, id=1592, stack(0x000000255cd00000,0x000000255ce00000)]
  0x000001c9bc68f800 JavaThread "Unconstrained build operations Thread 75" [_thread_blocked, id=9240, stack(0x000000255ce00000,0x000000255cf00000)]
  0x000001c9bc696000 JavaThread "Unconstrained build operations Thread 76" [_thread_blocked, id=8324, stack(0x000000255cf00000,0x000000255d000000)]
  0x000001c9bc697000 JavaThread "Unconstrained build operations Thread 77" [_thread_blocked, id=8152, stack(0x000000255d000000,0x000000255d100000)]
  0x000001c9bc692000 JavaThread "Unconstrained build operations Thread 78" [_thread_blocked, id=12944, stack(0x000000255d100000,0x000000255d200000)]
  0x000001c9bb89d000 JavaThread "Unconstrained build operations Thread 79" [_thread_blocked, id=10208, stack(0x000000255d200000,0x000000255d300000)]
  0x000001c9bb89b800 JavaThread "Unconstrained build operations Thread 80" [_thread_blocked, id=3776, stack(0x000000255d300000,0x000000255d400000)]
  0x000001c9bb89e000 JavaThread "jar transforms Thread 4" [_thread_blocked, id=8184, stack(0x000000255d400000,0x000000255d500000)]
  0x000001c9bb89f000 JavaThread "jar transforms Thread 5" [_thread_blocked, id=928, stack(0x000000255d500000,0x000000255d600000)]
  0x000001c9bb89a800 JavaThread "jar transforms Thread 6" [_thread_blocked, id=1552, stack(0x000000255d600000,0x000000255d700000)]
  0x000001c9bb89c800 JavaThread "jar transforms Thread 7" [_thread_blocked, id=6272, stack(0x000000255d700000,0x000000255d800000)]
  0x000001c9bb89a000 JavaThread "jar transforms Thread 8" [_thread_blocked, id=7276, stack(0x000000255d800000,0x000000255d900000)]
  0x000001c9bb8a3000 JavaThread "Memory manager" [_thread_blocked, id=5708, stack(0x000000255d900000,0x000000255da00000)]

Other Threads:
  0x000001c9b8c0d800 VMThread "VM Thread" [stack: 0x0000002555500000,0x0000002555600000] [id=9588]
  0x000001c9b9727000 WatcherThread [stack: 0x0000002555f00000,0x0000002556000000] [id=3212]
  0x000001c99c7b1800 GCTaskThread "GC Thread#0" [stack: 0x0000002555000000,0x0000002555100000] [id=7628]
  0x000001c9ba31c000 GCTaskThread "GC Thread#1" [stack: 0x0000002556100000,0x0000002556200000] [id=1784]
  0x000001c9ba138800 GCTaskThread "GC Thread#2" [stack: 0x0000002556200000,0x0000002556300000] [id=7368]
  0x000001c9bce78000 GCTaskThread "GC Thread#3" [stack: 0x0000002556b00000,0x0000002556c00000] [id=1428]
  0x000001c9bc6fd000 GCTaskThread "GC Thread#4" [stack: 0x0000002556c00000,0x0000002556d00000] [id=7992]
  0x000001c9bc0b7000 GCTaskThread "GC Thread#5" [stack: 0x0000002556d00000,0x0000002556e00000] [id=7164]
  0x000001c9bc0b8000 GCTaskThread "GC Thread#6" [stack: 0x0000002556e00000,0x0000002556f00000] [id=9748]
  0x000001c9bc0b8800 GCTaskThread "GC Thread#7" [stack: 0x0000002556f00000,0x0000002557000000] [id=11648]
  0x000001c99c7e3800 ConcurrentGCThread "G1 Main Marker" [stack: 0x0000002555100000,0x0000002555200000] [id=8208]
  0x000001c99c7e5800 ConcurrentGCThread "G1 Conc#0" [stack: 0x0000002555200000,0x0000002555300000] [id=10820]
  0x000001c9bb09c000 ConcurrentGCThread "G1 Conc#1" [stack: 0x0000002557400000,0x0000002557500000] [id=12048]
  0x000001c9b8a60800 ConcurrentGCThread "G1 Refine#0" [stack: 0x0000002555300000,0x0000002555400000] [id=11972]
  0x000001c9b8a62800 ConcurrentGCThread "G1 Young RemSet Sampling" [stack: 0x0000002555400000,0x0000002555500000] [id=10672]

Threads with active compile tasks:
C2 CompilerThread0   6753 5818   !   4       java.util.jar.JarFile$JarFileEntry::getCodeSigners (81 bytes)
C2 CompilerThread1   6753 5817       4       jdk.internal.loader.URLClassPath$JarLoader$2::getCodeSigners (8 bytes)
C2 CompilerThread2   6753 5933       4       sun.security.util.ManifestDigester::findSection (180 bytes)

VM state:not at safepoint (normal execution)

VM Mutex/Monitor currently owned by a thread: None

Heap address: 0x0000000080000000, size: 2048 MB, Compressed Oops mode: 32-bit
Narrow klass base: 0x0000000000000000, Narrow klass shift: 3
Compressed class space size: 1073741824 Address: 0x0000000100000000

Heap:
 garbage-first heap   total 157696K, used 63323K [0x0000000080000000, 0x0000000100000000)
  region size 1024K, 21 young (21504K), 3 survivors (3072K)
 Metaspace       used 60576K, capacity 62006K, committed 62156K, reserved 1103872K
  class space    used 7730K, capacity 8282K, committed 8396K, reserved 1048576K
Heap Regions: E=young(eden), S=young(survivor), O=old, HS=humongous(starts), HC=humongous(continues), CS=collection set, F=free, A=archive, TAMS=top-at-mark-start (previous, next)
|   0|0x0000000080000000, 0x0000000080100000, 0x0000000080100000|100%| O|  |TAMS 0x0000000080100000, 0x0000000080000000| Untracked 
|   1|0x0000000080100000, 0x0000000080200000, 0x0000000080200000|100%| O|  |TAMS 0x0000000080200000, 0x0000000080100000| Untracked 
|   2|0x0000000080200000, 0x0000000080300000, 0x0000000080300000|100%| O|  |TAMS 0x0000000080300000, 0x0000000080200000| Untracked 
|   3|0x0000000080300000, 0x0000000080400000, 0x0000000080400000|100%|HS|  |TAMS 0x0000000080400000, 0x0000000080300000| Complete 
|   4|0x0000000080400000, 0x0000000080500000, 0x0000000080500000|100%|HC|  |TAMS 0x0000000080500000, 0x0000000080400000| Complete 
|   5|0x0000000080500000, 0x0000000080600000, 0x0000000080600000|100%|HC|  |TAMS 0x0000000080600000, 0x0000000080500000| Complete 
|   6|0x0000000080600000, 0x0000000080700000, 0x0000000080700000|100%| O|  |TAMS 0x0000000080700000, 0x0000000080600000| Untracked 
|   7|0x0000000080700000, 0x0000000080800000, 0x0000000080800000|100%| O|  |TAMS 0x0000000080800000, 0x0000000080700000| Untracked 
|   8|0x0000000080800000, 0x0000000080900000, 0x0000000080900000|100%| O|  |TAMS 0x0000000080900000, 0x0000000080800000| Untracked 
|   9|0x0000000080900000, 0x0000000080a00000, 0x0000000080a00000|100%| O|  |TAMS 0x0000000080a00000, 0x0000000080900000| Untracked 
|  10|0x0000000080a00000, 0x0000000080b00000, 0x0000000080b00000|100%| O|  |TAMS 0x0000000080b00000, 0x0000000080a00000| Untracked 
|  11|0x0000000080b00000, 0x0000000080c00000, 0x0000000080c00000|100%| O|  |TAMS 0x0000000080c00000, 0x0000000080b00000| Untracked 
|  12|0x0000000080c00000, 0x0000000080d00000, 0x0000000080d00000|100%| O|  |TAMS 0x0000000080d00000, 0x0000000080c00000| Untracked 
|  13|0x0000000080d00000, 0x0000000080e00000, 0x0000000080e00000|100%| O|  |TAMS 0x0000000080e00000, 0x0000000080d00000| Untracked 
|  14|0x0000000080e00000, 0x0000000080f00000, 0x0000000080f00000|100%| O|  |TAMS 0x0000000080f00000, 0x0000000080e00000| Untracked 
|  15|0x0000000080f00000, 0x0000000081000000, 0x0000000081000000|100%| O|  |TAMS 0x0000000081000000, 0x0000000080f00000| Untracked 
|  16|0x0000000081000000, 0x0000000081100000, 0x0000000081100000|100%| O|  |TAMS 0x0000000081100000, 0x0000000081000000| Untracked 
|  17|0x0000000081100000, 0x0000000081200000, 0x0000000081200000|100%| O|  |TAMS 0x0000000081200000, 0x0000000081100000| Untracked 
|  18|0x0000000081200000, 0x0000000081300000, 0x0000000081300000|100%|HS|  |TAMS 0x0000000081300000, 0x0000000081200000| Complete 
|  19|0x0000000081300000, 0x0000000081400000, 0x0000000081400000|100%| O|  |TAMS 0x0000000081400000, 0x0000000081300000| Untracked 
|  20|0x0000000081400000, 0x0000000081500000, 0x0000000081500000|100%| O|  |TAMS 0x0000000081500000, 0x0000000081400000| Untracked 
|  21|0x0000000081500000, 0x0000000081600000, 0x0000000081600000|100%| O|  |TAMS 0x0000000081600000, 0x0000000081500000| Untracked 
|  22|0x0000000081600000, 0x0000000081700000, 0x0000000081700000|100%| O|  |TAMS 0x0000000081700000, 0x0000000081600000| Untracked 
|  23|0x0000000081700000, 0x0000000081800000, 0x0000000081800000|100%|HS|  |TAMS 0x0000000081800000, 0x0000000081700000| Complete 
|  24|0x0000000081800000, 0x0000000081900000, 0x0000000081900000|100%|HS|  |TAMS 0x0000000081900000, 0x0000000081800000| Complete 
|  25|0x0000000081900000, 0x0000000081a00000, 0x0000000081a00000|100%|HC|  |TAMS 0x0000000081a00000, 0x0000000081900000| Complete 
|  26|0x0000000081a00000, 0x0000000081b00000, 0x0000000081b00000|100%| O|  |TAMS 0x0000000081b00000, 0x0000000081a00000| Untracked 
|  27|0x0000000081b00000, 0x0000000081c00000, 0x0000000081c00000|100%| O|  |TAMS 0x0000000081c00000, 0x0000000081b00000| Untracked 
|  28|0x0000000081c00000, 0x0000000081d00000, 0x0000000081d00000|100%| O|  |TAMS 0x0000000081d00000, 0x0000000081c00000| Untracked 
|  29|0x0000000081d00000, 0x0000000081e00000, 0x0000000081e00000|100%| O|  |TAMS 0x0000000081e00000, 0x0000000081d00000| Untracked 
|  30|0x0000000081e00000, 0x0000000081f00000, 0x0000000081f00000|100%| O|  |TAMS 0x0000000081f00000, 0x0000000081e00000| Untracked 
|  31|0x0000000081f00000, 0x0000000082000000, 0x0000000082000000|100%| O|  |TAMS 0x0000000082000000, 0x0000000081f00000| Untracked 
|  32|0x0000000082000000, 0x0000000082100000, 0x0000000082100000|100%| O|  |TAMS 0x0000000082100000, 0x0000000082000000| Untracked 
|  33|0x0000000082100000, 0x0000000082200000, 0x0000000082200000|100%| O|  |TAMS 0x0000000082200000, 0x0000000082100000| Untracked 
|  34|0x0000000082200000, 0x0000000082300000, 0x0000000082300000|100%| O|  |TAMS 0x0000000082300000, 0x0000000082200000| Untracked 
|  35|0x0000000082300000, 0x0000000082400000, 0x0000000082400000|100%| O|  |TAMS 0x0000000082400000, 0x0000000082300000| Untracked 
|  36|0x0000000082400000, 0x0000000082500000, 0x0000000082500000|100%| O|  |TAMS 0x0000000082500000, 0x0000000082400000| Untracked 
|  37|0x0000000082500000, 0x0000000082600000, 0x0000000082600000|100%| O|  |TAMS 0x0000000082600000, 0x0000000082500000| Untracked 
|  38|0x0000000082600000, 0x0000000082700000, 0x0000000082700000|100%| O|  |TAMS 0x0000000082700000, 0x0000000082600000| Untracked 
|  39|0x0000000082700000, 0x0000000082800000, 0x0000000082800000|100%| O|  |TAMS 0x0000000082800000, 0x0000000082700000| Untracked 
|  40|0x0000000082800000, 0x0000000082900000, 0x0000000082900000|100%| O|  |TAMS 0x0000000082900000, 0x0000000082800000| Untracked 
|  41|0x0000000082900000, 0x0000000082a00000, 0x0000000082a00000|100%| O|  |TAMS 0x0000000082a00000, 0x0000000082900000| Untracked 
|  42|0x0000000082a00000, 0x0000000082b00000, 0x0000000082b00000|100%| O|  |TAMS 0x0000000082b00000, 0x0000000082a00000| Untracked 
|  43|0x0000000082b00000, 0x0000000082b3ec00, 0x0000000082c00000| 24%| O|  |TAMS 0x0000000082b3ec00, 0x0000000082b00000| Untracked 
|  44|0x0000000082c00000, 0x0000000082c00000, 0x0000000082d00000|  0%| F|  |TAMS 0x0000000082c00000, 0x0000000082c00000| Untracked 
|  45|0x0000000082d00000, 0x0000000082d00000, 0x0000000082e00000|  0%| F|  |TAMS 0x0000000082d00000, 0x0000000082d00000| Untracked 
|  46|0x0000000082e00000, 0x0000000082e00000, 0x0000000082f00000|  0%| F|  |TAMS 0x0000000082e00000, 0x0000000082e00000| Untracked 
|  47|0x0000000082f00000, 0x0000000082f00000, 0x0000000083000000|  0%| F|  |TAMS 0x0000000082f00000, 0x0000000082f00000| Untracked 
|  48|0x0000000083000000, 0x0000000083000000, 0x0000000083100000|  0%| F|  |TAMS 0x0000000083000000, 0x0000000083000000| Untracked 
|  49|0x0000000083100000, 0x0000000083100000, 0x0000000083200000|  0%| F|  |TAMS 0x0000000083100000, 0x0000000083100000| Untracked 
|  50|0x0000000083200000, 0x0000000083200000, 0x0000000083300000|  0%| F|  |TAMS 0x0000000083200000, 0x0000000083200000| Untracked 
|  51|0x0000000083300000, 0x0000000083300000, 0x0000000083400000|  0%| F|  |TAMS 0x0000000083300000, 0x0000000083300000| Untracked 
|  52|0x0000000083400000, 0x0000000083400000, 0x0000000083500000|  0%| F|  |TAMS 0x0000000083400000, 0x0000000083400000| Untracked 
|  53|0x0000000083500000, 0x0000000083500000, 0x0000000083600000|  0%| F|  |TAMS 0x0000000083500000, 0x0000000083500000| Untracked 
|  54|0x0000000083600000, 0x0000000083600000, 0x0000000083700000|  0%| F|  |TAMS 0x0000000083600000, 0x0000000083600000| Untracked 
|  55|0x0000000083700000, 0x0000000083700000, 0x0000000083800000|  0%| F|  |TAMS 0x0000000083700000, 0x0000000083700000| Untracked 
|  56|0x0000000083800000, 0x0000000083800000, 0x0000000083900000|  0%| F|  |TAMS 0x0000000083800000, 0x0000000083800000| Untracked 
|  57|0x0000000083900000, 0x0000000083900000, 0x0000000083a00000|  0%| F|  |TAMS 0x0000000083900000, 0x0000000083900000| Untracked 
|  58|0x0000000083a00000, 0x0000000083a00000, 0x0000000083b00000|  0%| F|  |TAMS 0x0000000083a00000, 0x0000000083a00000| Untracked 
|  59|0x0000000083b00000, 0x0000000083b00000, 0x0000000083c00000|  0%| F|  |TAMS 0x0000000083b00000, 0x0000000083b00000| Untracked 
|  60|0x0000000083c00000, 0x0000000083c00000, 0x0000000083d00000|  0%| F|  |TAMS 0x0000000083c00000, 0x0000000083c00000| Untracked 
|  61|0x0000000083d00000, 0x0000000083d00000, 0x0000000083e00000|  0%| F|  |TAMS 0x0000000083d00000, 0x0000000083d00000| Untracked 
|  62|0x0000000083e00000, 0x0000000083e00000, 0x0000000083f00000|  0%| F|  |TAMS 0x0000000083e00000, 0x0000000083e00000| Untracked 
|  63|0x0000000083f00000, 0x0000000083f00000, 0x0000000084000000|  0%| F|  |TAMS 0x0000000083f00000, 0x0000000083f00000| Untracked 
|  64|0x0000000084000000, 0x0000000084000000, 0x0000000084100000|  0%| F|  |TAMS 0x0000000084000000, 0x0000000084000000| Untracked 
|  65|0x0000000084100000, 0x0000000084100000, 0x0000000084200000|  0%| F|  |TAMS 0x0000000084100000, 0x0000000084100000| Untracked 
|  66|0x0000000084200000, 0x0000000084200000, 0x0000000084300000|  0%| F|  |TAMS 0x0000000084200000, 0x0000000084200000| Untracked 
|  67|0x0000000084300000, 0x0000000084300000, 0x0000000084400000|  0%| F|  |TAMS 0x0000000084300000, 0x0000000084300000| Untracked 
|  68|0x0000000084400000, 0x0000000084400000, 0x0000000084500000|  0%| F|  |TAMS 0x0000000084400000, 0x0000000084400000| Untracked 
|  69|0x0000000084500000, 0x0000000084500000, 0x0000000084600000|  0%| F|  |TAMS 0x0000000084500000, 0x0000000084500000| Untracked 
|  70|0x0000000084600000, 0x0000000084600000, 0x0000000084700000|  0%| F|  |TAMS 0x0000000084600000, 0x0000000084600000| Untracked 
|  71|0x0000000084700000, 0x0000000084700000, 0x0000000084800000|  0%| F|  |TAMS 0x0000000084700000, 0x0000000084700000| Untracked 
|  72|0x0000000084800000, 0x0000000084800000, 0x0000000084900000|  0%| F|  |TAMS 0x0000000084800000, 0x0000000084800000| Untracked 
|  73|0x0000000084900000, 0x0000000084900000, 0x0000000084a00000|  0%| F|  |TAMS 0x0000000084900000, 0x0000000084900000| Untracked 
|  74|0x0000000084a00000, 0x0000000084a00000, 0x0000000084b00000|  0%| F|  |TAMS 0x0000000084a00000, 0x0000000084a00000| Untracked 
|  75|0x0000000084b00000, 0x0000000084b00000, 0x0000000084c00000|  0%| F|  |TAMS 0x0000000084b00000, 0x0000000084b00000| Untracked 
|  76|0x0000000084c00000, 0x0000000084c00000, 0x0000000084d00000|  0%| F|  |TAMS 0x0000000084c00000, 0x0000000084c00000| Untracked 
|  77|0x0000000084d00000, 0x0000000084d00000, 0x0000000084e00000|  0%| F|  |TAMS 0x0000000084d00000, 0x0000000084d00000| Untracked 
|  78|0x0000000084e00000, 0x0000000084e00000, 0x0000000084f00000|  0%| F|  |TAMS 0x0000000084e00000, 0x0000000084e00000| Untracked 
|  79|0x0000000084f00000, 0x0000000084f00000, 0x0000000085000000|  0%| F|  |TAMS 0x0000000084f00000, 0x0000000084f00000| Untracked 
|  80|0x0000000085000000, 0x0000000085000000, 0x0000000085100000|  0%| F|  |TAMS 0x0000000085000000, 0x0000000085000000| Untracked 
|  81|0x0000000085100000, 0x0000000085100000, 0x0000000085200000|  0%| F|  |TAMS 0x0000000085100000, 0x0000000085100000| Untracked 
|  82|0x0000000085200000, 0x0000000085200000, 0x0000000085300000|  0%| F|  |TAMS 0x0000000085200000, 0x0000000085200000| Untracked 
|  83|0x0000000085300000, 0x0000000085300000, 0x0000000085400000|  0%| F|  |TAMS 0x0000000085300000, 0x0000000085300000| Untracked 
|  84|0x0000000085400000, 0x0000000085400000, 0x0000000085500000|  0%| F|  |TAMS 0x0000000085400000, 0x0000000085400000| Untracked 
|  85|0x0000000085500000, 0x0000000085500000, 0x0000000085600000|  0%| F|  |TAMS 0x0000000085500000, 0x0000000085500000| Untracked 
|  86|0x0000000085600000, 0x0000000085600000, 0x0000000085700000|  0%| F|  |TAMS 0x0000000085600000, 0x0000000085600000| Untracked 
|  87|0x0000000085700000, 0x0000000085700000, 0x0000000085800000|  0%| F|  |TAMS 0x0000000085700000, 0x0000000085700000| Untracked 
|  88|0x0000000085800000, 0x0000000085800000, 0x0000000085900000|  0%| F|  |TAMS 0x0000000085800000, 0x0000000085800000| Untracked 
|  89|0x0000000085900000, 0x0000000085900000, 0x0000000085a00000|  0%| F|  |TAMS 0x0000000085900000, 0x0000000085900000| Untracked 
|  90|0x0000000085a00000, 0x0000000085a00000, 0x0000000085b00000|  0%| F|  |TAMS 0x0000000085a00000, 0x0000000085a00000| Untracked 
|  91|0x0000000085b00000, 0x0000000085b00000, 0x0000000085c00000|  0%| F|  |TAMS 0x0000000085b00000, 0x0000000085b00000| Untracked 
|  92|0x0000000085c00000, 0x0000000085c00000, 0x0000000085d00000|  0%| F|  |TAMS 0x0000000085c00000, 0x0000000085c00000| Untracked 
|  93|0x0000000085d00000, 0x0000000085d98310, 0x0000000085e00000| 59%| S|CS|TAMS 0x0000000085d00000, 0x0000000085d00000| Complete 
|  94|0x0000000085e00000, 0x0000000085f00000, 0x0000000085f00000|100%| S|CS|TAMS 0x0000000085e00000, 0x0000000085e00000| Complete 
|  95|0x0000000085f00000, 0x0000000086000000, 0x0000000086000000|100%| S|CS|TAMS 0x0000000085f00000, 0x0000000085f00000| Complete 
|  96|0x0000000086000000, 0x0000000086000000, 0x0000000086100000|  0%| F|  |TAMS 0x0000000086000000, 0x0000000086000000| Untracked 
|  97|0x0000000086100000, 0x0000000086100000, 0x0000000086200000|  0%| F|  |TAMS 0x0000000086100000, 0x0000000086100000| Untracked 
|  98|0x0000000086200000, 0x0000000086200000, 0x0000000086300000|  0%| F|  |TAMS 0x0000000086200000, 0x0000000086200000| Untracked 
|  99|0x0000000086300000, 0x0000000086300000, 0x0000000086400000|  0%| F|  |TAMS 0x0000000086300000, 0x0000000086300000| Untracked 
| 100|0x0000000086400000, 0x0000000086400000, 0x0000000086500000|  0%| F|  |TAMS 0x0000000086400000, 0x0000000086400000| Untracked 
| 101|0x0000000086500000, 0x0000000086500000, 0x0000000086600000|  0%| F|  |TAMS 0x0000000086500000, 0x0000000086500000| Untracked 
| 102|0x0000000086600000, 0x0000000086600000, 0x0000000086700000|  0%| F|  |TAMS 0x0000000086600000, 0x0000000086600000| Untracked 
| 103|0x0000000086700000, 0x0000000086700000, 0x0000000086800000|  0%| F|  |TAMS 0x0000000086700000, 0x0000000086700000| Untracked 
| 104|0x0000000086800000, 0x0000000086800000, 0x0000000086900000|  0%| F|  |TAMS 0x0000000086800000, 0x0000000086800000| Untracked 
| 105|0x0000000086900000, 0x0000000086900000, 0x0000000086a00000|  0%| F|  |TAMS 0x0000000086900000, 0x0000000086900000| Untracked 
| 106|0x0000000086a00000, 0x0000000086a00000, 0x0000000086b00000|  0%| F|  |TAMS 0x0000000086a00000, 0x0000000086a00000| Untracked 
| 107|0x0000000086b00000, 0x0000000086b00000, 0x0000000086c00000|  0%| F|  |TAMS 0x0000000086b00000, 0x0000000086b00000| Untracked 
| 108|0x0000000086c00000, 0x0000000086c00000, 0x0000000086d00000|  0%| F|  |TAMS 0x0000000086c00000, 0x0000000086c00000| Untracked 
| 109|0x0000000086d00000, 0x0000000086d00000, 0x0000000086e00000|  0%| F|  |TAMS 0x0000000086d00000, 0x0000000086d00000| Untracked 
| 110|0x0000000086e00000, 0x0000000086e00000, 0x0000000086f00000|  0%| F|  |TAMS 0x0000000086e00000, 0x0000000086e00000| Untracked 
| 111|0x0000000086f00000, 0x0000000086f00000, 0x0000000087000000|  0%| F|  |TAMS 0x0000000086f00000, 0x0000000086f00000| Untracked 
| 112|0x0000000087000000, 0x0000000087000000, 0x0000000087100000|  0%| F|  |TAMS 0x0000000087000000, 0x0000000087000000| Untracked 
| 113|0x0000000087100000, 0x0000000087100000, 0x0000000087200000|  0%| F|  |TAMS 0x0000000087100000, 0x0000000087100000| Untracked 
| 114|0x0000000087200000, 0x0000000087200000, 0x0000000087300000|  0%| F|  |TAMS 0x0000000087200000, 0x0000000087200000| Untracked 
| 115|0x0000000087300000, 0x0000000087300000, 0x0000000087400000|  0%| F|  |TAMS 0x0000000087300000, 0x0000000087300000| Untracked 
| 116|0x0000000087400000, 0x0000000087400000, 0x0000000087500000|  0%| F|  |TAMS 0x0000000087400000, 0x0000000087400000| Untracked 
| 117|0x0000000087500000, 0x0000000087500000, 0x0000000087600000|  0%| F|  |TAMS 0x0000000087500000, 0x0000000087500000| Untracked 
| 118|0x0000000087600000, 0x0000000087600000, 0x0000000087700000|  0%| F|  |TAMS 0x0000000087600000, 0x0000000087600000| Untracked 
| 119|0x0000000087700000, 0x0000000087700000, 0x0000000087800000|  0%| F|  |TAMS 0x0000000087700000, 0x0000000087700000| Untracked 
| 120|0x0000000087800000, 0x0000000087800000, 0x0000000087900000|  0%| F|  |TAMS 0x0000000087800000, 0x0000000087800000| Untracked 
| 121|0x0000000087900000, 0x0000000087900000, 0x0000000087a00000|  0%| F|  |TAMS 0x0000000087900000, 0x0000000087900000| Untracked 
| 122|0x0000000087a00000, 0x0000000087a00000, 0x0000000087b00000|  0%| F|  |TAMS 0x0000000087a00000, 0x0000000087a00000| Untracked 
| 123|0x0000000087b00000, 0x0000000087b00000, 0x0000000087c00000|  0%| F|  |TAMS 0x0000000087b00000, 0x0000000087b00000| Untracked 
| 124|0x0000000087c00000, 0x0000000087c00000, 0x0000000087d00000|  0%| F|  |TAMS 0x0000000087c00000, 0x0000000087c00000| Untracked 
| 125|0x0000000087d00000, 0x0000000087d00000, 0x0000000087e00000|  0%| F|  |TAMS 0x0000000087d00000, 0x0000000087d00000| Untracked 
| 126|0x0000000087e00000, 0x0000000087e00000, 0x0000000087f00000|  0%| F|  |TAMS 0x0000000087e00000, 0x0000000087e00000| Untracked 
| 127|0x0000000087f00000, 0x0000000087f00000, 0x0000000088000000|  0%| F|  |TAMS 0x0000000087f00000, 0x0000000087f00000| Untracked 
| 128|0x0000000088000000, 0x0000000088000000, 0x0000000088100000|  0%| F|  |TAMS 0x0000000088000000, 0x0000000088000000| Untracked 
| 129|0x0000000088100000, 0x0000000088100000, 0x0000000088200000|  0%| F|  |TAMS 0x0000000088100000, 0x0000000088100000| Untracked 
| 130|0x0000000088200000, 0x0000000088200000, 0x0000000088300000|  0%| F|  |TAMS 0x0000000088200000, 0x0000000088200000| Untracked 
| 131|0x0000000088300000, 0x0000000088300000, 0x0000000088400000|  0%| F|  |TAMS 0x0000000088300000, 0x0000000088300000| Untracked 
| 132|0x0000000088400000, 0x0000000088400000, 0x0000000088500000|  0%| F|  |TAMS 0x0000000088400000, 0x0000000088400000| Untracked 
| 133|0x0000000088500000, 0x0000000088500000, 0x0000000088600000|  0%| F|  |TAMS 0x0000000088500000, 0x0000000088500000| Untracked 
| 134|0x0000000088600000, 0x0000000088600000, 0x0000000088700000|  0%| F|  |TAMS 0x0000000088600000, 0x0000000088600000| Untracked 
| 135|0x0000000088700000, 0x0000000088780e50, 0x0000000088800000| 50%| E|  |TAMS 0x0000000088700000, 0x0000000088700000| Complete 
| 136|0x0000000088800000, 0x0000000088900000, 0x0000000088900000|100%| E|CS|TAMS 0x0000000088800000, 0x0000000088800000| Complete 
| 137|0x0000000088900000, 0x0000000088a00000, 0x0000000088a00000|100%| E|CS|TAMS 0x0000000088900000, 0x0000000088900000| Complete 
| 138|0x0000000088a00000, 0x0000000088b00000, 0x0000000088b00000|100%| E|  |TAMS 0x0000000088a00000, 0x0000000088a00000| Complete 
| 139|0x0000000088b00000, 0x0000000088c00000, 0x0000000088c00000|100%| E|CS|TAMS 0x0000000088b00000, 0x0000000088b00000| Complete 
| 140|0x0000000088c00000, 0x0000000088d00000, 0x0000000088d00000|100%| E|CS|TAMS 0x0000000088c00000, 0x0000000088c00000| Complete 
| 141|0x0000000088d00000, 0x0000000088e00000, 0x0000000088e00000|100%| E|CS|TAMS 0x0000000088d00000, 0x0000000088d00000| Complete 
| 142|0x0000000088e00000, 0x0000000088f00000, 0x0000000088f00000|100%| E|CS|TAMS 0x0000000088e00000, 0x0000000088e00000| Complete 
| 143|0x0000000088f00000, 0x0000000089000000, 0x0000000089000000|100%| E|CS|TAMS 0x0000000088f00000, 0x0000000088f00000| Complete 
| 144|0x0000000089000000, 0x0000000089100000, 0x0000000089100000|100%| E|CS|TAMS 0x0000000089000000, 0x0000000089000000| Complete 
| 145|0x0000000089100000, 0x0000000089200000, 0x0000000089200000|100%| E|CS|TAMS 0x0000000089100000, 0x0000000089100000| Complete 
| 146|0x0000000089200000, 0x0000000089300000, 0x0000000089300000|100%| E|CS|TAMS 0x0000000089200000, 0x0000000089200000| Complete 
| 147|0x0000000089300000, 0x0000000089400000, 0x0000000089400000|100%| E|CS|TAMS 0x0000000089300000, 0x0000000089300000| Complete 
| 148|0x0000000089400000, 0x0000000089500000, 0x0000000089500000|100%| E|CS|TAMS 0x0000000089400000, 0x0000000089400000| Complete 
| 149|0x0000000089500000, 0x0000000089600000, 0x0000000089600000|100%| E|CS|TAMS 0x0000000089500000, 0x0000000089500000| Complete 
| 150|0x0000000089600000, 0x0000000089700000, 0x0000000089700000|100%| E|CS|TAMS 0x0000000089600000, 0x0000000089600000| Complete 
| 151|0x0000000089700000, 0x0000000089800000, 0x0000000089800000|100%| E|CS|TAMS 0x0000000089700000, 0x0000000089700000| Complete 
| 152|0x0000000089800000, 0x0000000089900000, 0x0000000089900000|100%| E|CS|TAMS 0x0000000089800000, 0x0000000089800000| Complete 
| 153|0x0000000089900000, 0x0000000089a00000, 0x0000000089a00000|100%| E|CS|TAMS 0x0000000089900000, 0x0000000089900000| Complete 

Card table byte_map: [0x000001c9b1910000,0x000001c9b1d10000] _byte_map_base: 0x000001c9b1510000

Marking Bits (Prev, Next): (CMBitMap*) 0x000001c99c7da8f0, (CMBitMap*) 0x000001c99c7da8b8
 Prev Bits: [0x000001c9b4110000, 0x000001c9b6110000)
 Next Bits: [0x000001c9b2110000, 0x000001c9b4110000)

Polling page: 0x000001c99c870000

Metaspace:

Usage:
  Non-class:     52.53 MB capacity,    51.61 MB ( 98%) used,   779.85 KB (  1%) free+waste,   160.56 KB ( <1%) overhead. 
      Class:      8.09 MB capacity,     7.55 MB ( 93%) used,   475.16 KB (  6%) free+waste,    76.25 KB ( <1%) overhead. 
       Both:     60.62 MB capacity,    59.16 MB ( 98%) used,     1.23 MB (  2%) free+waste,   236.81 KB ( <1%) overhead. 

Virtual space:
  Non-class space:       54.00 MB reserved,      52.75 MB ( 98%) committed 
      Class space:        1.00 GB reserved,       8.20 MB ( <1%) committed 
             Both:        1.05 GB reserved,      60.95 MB (  6%) committed 

Chunk freelists:
   Non-Class:  36.00 KB
       Class:  6.00 KB
        Both:  42.00 KB

MaxMetaspaceSize: 17179869184.00 GB
CompressedClassSpaceSize: 1.00 GB
Initial GC threshold: 20.80 MB
Current GC threshold: 98.46 MB
CDS: off

CodeHeap 'non-profiled nmethods': size=120000Kb used=3476Kb max_used=3476Kb free=116524Kb
 bounds [0x000001c9a9570000, 0x000001c9a98e0000, 0x000001c9b0aa0000]
CodeHeap 'profiled nmethods': size=120000Kb used=12348Kb max_used=12348Kb free=107651Kb
 bounds [0x000001c9a2040000, 0x000001c9a2c50000, 0x000001c9a9570000]
CodeHeap 'non-nmethods': size=5760Kb used=2332Kb max_used=2373Kb free=3427Kb
 bounds [0x000001c9a1aa0000, 0x000001c9a1d10000, 0x000001c9a2040000]
 total_blobs=6749 nmethods=5913 adapters=748
 compilation: enabled
              stopped_count=0, restarted_count=0
 full_count=0

Compilation events (20 events):
Event: 6.713 Thread 0x000001c9b8c37800 nmethod 5883 0x000001c9a2c34c90 code [0x000001c9a2c34e40, 0x000001c9a2c34f38]
Event: 6.713 Thread 0x000001c9b8c37800 5884       3       java.nio.HeapByteBuffer::getChar (25 bytes)
Event: 6.713 Thread 0x000001c9b8c37800 nmethod 5884 0x000001c9a2c35010 code [0x000001c9a2c35200, 0x000001c9a2c35668]
Event: 6.713 Thread 0x000001c9b8c37800 5880       3       jdk.internal.misc.Unsafe::getCharUnaligned (34 bytes)
Event: 6.713 Thread 0x000001c9b8c37800 nmethod 5880 0x000001c9a2c35890 code [0x000001c9a2c35a60, 0x000001c9a2c35df8]
Event: 6.713 Thread 0x000001c9b8c37800 5887       3       java.lang.StringUTF16::putChar (54 bytes)
Event: 6.714 Thread 0x000001c9b8c37800 nmethod 5887 0x000001c9a2c35f90 code [0x000001c9a2c36140, 0x000001c9a2c36278]
Event: 6.714 Thread 0x000001c9b8c37800 5889       3       java.lang.CharacterDataLatin1::isWhitespace (23 bytes)
Event: 6.714 Thread 0x000001c9b8c37800 nmethod 5889 0x000001c9a2c36390 code [0x000001c9a2c36540, 0x000001c9a2c36738]
Event: 6.716 Thread 0x000001c9b8c37800 5890       3       java.security.MessageDigest$Delegate::<init> (11 bytes)
Event: 6.717 Thread 0x000001c9b8c37800 nmethod 5890 0x000001c9a2c36890 code [0x000001c9a2c36a60, 0x000001c9a2c36d38]
Event: 6.718 Thread 0x000001c9bd0a1000 nmethod 5670 0x000001c9a98c4890 code [0x000001c9a98c4f60, 0x000001c9a98cc540]
Event: 6.719 Thread 0x000001c9bd0a1000 5848  s    4       java.io.ByteArrayOutputStream::write (32 bytes)
Event: 6.721 Thread 0x000001c9b8c37800 5891       3       java.math.BigInteger::implMulAdd (81 bytes)
Event: 6.722 Thread 0x000001c9b8c37800 nmethod 5891 0x000001c9a2c36e90 code [0x000001c9a2c37040, 0x000001c9a2c37278]
Event: 6.722 Thread 0x000001c9b8c37800 5892       3       java.math.BigInteger::mulAdd (19 bytes)
Event: 6.722 Thread 0x000001c9b8c37800 nmethod 5892 0x000001c9a2c37410 code [0x000001c9a2c375e0, 0x000001c9a2c37758]
Event: 6.722 Thread 0x000001c9b8c37800 5893       3       java.math.BigInteger::implMulAddCheck (173 bytes)
Event: 6.723 Thread 0x000001c9bd0a1000 nmethod 5848 0x000001c9a98d0890 code [0x000001c9a98d0a40, 0x000001c9a98d10d8]
Event: 6.723 Thread 0x000001c9bd0a1000 5860       4       java.math.BigInteger::destructiveMulAdd (150 bytes)

GC Heap History (20 events):
Event: 0.823 GC heap before
{Heap before GC invocations=1 (full 0):
 garbage-first heap   total 131072K, used 35096K [0x0000000080000000, 0x0000000100000000)
  region size 1024K, 28 young (28672K), 3 survivors (3072K)
 Metaspace       used 11219K, capacity 11446K, committed 11520K, reserved 1058816K
  class space    used 1176K, capacity 1246K, committed 1280K, reserved 1048576K
}
Event: 0.826 GC heap after
{Heap after GC invocations=2 (full 0):
 garbage-first heap   total 131072K, used 10469K [0x0000000080000000, 0x0000000100000000)
  region size 1024K, 1 young (1024K), 1 survivors (1024K)
 Metaspace       used 11219K, capacity 11446K, committed 11520K, reserved 1058816K
  class space    used 1176K, capacity 1246K, committed 1280K, reserved 1048576K
}
Event: 1.717 GC heap before
{Heap before GC invocations=2 (full 0):
 garbage-first heap   total 131072K, used 51429K [0x0000000080000000, 0x0000000100000000)
  region size 1024K, 41 young (41984K), 1 survivors (1024K)
 Metaspace       used 17020K, capacity 17329K, committed 17536K, reserved 1064960K
  class space    used 1975K, capacity 2101K, committed 2176K, reserved 1048576K
}
Event: 1.721 GC heap after
{Heap after GC invocations=3 (full 0):
 garbage-first heap   total 131072K, used 16144K [0x0000000080000000, 0x0000000100000000)
  region size 1024K, 6 young (6144K), 6 survivors (6144K)
 Metaspace       used 17020K, capacity 17329K, committed 17536K, reserved 1064960K
  class space    used 1975K, capacity 2101K, committed 2176K, reserved 1048576K
}
Event: 2.024 GC heap before
{Heap before GC invocations=3 (full 0):
 garbage-first heap   total 131072K, used 50960K [0x0000000080000000, 0x0000000100000000)
  region size 1024K, 41 young (41984K), 6 survivors (6144K)
 Metaspace       used 20778K, capacity 21155K, committed 21296K, reserved 1069056K
  class space    used 2567K, capacity 2718K, committed 2816K, reserved 1048576K
}
Event: 2.031 GC heap after
{Heap after GC invocations=4 (full 0):
 garbage-first heap   total 131072K, used 17994K [0x0000000080000000, 0x0000000100000000)
  region size 1024K, 2 young (2048K), 2 survivors (2048K)
 Metaspace       used 20778K, capacity 21155K, committed 21296K, reserved 1069056K
  class space    used 2567K, capacity 2718K, committed 2816K, reserved 1048576K
}
Event: 2.482 GC heap before
{Heap before GC invocations=5 (full 0):
 garbage-first heap   total 131072K, used 66122K [0x0000000080000000, 0x0000000100000000)
  region size 1024K, 50 young (51200K), 2 survivors (2048K)
 Metaspace       used 25984K, capacity 26523K, committed 26624K, reserved 1073152K
  class space    used 3370K, capacity 3555K, committed 3584K, reserved 1048576K
}
Event: 2.485 GC heap after
{Heap after GC invocations=6 (full 0):
 garbage-first heap   total 131072K, used 19701K [0x0000000080000000, 0x0000000100000000)
  region size 1024K, 4 young (4096K), 4 survivors (4096K)
 Metaspace       used 25984K, capacity 26523K, committed 26624K, reserved 1073152K
  class space    used 3370K, capacity 3555K, committed 3584K, reserved 1048576K
}
Event: 3.091 GC heap before
{Heap before GC invocations=6 (full 0):
 garbage-first heap   total 131072K, used 78069K [0x0000000080000000, 0x0000000100000000)
  region size 1024K, 61 young (62464K), 4 survivors (4096K)
 Metaspace       used 32560K, capacity 33268K, committed 33536K, reserved 1079296K
  class space    used 4316K, capacity 4576K, committed 4608K, reserved 1048576K
}
Event: 3.095 GC heap after
{Heap after GC invocations=7 (full 0):
 garbage-first heap   total 131072K, used 22167K [0x0000000080000000, 0x0000000100000000)
  region size 1024K, 6 young (6144K), 6 survivors (6144K)
 Metaspace       used 32560K, capacity 33268K, committed 33536K, reserved 1079296K
  class space    used 4316K, capacity 4576K, committed 4608K, reserved 1048576K
}
Event: 3.192 GC heap before
{Heap before GC invocations=7 (full 0):
 garbage-first heap   total 131072K, used 26263K [0x0000000080000000, 0x0000000100000000)
  region size 1024K, 11 young (11264K), 6 survivors (6144K)
 Metaspace       used 35022K, capacity 35803K, committed 35840K, reserved 1081344K
  class space    used 4554K, capacity 4847K, committed 4864K, reserved 1048576K
}
Event: 3.198 GC heap after
{Heap after GC invocations=8 (full 0):
 garbage-first heap   total 131072K, used 23394K [0x0000000080000000, 0x0000000100000000)
  region size 1024K, 6 young (6144K), 6 survivors (6144K)
 Metaspace       used 35022K, capacity 35803K, committed 35840K, reserved 1081344K
  class space    used 4554K, capacity 4847K, committed 4864K, reserved 1048576K
}
Event: 3.720 GC heap before
{Heap before GC invocations=9 (full 0):
 garbage-first heap   total 131072K, used 83810K [0x0000000080000000, 0x0000000100000000)
  region size 1024K, 63 young (64512K), 6 survivors (6144K)
 Metaspace       used 39648K, capacity 40550K, committed 40832K, reserved 1085440K
  class space    used 5083K, capacity 5424K, committed 5504K, reserved 1048576K
}
Event: 3.727 GC heap after
{Heap after GC invocations=10 (full 0):
 garbage-first heap   total 157696K, used 28273K [0x0000000080000000, 0x0000000100000000)
  region size 1024K, 8 young (8192K), 8 survivors (8192K)
 Metaspace       used 39648K, capacity 40550K, committed 40832K, reserved 1085440K
  class space    used 5083K, capacity 5424K, committed 5504K, reserved 1048576K
}
Event: 4.625 GC heap before
{Heap before GC invocations=10 (full 0):
 garbage-first heap   total 157696K, used 104049K [0x0000000080000000, 0x0000000100000000)
  region size 1024K, 81 young (82944K), 8 survivors (8192K)
 Metaspace       used 46221K, capacity 47360K, committed 47616K, reserved 1091584K
  class space    used 5957K, capacity 6362K, committed 6400K, reserved 1048576K
}
Event: 4.634 GC heap after
{Heap after GC invocations=11 (full 0):
 garbage-first heap   total 157696K, used 30720K [0x0000000080000000, 0x0000000100000000)
  region size 1024K, 8 young (8192K), 8 survivors (8192K)
 Metaspace       used 46221K, capacity 47360K, committed 47616K, reserved 1091584K
  class space    used 5957K, capacity 6362K, committed 6400K, reserved 1048576K
}
Event: 5.802 GC heap before
{Heap before GC invocations=11 (full 0):
 garbage-first heap   total 157696K, used 112640K [0x0000000080000000, 0x0000000100000000)
  region size 1024K, 84 young (86016K), 8 survivors (8192K)
 Metaspace       used 49917K, capacity 51181K, committed 51456K, reserved 1093632K
  class space    used 6405K, capacity 6874K, committed 6912K, reserved 1048576K
}
Event: 5.812 GC heap after
{Heap after GC invocations=12 (full 0):
 garbage-first heap   total 157696K, used 44010K [0x0000000080000000, 0x0000000100000000)
  region size 1024K, 11 young (11264K), 11 survivors (11264K)
 Metaspace       used 49917K, capacity 51181K, committed 51456K, reserved 1093632K
  class space    used 6405K, capacity 6874K, committed 6912K, reserved 1048576K
}
Event: 6.555 GC heap before
{Heap before GC invocations=12 (full 0):
 garbage-first heap   total 157696K, used 102378K [0x0000000080000000, 0x0000000100000000)
  region size 1024K, 69 young (70656K), 11 survivors (11264K)
 Metaspace       used 58673K, capacity 60110K, committed 60160K, reserved 1101824K
  class space    used 7494K, capacity 8035K, committed 8064K, reserved 1048576K
}
Event: 6.574 GC heap after
{Heap after GC invocations=13 (full 0):
 garbage-first heap   total 157696K, used 46939K [0x0000000080000000, 0x0000000100000000)
  region size 1024K, 3 young (3072K), 3 survivors (3072K)
 Metaspace       used 58673K, capacity 60110K, committed 60160K, reserved 1101824K
  class space    used 7494K, capacity 8035K, committed 8064K, reserved 1048576K
}

Deoptimization events (20 events):
Event: 6.692 Thread 0x000001c9bae87000 Uncommon trap: trap_request=0xffffffc6 fr.pc=0x000001c9a9716bcc relative=0x00000000000006cc
Event: 6.692 Thread 0x000001c9bae87000 Uncommon trap: reason=bimorphic_or_optimized_type_check action=maybe_recompile pc=0x000001c9a9716bcc method=java.util.regex.Pattern$Start.match(Ljava/util/regex/Matcher;ILjava/lang/CharSequence;)Z @ 44 c2
Event: 6.692 Thread 0x000001c9bae87000 DEOPT PACKING pc=0x000001c9a9716bcc sp=0x00000025568f2360
Event: 6.692 Thread 0x000001c9bae87000 DEOPT UNPACKING pc=0x000001c9a1aea1af sp=0x00000025568f2360 mode 2
Event: 6.707 Thread 0x000001c9bae87000 Uncommon trap: trap_request=0xffffff4d fr.pc=0x000001c9a96f9a68 relative=0x00000000000001c8
Event: 6.707 Thread 0x000001c9bae87000 Uncommon trap: reason=unstable_if action=reinterpret pc=0x000001c9a96f9a68 method=java.util.Arrays.hashCode([B)I @ 1 c2
Event: 6.707 Thread 0x000001c9bae87000 DEOPT PACKING pc=0x000001c9a96f9a68 sp=0x00000025568f41a0
Event: 6.707 Thread 0x000001c9bae87000 DEOPT UNPACKING pc=0x000001c9a1aea1af sp=0x00000025568f4118 mode 2
Event: 6.707 Thread 0x000001c9bae87000 Uncommon trap: trap_request=0xffffff4d fr.pc=0x000001c9a9896044 relative=0x0000000000000484
Event: 6.707 Thread 0x000001c9bae87000 Uncommon trap: reason=unstable_if action=reinterpret pc=0x000001c9a9896044 method=java.lang.StringLatin1.regionMatchesCI([BI[BII)Z @ 66 c2
Event: 6.707 Thread 0x000001c9bae87000 DEOPT PACKING pc=0x000001c9a9896044 sp=0x00000025568f41b0
Event: 6.707 Thread 0x000001c9bae87000 DEOPT UNPACKING pc=0x000001c9a1aea1af sp=0x00000025568f4028 mode 2
Event: 6.708 Thread 0x000001c9bae87000 Uncommon trap: trap_request=0xffffff4d fr.pc=0x000001c9a961ffa0 relative=0x0000000000000080
Event: 6.708 Thread 0x000001c9bae87000 Uncommon trap: reason=unstable_if action=reinterpret pc=0x000001c9a961ffa0 method=java.lang.CharacterDataLatin1.isWhitespace(I)Z @ 14 c2
Event: 6.708 Thread 0x000001c9bae87000 DEOPT PACKING pc=0x000001c9a961ffa0 sp=0x00000025568f3ec0
Event: 6.708 Thread 0x000001c9bae87000 DEOPT UNPACKING pc=0x000001c9a1aea1af sp=0x00000025568f3e30 mode 2
Event: 6.713 Thread 0x000001c9bae87000 Uncommon trap: trap_request=0xffffff4d fr.pc=0x000001c9a960fb04 relative=0x0000000000000344
Event: 6.713 Thread 0x000001c9bae87000 Uncommon trap: reason=unstable_if action=reinterpret pc=0x000001c9a960fb04 method=java.lang.StringUTF16.compress([CII)[B @ 13 c2
Event: 6.713 Thread 0x000001c9bae87000 DEOPT PACKING pc=0x000001c9a960fb04 sp=0x00000025568f2640
Event: 6.713 Thread 0x000001c9bae87000 DEOPT UNPACKING pc=0x000001c9a1aea1af sp=0x00000025568f2508 mode 2

Classes redefined (0 events):
No events

Internal exceptions (20 events):
Event: 5.704 Thread 0x000001c9ba3ed800 Exception <a 'java/lang/NoSuchMethodError'{0x0000000085522780}: <clinit>> (0x0000000085522780) thrown at [./src/hotspot/share/prims/jni.cpp, line 1365]
Event: 5.705 Thread 0x000001c9ba3ed800 Exception <a 'java/lang/NoSuchMethodError'{0x0000000085535050}: <clinit>> (0x0000000085535050) thrown at [./src/hotspot/share/prims/jni.cpp, line 1365]
Event: 5.706 Thread 0x000001c9ba3ed800 Exception <a 'java/lang/NoSuchMethodError'{0x000000008553f5a8}: <clinit>> (0x000000008553f5a8) thrown at [./src/hotspot/share/prims/jni.cpp, line 1365]
Event: 5.708 Thread 0x000001c9ba3ed800 Exception <a 'java/lang/NoSuchMethodError'{0x0000000085553608}: <clinit>> (0x0000000085553608) thrown at [./src/hotspot/share/prims/jni.cpp, line 1365]
Event: 5.715 Thread 0x000001c9bae87000 Exception <a 'java/lang/ClassNotFoundException'{0x0000000085597b78}: build_8wgtb33pxj7qw8yadycg2o1x3BeanInfo> (0x0000000085597b78) thrown at [./src/hotspot/share/classfile/systemDictionary.cpp, line 231]
Event: 5.716 Thread 0x000001c9bae87000 Exception <a 'java/lang/ClassNotFoundException'{0x00000000855a2b30}: build_8wgtb33pxj7qw8yadycg2o1x3Customizer> (0x00000000855a2b30) thrown at [./src/hotspot/share/classfile/systemDictionary.cpp, line 231]
Event: 5.740 Thread 0x000001c9bae87000 Exception <a 'java/lang/ClassNotFoundException'{0x000000008532d270}: org/gradle/api/internal/plugins/DefaultObjectConfigurationActionBeanInfo> (0x000000008532d270) thrown at [./src/hotspot/share/classfile/systemDictionary.cpp, line 231]
Event: 5.741 Thread 0x000001c9bae87000 Exception <a 'java/lang/ClassNotFoundException'{0x0000000085362438}: org/gradle/api/internal/plugins/DefaultObjectConfigurationActionCustomizer> (0x0000000085362438) thrown at [./src/hotspot/share/classfile/systemDictionary.cpp, line 231]
Event: 5.861 Thread 0x000001c9bae87000 Exception <a 'java/lang/NoSuchMethodError'{0x00000000895a93f8}: 'java.lang.Object java.lang.invoke.DirectMethodHandle$Holder.invokeStatic(java.lang.Object, java.lang.Object, java.lang.Object, java.lang.Object, int)'> (0x00000000895a93f8) thrown at [./src/hotspot/share/interpreter/linkResolver.cpp, line 773]
Event: 5.861 Thread 0x000001c9bae87000 Exception <a 'java/lang/NoSuchMethodError'{0x00000000895addf0}: 'java.lang.Object java.lang.invoke.DirectMethodHandle$Holder.invokeSpecial(java.lang.Object, java.lang.Object, java.lang.Object, java.lang.Object, java.lang.Object, int)'> (0x00000000895addf0) thrown at [./src/hotspot/share/interpreter/linkResolver.cpp, line 773]
Event: 5.861 Thread 0x000001c9bae87000 Exception <a 'java/lang/NoSuchMethodError'{0x00000000895b2430}: 'java.lang.Object java.lang.invoke.Invokers$Holder.linkToTargetMethod(java.lang.Object, java.lang.Object, java.lang.Object, int, java.lang.Object)'> (0x00000000895b2430) thrown at [./src/hotspot/share/interpreter/linkResolver.cpp, line 773]
Event: 6.023 Thread 0x000001c9bae87000 Exception <a 'java/lang/NoSuchMethodError'{0x0000000088535a80}: 'java.lang.Object java.lang.invoke.DirectMethodHandle$Holder.invokeSpecial(java.lang.Object, java.lang.Object, int, int, java.lang.Object, java.lang.Object, java.lang.Object)'> (0x0000000088535a80) thrown at [./src/hotspot/share/interpreter/linkResolver.cpp, line 773]
Event: 6.023 Thread 0x000001c9bae87000 Exception <a 'java/lang/NoSuchMethodError'{0x000000008853a000}: 'java.lang.Object java.lang.invoke.DelegatingMethodHandle$Holder.reinvoke_L(java.lang.Object, int, int, java.lang.Object, java.lang.Object, java.lang.Object)'> (0x000000008853a000) thrown at [./src/hotspot/share/interpreter/linkResolver.cpp, line 773]
Event: 6.179 Thread 0x000001c9bae87000 Exception <a 'java/lang/NoSuchMethodError'{0x00000000879b4ee0}: 'int java.lang.invoke.DirectMethodHandle$Holder.invokeInterface(java.lang.Object, java.lang.Object, java.lang.Object, java.lang.Object)'> (0x00000000879b4ee0) thrown at [./src/hotspot/share/interpreter/linkResolver.cpp, line 773]
Event: 6.417 Thread 0x000001c9bae87000 Exception <a 'java/lang/NoSuchMethodError'{0x00000000869b07b8}: 'void java.lang.invoke.DirectMethodHandle$Holder.invokeInterface(java.lang.Object, java.lang.Object, java.lang.Object, java.lang.Object)'> (0x00000000869b07b8) thrown at [./src/hotspot/share/interpreter/linkResolver.cpp, line 773]
Event: 6.528 Thread 0x000001c9bae87000 Exception <a 'java/lang/IncompatibleClassChangeError'{0x00000000860391b8}: Found class java.lang.Object, but interface was expected> (0x00000000860391b8) thrown at [./src/hotspot/share/interpreter/linkResolver.cpp, line 839]
Event: 6.592 Thread 0x000001c9bae87000 Implicit null exception at 0x000001c9a985c954 to 0x000001c9a985cb38
Event: 6.593 Thread 0x000001c9bae87000 Implicit null exception at 0x000001c9a985d7bb to 0x000001c9a985f234
Event: 6.659 Thread 0x000001c9bae87000 Implicit null exception at 0x000001c9a96d958b to 0x000001c9a96d9664
Event: 6.707 Thread 0x000001c9bae87000 Implicit null exception at 0x000001c9a96f98ac to 0x000001c9a96f9a5a

Events (20 events):
Event: 6.716 loading class java/security/PrivateKey done
Event: 6.716 loading class java/security/interfaces/RSAPrivateKey done
Event: 6.716 loading class sun/security/rsa/RSASignature$SHA1withRSA
Event: 6.716 loading class sun/security/rsa/RSASignature
Event: 6.716 loading class sun/security/rsa/RSASignature done
Event: 6.716 loading class sun/security/rsa/RSASignature$SHA1withRSA done
Event: 6.716 loading class sun/security/rsa/RSAPrivateKeyImpl
Event: 6.717 loading class sun/security/pkcs/PKCS8Key
Event: 6.717 loading class sun/security/pkcs/PKCS8Key done
Event: 6.717 loading class sun/security/rsa/RSAPrivateKeyImpl done
Event: 6.717 loading class sun/security/rsa/RSAPrivateCrtKeyImpl
Event: 6.717 loading class java/security/interfaces/RSAPrivateCrtKey
Event: 6.717 loading class java/security/interfaces/RSAPrivateCrtKey done
Event: 6.717 loading class sun/security/rsa/RSAPrivateCrtKeyImpl done
Event: 6.717 loading class sun/security/rsa/RSAUtil$1
Event: 6.717 loading class sun/security/rsa/RSAUtil$1 done
Event: 6.717 loading class sun/security/rsa/RSACore
Event: 6.717 loading class sun/security/rsa/RSACore done
Event: 6.718 loading class sun/security/rsa/RSAPadding
Event: 6.718 loading class sun/security/rsa/RSAPadding done


Dynamic libraries:
0x00007ff79c4b0000 - 0x00007ff79c4ba000 	C:\Program Files\Android\Android Studio\jre\bin\java.exe
0x00007ffe9e610000 - 0x00007ffe9e824000 	C:\WINDOWS\SYSTEM32\ntdll.dll
0x00007ffe9d270000 - 0x00007ffe9d332000 	C:\WINDOWS\System32\KERNEL32.DLL
0x00007ffe9ba50000 - 0x00007ffe9bdec000 	C:\WINDOWS\System32\KERNELBASE.dll
0x00007ffe9c150000 - 0x00007ffe9c261000 	C:\WINDOWS\System32\ucrtbase.dll
0x00007ffe7a910000 - 0x00007ffe7a929000 	C:\Program Files\Android\Android Studio\jre\bin\jli.dll
0x00007ffe6dd10000 - 0x00007ffe6dd27000 	C:\Program Files\Android\Android Studio\jre\bin\VCRUNTIME140.dll
0x00007ffe9de30000 - 0x00007ffe9dfda000 	C:\WINDOWS\System32\USER32.dll
0x00007ffe89d30000 - 0x00007ffe89fbe000 	C:\WINDOWS\WinSxS\amd64_microsoft.windows.common-controls_6595b64144ccf1df_6.0.22621.436_none_a94247dbc10d8414\COMCTL32.dll
0x00007ffe9bdf0000 - 0x00007ffe9be16000 	C:\WINDOWS\System32\win32u.dll
0x00007ffe9e240000 - 0x00007ffe9e2e7000 	C:\WINDOWS\System32\msvcrt.dll
0x00007ffe9e040000 - 0x00007ffe9e069000 	C:\WINDOWS\System32\GDI32.dll
0x00007ffe9be20000 - 0x00007ffe9bf32000 	C:\WINDOWS\System32\gdi32full.dll
0x00007ffe9c0b0000 - 0x00007ffe9c14a000 	C:\WINDOWS\System32\msvcp_win.dll
0x00007ffe9cdc0000 - 0x00007ffe9cdf1000 	C:\WINDOWS\System32\IMM32.DLL
0x00007ffe635e0000 - 0x00007ffe6367d000 	C:\Program Files\Android\Android Studio\jre\bin\msvcp140.dll
0x00007ffe0ddd0000 - 0x00007ffe0e8b5000 	C:\Program Files\Android\Android Studio\jre\bin\server\jvm.dll
0x00007ffe9d120000 - 0x00007ffe9d1ce000 	C:\WINDOWS\System32\ADVAPI32.dll
0x00007ffe9e070000 - 0x00007ffe9e114000 	C:\WINDOWS\System32\sechost.dll
0x00007ffe9d340000 - 0x00007ffe9d455000 	C:\WINDOWS\System32\RPCRT4.dll
0x00007ffe9e2f0000 - 0x00007ffe9e2f8000 	C:\WINDOWS\System32\PSAPI.DLL
0x00007ffe97320000 - 0x00007ffe97329000 	C:\WINDOWS\SYSTEM32\WSOCK32.dll
0x00007ffe94800000 - 0x00007ffe94834000 	C:\WINDOWS\SYSTEM32\WINMM.dll
0x00007ffe947f0000 - 0x00007ffe947fa000 	C:\WINDOWS\SYSTEM32\VERSION.dll
0x00007ffe9d4d0000 - 0x00007ffe9d541000 	C:\WINDOWS\System32\WS2_32.dll
0x00007ffe9abc0000 - 0x00007ffe9abd8000 	C:\WINDOWS\SYSTEM32\kernel.appcore.dll
0x00007ffe974c0000 - 0x00007ffe974d1000 	C:\Program Files\Android\Android Studio\jre\bin\verify.dll
0x00007ffe81b70000 - 0x00007ffe81d9e000 	C:\WINDOWS\SYSTEM32\DBGHELP.DLL
0x00007ffe9c9d0000 - 0x00007ffe9cd59000 	C:\WINDOWS\System32\combase.dll
0x00007ffe9c420000 - 0x00007ffe9c4f7000 	C:\WINDOWS\System32\OLEAUT32.dll
0x00007ffe88640000 - 0x00007ffe88672000 	C:\WINDOWS\SYSTEM32\dbgcore.DLL
0x00007ffe9c330000 - 0x00007ffe9c3ab000 	C:\WINDOWS\System32\bcryptPrimitives.dll
0x00007ffe97490000 - 0x00007ffe974b9000 	C:\Program Files\Android\Android Studio\jre\bin\java.dll
0x00007ffe97480000 - 0x00007ffe9748b000 	C:\Program Files\Android\Android Studio\jre\bin\jimage.dll
0x00007ffe97460000 - 0x00007ffe97478000 	C:\Program Files\Android\Android Studio\jre\bin\zip.dll
0x00007ffe9d650000 - 0x00007ffe9de2d000 	C:\WINDOWS\System32\SHELL32.dll
0x00007ffe99ac0000 - 0x00007ffe9a376000 	C:\WINDOWS\SYSTEM32\windows.storage.dll
0x00007ffe99980000 - 0x00007ffe99abd000 	C:\WINDOWS\SYSTEM32\wintypes.dll
0x00007ffe9e300000 - 0x00007ffe9e3f1000 	C:\WINDOWS\System32\SHCORE.dll
0x00007ffe9dfe0000 - 0x00007ffe9e03e000 	C:\WINDOWS\System32\shlwapi.dll
0x00007ffe9b980000 - 0x00007ffe9b9a1000 	C:\WINDOWS\SYSTEM32\profapi.dll
0x00007ffe97440000 - 0x00007ffe9745a000 	C:\Program Files\Android\Android Studio\jre\bin\net.dll
0x00007ffe944d0000 - 0x00007ffe945ff000 	C:\WINDOWS\SYSTEM32\WINHTTP.dll
0x00007ffe9b020000 - 0x00007ffe9b089000 	C:\WINDOWS\system32\mswsock.dll
0x00007ffe97420000 - 0x00007ffe97434000 	C:\Program Files\Android\Android Studio\jre\bin\nio.dll
0x00007ffe7d720000 - 0x00007ffe7d747000 	C:\Users\lenovo\.gradle\native\e1d6ef7f7dcc3fd88c89a11ec53ec762bb8ba0a96d01ffa2cd45eb1d1d8dd5c5\windows-amd64\native-platform.dll
0x00007ffe62f80000 - 0x00007ffe630c4000 	C:\Users\lenovo\.gradle\native\5664cfc778a61ccfe75a443a1ab52a65af34e5dc3c78e0209fed803814484fcb\windows-amd64\native-platform-file-events.dll
0x00007ffe97410000 - 0x00007ffe9741a000 	C:\Program Files\Android\Android Studio\jre\bin\management.dll
0x00007ffe883a0000 - 0x00007ffe883ad000 	C:\Program Files\Android\Android Studio\jre\bin\management_ext.dll
0x00007ffe9b260000 - 0x00007ffe9b27b000 	C:\WINDOWS\SYSTEM32\CRYPTSP.dll
0x00007ffe9ab30000 - 0x00007ffe9ab65000 	C:\WINDOWS\system32\rsaenh.dll
0x00007ffe9b110000 - 0x00007ffe9b138000 	C:\WINDOWS\SYSTEM32\USERENV.dll
0x00007ffe9b420000 - 0x00007ffe9b448000 	C:\WINDOWS\SYSTEM32\bcrypt.dll
0x00007ffe9b280000 - 0x00007ffe9b28c000 	C:\WINDOWS\SYSTEM32\CRYPTBASE.dll
0x00007ffe9a640000 - 0x00007ffe9a66d000 	C:\WINDOWS\SYSTEM32\IPHLPAPI.DLL
0x00007ffe9d100000 - 0x00007ffe9d109000 	C:\WINDOWS\System32\NSI.dll
0x00007ffe93b70000 - 0x00007ffe93b89000 	C:\WINDOWS\SYSTEM32\dhcpcsvc6.DLL
0x00007ffe93b30000 - 0x00007ffe93b4f000 	C:\WINDOWS\SYSTEM32\dhcpcsvc.DLL
0x00007ffe9a6b0000 - 0x00007ffe9a7a2000 	C:\WINDOWS\SYSTEM32\DNSAPI.dll

dbghelp: loaded successfully - version: 4.0.5 - missing functions: none
symbol engine: initialized successfully - sym options: 0x614 - pdb path: .;C:\Program Files\Android\Android Studio\jre\bin;C:\WINDOWS\SYSTEM32;C:\WINDOWS\WinSxS\amd64_microsoft.windows.common-controls_6595b64144ccf1df_6.0.22621.436_none_a94247dbc10d8414;C:\Program Files\Android\Android Studio\jre\bin\server;C:\Users\lenovo\.gradle\native\e1d6ef7f7dcc3fd88c89a11ec53ec762bb8ba0a96d01ffa2cd45eb1d1d8dd5c5\windows-amd64;C:\Users\lenovo\.gradle\native\5664cfc778a61ccfe75a443a1ab52a65af34e5dc3c78e0209fed803814484fcb\windows-amd64

VM Arguments:
jvm_args: --add-opens=java.base/java.util=ALL-UNNAMED --add-opens=java.base/java.lang=ALL-UNNAMED --add-opens=java.base/java.lang.invoke=ALL-UNNAMED --add-opens=java.base/java.util=ALL-UNNAMED --add-opens=java.prefs/java.util.prefs=ALL-UNNAMED --add-opens=java.prefs/java.util.prefs=ALL-UNNAMED --add-opens=java.base/java.nio.charset=ALL-UNNAMED --add-opens=java.base/java.net=ALL-UNNAMED --add-opens=java.base/java.util.concurrent.atomic=ALL-UNNAMED -Xmx2048m -Dfile.encoding=UTF-8 -Duser.country=IN -Duser.language=en -Duser.variant 
java_command: org.gradle.launcher.daemon.bootstrap.GradleDaemon 7.3.3
java_class_path (initial): C:\Users\lenovo\.gradle\wrapper\dists\gradle-7.3.3-bin\6a41zxkdtcxs8rphpq6y0069z\gradle-7.3.3\lib\gradle-launcher-7.3.3.jar
Launcher Type: SUN_STANDARD

[Global flags]
     intx CICompilerCount                          = 4                                         {product} {ergonomic}
     uint ConcGCThreads                            = 2                                         {product} {ergonomic}
     uint G1ConcRefinementThreads                  = 8                                         {product} {ergonomic}
   size_t G1HeapRegionSize                         = 1048576                                   {product} {ergonomic}
    uintx GCDrainStackTargetSize                   = 64                                        {product} {ergonomic}
   size_t InitialHeapSize                          = 134217728                                 {product} {ergonomic}
   size_t MarkStackSize                            = 4194304                                   {product} {ergonomic}
   size_t MaxHeapSize                              = 2147483648                                {product} {command line}
   size_t MaxNewSize                               = 1287651328                                {product} {ergonomic}
   size_t MinHeapDeltaBytes                        = 1048576                                   {product} {ergonomic}
    uintx NonNMethodCodeHeapSize                   = 5836300                                {pd product} {ergonomic}
    uintx NonProfiledCodeHeapSize                  = 122910970                              {pd product} {ergonomic}
    uintx ProfiledCodeHeapSize                     = 122910970                              {pd product} {ergonomic}
    uintx ReservedCodeCacheSize                    = 251658240                              {pd product} {ergonomic}
     bool SegmentedCodeCache                       = true                                      {product} {ergonomic}
     bool UseCompressedClassPointers               = true                                 {lp64_product} {ergonomic}
     bool UseCompressedOops                        = true                                 {lp64_product} {ergonomic}
     bool UseG1GC                                  = true                                      {product} {ergonomic}
     bool UseLargePagesIndividualAllocation        = false                                  {pd product} {ergonomic}

Logging:
Log output configuration:
 #0: stdout all=warning uptime,level,tags
 #1: stderr all=off uptime,level,tags

Environment Variables:
PATH=C:\oraclexe\app\oracle\product\10.2.0\server\bin;C:\Program Files\Common Files\Oracle\Java\javapath;C:\WINDOWS\system32;C:\WINDOWS;C:\WINDOWS\System32\Wbem;C:\WINDOWS\System32\WindowsPowerShell\v1.0\;C:\WINDOWS\System32\OpenSSH\;C:\Users\lenovo\AppData\Local\Microsoft\WindowsApps;C:\Users\lenovo\AppData\Local\Programs\Microsoft VS Code\bin;C:\MinGW\bin;C:\Flex Windows\gcc\bin;C:\Flex Windows\Lex\bin;C:\Flex Windows\bison\bin;
USERNAME=lenovo
OS=Windows_NT
PROCESSOR_IDENTIFIER=Intel64 Family 6 Model 158 Stepping 10, GenuineIntel



---------------  S Y S T E M  ---------------

OS: Windows 10 , 64 bit Build 22621 (10.0.22621.598)
OS uptime: 0 days 0:37 hours

CPU:total 8 (initial active 8) (4 cores per cpu, 2 threads per core) family 6 model 158 stepping 10 microcode 0xde, cmov, cx8, fxsr, mmx, sse, sse2, sse3, ssse3, sse4.1, sse4.2, popcnt, avx, avx2, aes, clmul, erms, 3dnowpref, lzcnt, ht, tsc, tscinvbit, bmi1, bmi2, adx, fma

Memory: 4k page, system-wide physical 8066M (490M free)
TotalPageFile size 10922M (AvailPageFile size 0M)
current process WorkingSet (physical memory assigned to process): 343M, peak: 347M
current process commit charge ("private bytes"): 398M, peak: 402M

vm_info: OpenJDK 64-Bit Server VM (11.0.12+7-b1504.28-7817840) for windows-amd64 JRE (11.0.12+7-b1504.28-7817840), built on Oct 13 2021 22:12:33 by "builder" with MS VC++ 14.0 (VS2015)

END.
